2017-12-08 18:43:09,113 - Velocimacro : adding VMs from VM library template : VM_global_library.vm
2017-12-08 18:43:09,121 - ResourceManager : unable to find resource 'VM_global_library.vm' in any resource loader.
2017-12-08 18:43:09,121 - Velocimacro : error using  VM library template VM_global_library.vm : org.apache.velocity.exception.ResourceNotFoundException: Unable to find resource 'VM_global_library.vm'
2017-12-08 18:43:09,122 - Velocimacro :  VM library template macro registration complete.
2017-12-08 18:43:09,122 - Velocimacro : allowInline = true : VMs can be defined inline in templates
2017-12-08 18:43:09,122 - Velocimacro : allowInlineToOverride = false : VMs defined inline may NOT replace previous VM definitions
2017-12-08 18:43:09,143 - Velocimacro : allowInlineLocal = false : VMs defined inline will be  global in scope if allowed.
2017-12-08 18:43:09,143 - Velocimacro : messages on  : VM system will output logging messages
2017-12-08 18:43:09,143 - Velocimacro : autoload off  : VM system will not automatically reload global library macros
2017-12-08 18:43:09,143 - Velocimacro : initialization complete.
2017-12-08 18:43:09,143 - Velocity successfully started.
2017-12-08 18:44:26,843 - SimpleLog4JLogSystem initialized using logfile 'velocity.log'
2017-12-08 18:44:26,844 - ************************************************************** 
2017-12-08 18:44:26,844 - Starting Jakarta Velocity v1.4
2017-12-08 18:44:26,844 - RuntimeInstance initializing.
2017-12-08 18:44:26,844 - Default Properties File: org\apache\velocity\runtime\defaults\velocity.properties
2017-12-08 18:44:26,844 - Trying to use logger class org.apache.velocity.runtime.log.SimpleLog4JLogSystem
2017-12-08 18:44:26,844 - Using logger class org.apache.velocity.runtime.log.SimpleLog4JLogSystem
2017-12-08 18:44:26,846 - Default ResourceManager initializing. (class org.apache.velocity.runtime.resource.ResourceManagerImpl)
2017-12-08 18:44:26,848 - Resource Loader Instantiated: org.apache.velocity.runtime.resource.loader.ClasspathResourceLoader
2017-12-08 18:44:26,848 - ClasspathResourceLoader : initialization starting.
2017-12-08 18:44:26,848 - ClasspathResourceLoader : initialization complete.
2017-12-08 18:44:26,849 - ResourceCache : initialized. (class org.apache.velocity.runtime.resource.ResourceCacheImpl)
2017-12-08 18:44:26,849 - Default ResourceManager initialization complete.
2017-12-08 18:44:26,852 - Loaded System Directive: org.apache.velocity.runtime.directive.Literal
2017-12-08 18:44:26,854 - Loaded System Directive: org.apache.velocity.runtime.directive.Macro
2017-12-08 18:44:26,857 - Loaded System Directive: org.apache.velocity.runtime.directive.Parse
2017-12-08 18:44:26,861 - Loaded System Directive: org.apache.velocity.runtime.directive.Include
2017-12-08 18:44:26,863 - Loaded System Directive: org.apache.velocity.runtime.directive.Foreach
2017-12-08 18:44:26,888 - Created: 20 parsers.
2017-12-08 18:44:26,893 - Velocimacro : initialization starting.
2017-12-08 18:44:26,893 - Velocimacro : adding VMs from VM library template : VM_global_library.vm
2017-12-08 18:44:26,900 - ResourceManager : unable to find resource 'VM_global_library.vm' in any resource loader.
2017-12-08 18:44:26,900 - Velocimacro : error using  VM library template VM_global_library.vm : org.apache.velocity.exception.ResourceNotFoundException: Unable to find resource 'VM_global_library.vm'
2017-12-08 18:44:26,900 - Velocimacro :  VM library template macro registration complete.
2017-12-08 18:44:26,900 - Velocimacro : allowInline = true : VMs can be defined inline in templates
2017-12-08 18:44:26,900 - Velocimacro : allowInlineToOverride = false : VMs defined inline may NOT replace previous VM definitions
2017-12-08 18:44:26,900 - Velocimacro : allowInlineLocal = false : VMs defined inline will be  global in scope if allowed.
2017-12-08 18:44:26,900 - Velocimacro : messages on  : VM system will output logging messages
2017-12-08 18:44:26,900 - Velocimacro : autoload off  : VM system will not automatically reload global library macros
2017-12-08 18:44:26,900 - Velocimacro : initialization complete.
2017-12-08 18:44:26,900 - Velocity successfully started.
2017-12-08 18:45:45,243 - SimpleLog4JLogSystem initialized using logfile 'velocity.log'
2017-12-08 18:45:45,244 - ************************************************************** 
2017-12-08 18:45:45,244 - Starting Jakarta Velocity v1.4
2017-12-08 18:45:45,244 - RuntimeInstance initializing.
2017-12-08 18:45:45,244 - Default Properties File: org\apache\velocity\runtime\defaults\velocity.properties
2017-12-08 18:45:45,244 - Trying to use logger class org.apache.velocity.runtime.log.SimpleLog4JLogSystem
2017-12-08 18:45:45,244 - Using logger class org.apache.velocity.runtime.log.SimpleLog4JLogSystem
2017-12-08 18:45:45,246 - Default ResourceManager initializing. (class org.apache.velocity.runtime.resource.ResourceManagerImpl)
2017-12-08 18:45:45,248 - Resource Loader Instantiated: org.apache.velocity.runtime.resource.loader.ClasspathResourceLoader
2017-12-08 18:45:45,248 - ClasspathResourceLoader : initialization starting.
2017-12-08 18:45:45,248 - ClasspathResourceLoader : initialization complete.
2017-12-08 18:45:45,250 - ResourceCache : initialized. (class org.apache.velocity.runtime.resource.ResourceCacheImpl)
2017-12-08 18:45:45,250 - Default ResourceManager initialization complete.
2017-12-08 18:45:45,252 - Loaded System Directive: org.apache.velocity.runtime.directive.Literal
2017-12-08 18:45:45,253 - Loaded System Directive: org.apache.velocity.runtime.directive.Macro
2017-12-08 18:45:45,255 - Loaded System Directive: org.apache.velocity.runtime.directive.Parse
2017-12-08 18:45:45,257 - Loaded System Directive: org.apache.velocity.runtime.directive.Include
2017-12-08 18:45:45,258 - Loaded System Directive: org.apache.velocity.runtime.directive.Foreach
2017-12-08 18:45:45,280 - Created: 20 parsers.
2017-12-08 18:45:45,288 - Velocimacro : initialization starting.
2017-12-08 18:45:45,288 - Velocimacro : adding VMs from VM library template : VM_global_library.vm
2017-12-08 18:45:45,300 - ResourceManager : unable to find resource 'VM_global_library.vm' in any resource loader.
2017-12-08 18:45:45,300 - Velocimacro : error using  VM library template VM_global_library.vm : org.apache.velocity.exception.ResourceNotFoundException: Unable to find resource 'VM_global_library.vm'
2017-12-08 18:45:45,300 - Velocimacro :  VM library template macro registration complete.
2017-12-08 18:45:45,300 - Velocimacro : allowInline = true : VMs can be defined inline in templates
2017-12-08 18:45:45,300 - Velocimacro : allowInlineToOverride = false : VMs defined inline may NOT replace previous VM definitions
2017-12-08 18:45:45,300 - Velocimacro : allowInlineLocal = false : VMs defined inline will be  global in scope if allowed.
2017-12-08 18:45:45,300 - Velocimacro : messages on  : VM system will output logging messages
2017-12-08 18:45:45,300 - Velocimacro : autoload off  : VM system will not automatically reload global library macros
2017-12-08 18:45:45,300 - Velocimacro : initialization complete.
2017-12-08 18:45:45,300 - Velocity successfully started.
2017-12-08 18:46:52,768 - SimpleLog4JLogSystem initialized using logfile 'velocity.log'
2017-12-08 18:46:52,769 - ************************************************************** 
2017-12-08 18:46:52,769 - Starting Jakarta Velocity v1.4
2017-12-08 18:46:52,769 - RuntimeInstance initializing.
2017-12-08 18:46:52,769 - Default Properties File: org\apache\velocity\runtime\defaults\velocity.properties
2017-12-08 18:46:52,769 - Trying to use logger class org.apache.velocity.runtime.log.SimpleLog4JLogSystem
2017-12-08 18:46:52,769 - Using logger class org.apache.velocity.runtime.log.SimpleLog4JLogSystem
2017-12-08 18:46:52,771 - Default ResourceManager initializing. (class org.apache.velocity.runtime.resource.ResourceManagerImpl)
2017-12-08 18:46:52,773 - Resource Loader Instantiated: org.apache.velocity.runtime.resource.loader.ClasspathResourceLoader
2017-12-08 18:46:52,773 - ClasspathResourceLoader : initialization starting.
2017-12-08 18:46:52,773 - ClasspathResourceLoader : initialization complete.
2017-12-08 18:46:52,774 - ResourceCache : initialized. (class org.apache.velocity.runtime.resource.ResourceCacheImpl)
2017-12-08 18:46:52,774 - Default ResourceManager initialization complete.
2017-12-08 18:46:52,776 - Loaded System Directive: org.apache.velocity.runtime.directive.Literal
2017-12-08 18:46:52,778 - Loaded System Directive: org.apache.velocity.runtime.directive.Macro
2017-12-08 18:46:52,780 - Loaded System Directive: org.apache.velocity.runtime.directive.Parse
2017-12-08 18:46:52,782 - Loaded System Directive: org.apache.velocity.runtime.directive.Include
2017-12-08 18:46:52,783 - Loaded System Directive: org.apache.velocity.runtime.directive.Foreach
2017-12-08 18:46:52,812 - Created: 20 parsers.
2017-12-08 18:46:52,818 - Velocimacro : initialization starting.
2017-12-08 18:46:52,818 - Velocimacro : adding VMs from VM library template : VM_global_library.vm
2017-12-08 18:46:52,825 - ResourceManager : unable to find resource 'VM_global_library.vm' in any resource loader.
2017-12-08 18:46:52,825 - Velocimacro : error using  VM library template VM_global_library.vm : org.apache.velocity.exception.ResourceNotFoundException: Unable to find resource 'VM_global_library.vm'
2017-12-08 18:46:52,825 - Velocimacro :  VM library template macro registration complete.
2017-12-08 18:46:52,825 - Velocimacro : allowInline = true : VMs can be defined inline in templates
2017-12-08 18:46:52,825 - Velocimacro : allowInlineToOverride = false : VMs defined inline may NOT replace previous VM definitions
2017-12-08 18:46:52,825 - Velocimacro : allowInlineLocal = false : VMs defined inline will be  global in scope if allowed.
2017-12-08 18:46:52,825 - Velocimacro : messages on  : VM system will output logging messages
2017-12-08 18:46:52,825 - Velocimacro : autoload off  : VM system will not automatically reload global library macros
2017-12-08 18:46:52,825 - Velocimacro : initialization complete.
2017-12-08 18:46:52,826 - Velocity successfully started.
2017-12-08 18:48:01,977 - SimpleLog4JLogSystem initialized using logfile 'velocity.log'
2017-12-08 18:48:01,977 - ************************************************************** 
2017-12-08 18:48:01,977 - Starting Jakarta Velocity v1.4
2017-12-08 18:48:01,977 - RuntimeInstance initializing.
2017-12-08 18:48:01,978 - Default Properties File: org\apache\velocity\runtime\defaults\velocity.properties
2017-12-08 18:48:01,978 - Trying to use logger class org.apache.velocity.runtime.log.SimpleLog4JLogSystem
2017-12-08 18:48:01,978 - Using logger class org.apache.velocity.runtime.log.SimpleLog4JLogSystem
2017-12-08 18:48:01,982 - Default ResourceManager initializing. (class org.apache.velocity.runtime.resource.ResourceManagerImpl)
2017-12-08 18:48:01,987 - Resource Loader Instantiated: org.apache.velocity.runtime.resource.loader.ClasspathResourceLoader
2017-12-08 18:48:01,988 - ClasspathResourceLoader : initialization starting.
2017-12-08 18:48:01,988 - ClasspathResourceLoader : initialization complete.
2017-12-08 18:48:01,990 - ResourceCache : initialized. (class org.apache.velocity.runtime.resource.ResourceCacheImpl)
2017-12-08 18:48:01,990 - Default ResourceManager initialization complete.
2017-12-08 18:48:01,994 - Loaded System Directive: org.apache.velocity.runtime.directive.Literal
2017-12-08 18:48:01,997 - Loaded System Directive: org.apache.velocity.runtime.directive.Macro
2017-12-08 18:48:02,002 - Loaded System Directive: org.apache.velocity.runtime.directive.Parse
2017-12-08 18:48:02,004 - Loaded System Directive: org.apache.velocity.runtime.directive.Include
2017-12-08 18:48:02,007 - Loaded System Directive: org.apache.velocity.runtime.directive.Foreach
2017-12-08 18:48:02,054 - Created: 20 parsers.
2017-12-08 18:48:02,062 - Velocimacro : initialization starting.
2017-12-08 18:48:02,062 - Velocimacro : adding VMs from VM library template : VM_global_library.vm
2017-12-08 18:48:02,072 - ResourceManager : unable to find resource 'VM_global_library.vm' in any resource loader.
2017-12-08 18:48:02,072 - Velocimacro : error using  VM library template VM_global_library.vm : org.apache.velocity.exception.ResourceNotFoundException: Unable to find resource 'VM_global_library.vm'
2017-12-08 18:48:02,072 - Velocimacro :  VM library template macro registration complete.
2017-12-08 18:48:02,072 - Velocimacro : allowInline = true : VMs can be defined inline in templates
2017-12-08 18:48:02,072 - Velocimacro : allowInlineToOverride = false : VMs defined inline may NOT replace previous VM definitions
2017-12-08 18:48:02,073 - Velocimacro : allowInlineLocal = false : VMs defined inline will be  global in scope if allowed.
2017-12-08 18:48:02,073 - Velocimacro : messages on  : VM system will output logging messages
2017-12-08 18:48:02,073 - Velocimacro : autoload off  : VM system will not automatically reload global library macros
2017-12-08 18:48:02,073 - Velocimacro : initialization complete.
2017-12-08 18:48:02,073 - Velocity successfully started.
2017-12-08 18:54:02,827 - SimpleLog4JLogSystem initialized using logfile 'velocity.log'
2017-12-08 18:54:02,827 - ************************************************************** 
2017-12-08 18:54:02,827 - Starting Jakarta Velocity v1.4
2017-12-08 18:54:02,827 - RuntimeInstance initializing.
2017-12-08 18:54:02,827 - Default Properties File: org\apache\velocity\runtime\defaults\velocity.properties
2017-12-08 18:54:02,827 - Trying to use logger class org.apache.velocity.runtime.log.SimpleLog4JLogSystem
2017-12-08 18:54:02,827 - Using logger class org.apache.velocity.runtime.log.SimpleLog4JLogSystem
2017-12-08 18:54:02,830 - Default ResourceManager initializing. (class org.apache.velocity.runtime.resource.ResourceManagerImpl)
2017-12-08 18:54:02,831 - Resource Loader Instantiated: org.apache.velocity.runtime.resource.loader.ClasspathResourceLoader
2017-12-08 18:54:02,831 - ClasspathResourceLoader : initialization starting.
2017-12-08 18:54:02,832 - ClasspathResourceLoader : initialization complete.
2017-12-08 18:54:02,833 - ResourceCache : initialized. (class org.apache.velocity.runtime.resource.ResourceCacheImpl)
2017-12-08 18:54:02,833 - Default ResourceManager initialization complete.
2017-12-08 18:54:02,835 - Loaded System Directive: org.apache.velocity.runtime.directive.Literal
2017-12-08 18:54:02,836 - Loaded System Directive: org.apache.velocity.runtime.directive.Macro
2017-12-08 18:54:02,839 - Loaded System Directive: org.apache.velocity.runtime.directive.Parse
2017-12-08 18:54:02,841 - Loaded System Directive: org.apache.velocity.runtime.directive.Include
2017-12-08 18:54:02,842 - Loaded System Directive: org.apache.velocity.runtime.directive.Foreach
2017-12-08 18:54:02,864 - Created: 20 parsers.
2017-12-08 18:54:02,871 - Velocimacro : initialization starting.
2017-12-08 18:54:02,871 - Velocimacro : adding VMs from VM library template : VM_global_library.vm
2017-12-08 18:54:02,881 - ResourceManager : unable to find resource 'VM_global_library.vm' in any resource loader.
2017-12-08 18:54:02,882 - Velocimacro : error using  VM library template VM_global_library.vm : org.apache.velocity.exception.ResourceNotFoundException: Unable to find resource 'VM_global_library.vm'
2017-12-08 18:54:02,882 - Velocimacro :  VM library template macro registration complete.
2017-12-08 18:54:02,882 - Velocimacro : allowInline = true : VMs can be defined inline in templates
2017-12-08 18:54:02,882 - Velocimacro : allowInlineToOverride = false : VMs defined inline may NOT replace previous VM definitions
2017-12-08 18:54:02,882 - Velocimacro : allowInlineLocal = false : VMs defined inline will be  global in scope if allowed.
2017-12-08 18:54:02,882 - Velocimacro : messages on  : VM system will output logging messages
2017-12-08 18:54:02,882 - Velocimacro : autoload off  : VM system will not automatically reload global library macros
2017-12-08 18:54:02,882 - Velocimacro : initialization complete.
2017-12-08 18:54:02,882 - Velocity successfully started.
2017-12-08 18:55:37,689 - SimpleLog4JLogSystem initialized using logfile 'velocity.log'
2017-12-08 18:55:37,689 - ************************************************************** 
2017-12-08 18:55:37,689 - Starting Jakarta Velocity v1.4
2017-12-08 18:55:37,689 - RuntimeInstance initializing.
2017-12-08 18:55:37,690 - Default Properties File: org\apache\velocity\runtime\defaults\velocity.properties
2017-12-08 18:55:37,690 - Trying to use logger class org.apache.velocity.runtime.log.SimpleLog4JLogSystem
2017-12-08 18:55:37,690 - Using logger class org.apache.velocity.runtime.log.SimpleLog4JLogSystem
2017-12-08 18:55:37,692 - Default ResourceManager initializing. (class org.apache.velocity.runtime.resource.ResourceManagerImpl)
2017-12-08 18:55:37,694 - Resource Loader Instantiated: org.apache.velocity.runtime.resource.loader.ClasspathResourceLoader
2017-12-08 18:55:37,694 - ClasspathResourceLoader : initialization starting.
2017-12-08 18:55:37,694 - ClasspathResourceLoader : initialization complete.
2017-12-08 18:55:37,695 - ResourceCache : initialized. (class org.apache.velocity.runtime.resource.ResourceCacheImpl)
2017-12-08 18:55:37,695 - Default ResourceManager initialization complete.
2017-12-08 18:55:37,698 - Loaded System Directive: org.apache.velocity.runtime.directive.Literal
2017-12-08 18:55:37,699 - Loaded System Directive: org.apache.velocity.runtime.directive.Macro
2017-12-08 18:55:37,701 - Loaded System Directive: org.apache.velocity.runtime.directive.Parse
2017-12-08 18:55:37,703 - Loaded System Directive: org.apache.velocity.runtime.directive.Include
2017-12-08 18:55:37,704 - Loaded System Directive: org.apache.velocity.runtime.directive.Foreach
2017-12-08 18:55:37,737 - Created: 20 parsers.
2017-12-08 18:55:37,743 - Velocimacro : initialization starting.
2017-12-08 18:55:37,743 - Velocimacro : adding VMs from VM library template : VM_global_library.vm
2017-12-08 18:55:37,750 - ResourceManager : unable to find resource 'VM_global_library.vm' in any resource loader.
2017-12-08 18:55:37,750 - Velocimacro : error using  VM library template VM_global_library.vm : org.apache.velocity.exception.ResourceNotFoundException: Unable to find resource 'VM_global_library.vm'
2017-12-08 18:55:37,750 - Velocimacro :  VM library template macro registration complete.
2017-12-08 18:55:37,750 - Velocimacro : allowInline = true : VMs can be defined inline in templates
2017-12-08 18:55:37,750 - Velocimacro : allowInlineToOverride = false : VMs defined inline may NOT replace previous VM definitions
2017-12-08 18:55:37,750 - Velocimacro : allowInlineLocal = false : VMs defined inline will be  global in scope if allowed.
2017-12-08 18:55:37,750 - Velocimacro : messages on  : VM system will output logging messages
2017-12-08 18:55:37,750 - Velocimacro : autoload off  : VM system will not automatically reload global library macros
2017-12-08 18:55:37,750 - Velocimacro : initialization complete.
2017-12-08 18:55:37,750 - Velocity successfully started.
2017-12-08 18:58:19,156 - SimpleLog4JLogSystem initialized using logfile 'velocity.log'
2017-12-08 18:58:19,156 - ************************************************************** 
2017-12-08 18:58:19,156 - Starting Jakarta Velocity v1.4
2017-12-08 18:58:19,156 - RuntimeInstance initializing.
2017-12-08 18:58:19,156 - Default Properties File: org\apache\velocity\runtime\defaults\velocity.properties
2017-12-08 18:58:19,156 - Trying to use logger class org.apache.velocity.runtime.log.SimpleLog4JLogSystem
2017-12-08 18:58:19,156 - Using logger class org.apache.velocity.runtime.log.SimpleLog4JLogSystem
2017-12-08 18:58:19,159 - Default ResourceManager initializing. (class org.apache.velocity.runtime.resource.ResourceManagerImpl)
2017-12-08 18:58:19,163 - Resource Loader Instantiated: org.apache.velocity.runtime.resource.loader.ClasspathResourceLoader
2017-12-08 18:58:19,163 - ClasspathResourceLoader : initialization starting.
2017-12-08 18:58:19,163 - ClasspathResourceLoader : initialization complete.
2017-12-08 18:58:19,164 - ResourceCache : initialized. (class org.apache.velocity.runtime.resource.ResourceCacheImpl)
2017-12-08 18:58:19,165 - Default ResourceManager initialization complete.
2017-12-08 18:58:19,167 - Loaded System Directive: org.apache.velocity.runtime.directive.Literal
2017-12-08 18:58:19,169 - Loaded System Directive: org.apache.velocity.runtime.directive.Macro
2017-12-08 18:58:19,172 - Loaded System Directive: org.apache.velocity.runtime.directive.Parse
2017-12-08 18:58:19,174 - Loaded System Directive: org.apache.velocity.runtime.directive.Include
2017-12-08 18:58:19,175 - Loaded System Directive: org.apache.velocity.runtime.directive.Foreach
2017-12-08 18:58:19,225 - Created: 20 parsers.
2017-12-08 18:58:19,238 - Velocimacro : initialization starting.
2017-12-08 18:58:19,238 - Velocimacro : adding VMs from VM library template : VM_global_library.vm
2017-12-08 18:58:19,246 - ResourceManager : unable to find resource 'VM_global_library.vm' in any resource loader.
2017-12-08 18:58:19,246 - Velocimacro : error using  VM library template VM_global_library.vm : org.apache.velocity.exception.ResourceNotFoundException: Unable to find resource 'VM_global_library.vm'
2017-12-08 18:58:19,246 - Velocimacro :  VM library template macro registration complete.
2017-12-08 18:58:19,247 - Velocimacro : allowInline = true : VMs can be defined inline in templates
2017-12-08 18:58:19,247 - Velocimacro : allowInlineToOverride = false : VMs defined inline may NOT replace previous VM definitions
2017-12-08 18:58:19,247 - Velocimacro : allowInlineLocal = false : VMs defined inline will be  global in scope if allowed.
2017-12-08 18:58:19,247 - Velocimacro : messages on  : VM system will output logging messages
2017-12-08 18:58:19,247 - Velocimacro : autoload off  : VM system will not automatically reload global library macros
2017-12-08 18:58:19,247 - Velocimacro : initialization complete.
2017-12-08 18:58:19,247 - Velocity successfully started.
2017-12-08 18:59:09,642 - SimpleLog4JLogSystem initialized using logfile 'velocity.log'
2017-12-08 18:59:09,642 - ************************************************************** 
2017-12-08 18:59:09,642 - Starting Jakarta Velocity v1.4
2017-12-08 18:59:09,642 - RuntimeInstance initializing.
2017-12-08 18:59:09,642 - Default Properties File: org\apache\velocity\runtime\defaults\velocity.properties
2017-12-08 18:59:09,642 - Trying to use logger class org.apache.velocity.runtime.log.SimpleLog4JLogSystem
2017-12-08 18:59:09,643 - Using logger class org.apache.velocity.runtime.log.SimpleLog4JLogSystem
2017-12-08 18:59:09,648 - Default ResourceManager initializing. (class org.apache.velocity.runtime.resource.ResourceManagerImpl)
2017-12-08 18:59:09,653 - Resource Loader Instantiated: org.apache.velocity.runtime.resource.loader.ClasspathResourceLoader
2017-12-08 18:59:09,653 - ClasspathResourceLoader : initialization starting.
2017-12-08 18:59:09,653 - ClasspathResourceLoader : initialization complete.
2017-12-08 18:59:09,662 - ResourceCache : initialized. (class org.apache.velocity.runtime.resource.ResourceCacheImpl)
2017-12-08 18:59:09,663 - Default ResourceManager initialization complete.
2017-12-08 18:59:09,668 - Loaded System Directive: org.apache.velocity.runtime.directive.Literal
2017-12-08 18:59:09,669 - Loaded System Directive: org.apache.velocity.runtime.directive.Macro
2017-12-08 18:59:09,672 - Loaded System Directive: org.apache.velocity.runtime.directive.Parse
2017-12-08 18:59:09,674 - Loaded System Directive: org.apache.velocity.runtime.directive.Include
2017-12-08 18:59:09,677 - Loaded System Directive: org.apache.velocity.runtime.directive.Foreach
2017-12-08 18:59:09,718 - Created: 20 parsers.
2017-12-08 18:59:09,733 - Velocimacro : initialization starting.
2017-12-08 18:59:09,733 - Velocimacro : adding VMs from VM library template : VM_global_library.vm
2017-12-08 18:59:09,744 - ResourceManager : unable to find resource 'VM_global_library.vm' in any resource loader.
2017-12-08 18:59:09,744 - Velocimacro : error using  VM library template VM_global_library.vm : org.apache.velocity.exception.ResourceNotFoundException: Unable to find resource 'VM_global_library.vm'
2017-12-08 18:59:09,744 - Velocimacro :  VM library template macro registration complete.
2017-12-08 18:59:09,744 - Velocimacro : allowInline = true : VMs can be defined inline in templates
2017-12-08 18:59:09,744 - Velocimacro : allowInlineToOverride = false : VMs defined inline may NOT replace previous VM definitions
2017-12-08 18:59:09,744 - Velocimacro : allowInlineLocal = false : VMs defined inline will be  global in scope if allowed.
2017-12-08 18:59:09,745 - Velocimacro : messages on  : VM system will output logging messages
2017-12-08 18:59:09,745 - Velocimacro : autoload off  : VM system will not automatically reload global library macros
2017-12-08 18:59:09,745 - Velocimacro : initialization complete.
2017-12-08 18:59:09,745 - Velocity successfully started.
2017-12-08 19:00:32,243 - SimpleLog4JLogSystem initialized using logfile 'velocity.log'
2017-12-08 19:00:32,244 - ************************************************************** 
2017-12-08 19:00:32,244 - Starting Jakarta Velocity v1.4
2017-12-08 19:00:32,244 - RuntimeInstance initializing.
2017-12-08 19:00:32,244 - Default Properties File: org\apache\velocity\runtime\defaults\velocity.properties
2017-12-08 19:00:32,244 - Trying to use logger class org.apache.velocity.runtime.log.SimpleLog4JLogSystem
2017-12-08 19:00:32,244 - Using logger class org.apache.velocity.runtime.log.SimpleLog4JLogSystem
2017-12-08 19:00:32,247 - Default ResourceManager initializing. (class org.apache.velocity.runtime.resource.ResourceManagerImpl)
2017-12-08 19:00:32,250 - Resource Loader Instantiated: org.apache.velocity.runtime.resource.loader.ClasspathResourceLoader
2017-12-08 19:00:32,250 - ClasspathResourceLoader : initialization starting.
2017-12-08 19:00:32,250 - ClasspathResourceLoader : initialization complete.
2017-12-08 19:00:32,251 - ResourceCache : initialized. (class org.apache.velocity.runtime.resource.ResourceCacheImpl)
2017-12-08 19:00:32,251 - Default ResourceManager initialization complete.
2017-12-08 19:00:32,254 - Loaded System Directive: org.apache.velocity.runtime.directive.Literal
2017-12-08 19:00:32,256 - Loaded System Directive: org.apache.velocity.runtime.directive.Macro
2017-12-08 19:00:32,263 - Loaded System Directive: org.apache.velocity.runtime.directive.Parse
2017-12-08 19:00:32,268 - Loaded System Directive: org.apache.velocity.runtime.directive.Include
2017-12-08 19:00:32,271 - Loaded System Directive: org.apache.velocity.runtime.directive.Foreach
2017-12-08 19:00:32,323 - Created: 20 parsers.
2017-12-08 19:00:32,341 - Velocimacro : initialization starting.
2017-12-08 19:00:32,341 - Velocimacro : adding VMs from VM library template : VM_global_library.vm
2017-12-08 19:00:32,361 - ResourceManager : unable to find resource 'VM_global_library.vm' in any resource loader.
2017-12-08 19:00:32,361 - Velocimacro : error using  VM library template VM_global_library.vm : org.apache.velocity.exception.ResourceNotFoundException: Unable to find resource 'VM_global_library.vm'
2017-12-08 19:00:32,361 - Velocimacro :  VM library template macro registration complete.
2017-12-08 19:00:32,361 - Velocimacro : allowInline = true : VMs can be defined inline in templates
2017-12-08 19:00:32,362 - Velocimacro : allowInlineToOverride = false : VMs defined inline may NOT replace previous VM definitions
2017-12-08 19:00:32,362 - Velocimacro : allowInlineLocal = false : VMs defined inline will be  global in scope if allowed.
2017-12-08 19:00:32,362 - Velocimacro : messages on  : VM system will output logging messages
2017-12-08 19:00:32,362 - Velocimacro : autoload off  : VM system will not automatically reload global library macros
2017-12-08 19:00:32,362 - Velocimacro : initialization complete.
2017-12-08 19:00:32,362 - Velocity successfully started.
2017-12-08 19:09:07,854 - SimpleLog4JLogSystem initialized using logfile 'velocity.log'
2017-12-08 19:09:07,854 - ************************************************************** 
2017-12-08 19:09:07,854 - Starting Jakarta Velocity v1.4
2017-12-08 19:09:07,855 - RuntimeInstance initializing.
2017-12-08 19:09:07,855 - Default Properties File: org\apache\velocity\runtime\defaults\velocity.properties
2017-12-08 19:09:07,855 - Trying to use logger class org.apache.velocity.runtime.log.SimpleLog4JLogSystem
2017-12-08 19:09:07,855 - Using logger class org.apache.velocity.runtime.log.SimpleLog4JLogSystem
2017-12-08 19:09:07,858 - Default ResourceManager initializing. (class org.apache.velocity.runtime.resource.ResourceManagerImpl)
2017-12-08 19:09:07,862 - Resource Loader Instantiated: org.apache.velocity.runtime.resource.loader.ClasspathResourceLoader
2017-12-08 19:09:07,863 - ClasspathResourceLoader : initialization starting.
2017-12-08 19:09:07,863 - ClasspathResourceLoader : initialization complete.
2017-12-08 19:09:07,865 - ResourceCache : initialized. (class org.apache.velocity.runtime.resource.ResourceCacheImpl)
2017-12-08 19:09:07,865 - Default ResourceManager initialization complete.
2017-12-08 19:09:07,869 - Loaded System Directive: org.apache.velocity.runtime.directive.Literal
2017-12-08 19:09:07,873 - Loaded System Directive: org.apache.velocity.runtime.directive.Macro
2017-12-08 19:09:07,879 - Loaded System Directive: org.apache.velocity.runtime.directive.Parse
2017-12-08 19:09:07,882 - Loaded System Directive: org.apache.velocity.runtime.directive.Include
2017-12-08 19:09:07,886 - Loaded System Directive: org.apache.velocity.runtime.directive.Foreach
2017-12-08 19:09:07,928 - Created: 20 parsers.
2017-12-08 19:09:07,937 - Velocimacro : initialization starting.
2017-12-08 19:09:07,937 - Velocimacro : adding VMs from VM library template : VM_global_library.vm
2017-12-08 19:09:07,948 - ResourceManager : unable to find resource 'VM_global_library.vm' in any resource loader.
2017-12-08 19:09:07,948 - Velocimacro : error using  VM library template VM_global_library.vm : org.apache.velocity.exception.ResourceNotFoundException: Unable to find resource 'VM_global_library.vm'
2017-12-08 19:09:07,948 - Velocimacro :  VM library template macro registration complete.
2017-12-08 19:09:07,948 - Velocimacro : allowInline = true : VMs can be defined inline in templates
2017-12-08 19:09:07,948 - Velocimacro : allowInlineToOverride = false : VMs defined inline may NOT replace previous VM definitions
2017-12-08 19:09:07,948 - Velocimacro : allowInlineLocal = false : VMs defined inline will be  global in scope if allowed.
2017-12-08 19:09:07,948 - Velocimacro : messages on  : VM system will output logging messages
2017-12-08 19:09:07,949 - Velocimacro : autoload off  : VM system will not automatically reload global library macros
2017-12-08 19:09:07,949 - Velocimacro : initialization complete.
2017-12-08 19:09:07,949 - Velocity successfully started.
2017-12-08 19:11:53,363 - SimpleLog4JLogSystem initialized using logfile 'velocity.log'
2017-12-08 19:11:53,364 - ************************************************************** 
2017-12-08 19:11:53,364 - Starting Jakarta Velocity v1.4
2017-12-08 19:11:53,365 - RuntimeInstance initializing.
2017-12-08 19:11:53,365 - Default Properties File: org\apache\velocity\runtime\defaults\velocity.properties
2017-12-08 19:11:53,365 - Trying to use logger class org.apache.velocity.runtime.log.SimpleLog4JLogSystem
2017-12-08 19:11:53,365 - Using logger class org.apache.velocity.runtime.log.SimpleLog4JLogSystem
2017-12-08 19:11:53,370 - Default ResourceManager initializing. (class org.apache.velocity.runtime.resource.ResourceManagerImpl)
2017-12-08 19:11:53,374 - Resource Loader Instantiated: org.apache.velocity.runtime.resource.loader.ClasspathResourceLoader
2017-12-08 19:11:53,374 - ClasspathResourceLoader : initialization starting.
2017-12-08 19:11:53,374 - ClasspathResourceLoader : initialization complete.
2017-12-08 19:11:53,377 - ResourceCache : initialized. (class org.apache.velocity.runtime.resource.ResourceCacheImpl)
2017-12-08 19:11:53,377 - Default ResourceManager initialization complete.
2017-12-08 19:11:53,381 - Loaded System Directive: org.apache.velocity.runtime.directive.Literal
2017-12-08 19:11:53,384 - Loaded System Directive: org.apache.velocity.runtime.directive.Macro
2017-12-08 19:11:53,389 - Loaded System Directive: org.apache.velocity.runtime.directive.Parse
2017-12-08 19:11:53,392 - Loaded System Directive: org.apache.velocity.runtime.directive.Include
2017-12-08 19:11:53,393 - Loaded System Directive: org.apache.velocity.runtime.directive.Foreach
2017-12-08 19:11:53,441 - Created: 20 parsers.
2017-12-08 19:11:53,450 - Velocimacro : initialization starting.
2017-12-08 19:11:53,450 - Velocimacro : adding VMs from VM library template : VM_global_library.vm
2017-12-08 19:11:53,461 - ResourceManager : unable to find resource 'VM_global_library.vm' in any resource loader.
2017-12-08 19:11:53,461 - Velocimacro : error using  VM library template VM_global_library.vm : org.apache.velocity.exception.ResourceNotFoundException: Unable to find resource 'VM_global_library.vm'
2017-12-08 19:11:53,461 - Velocimacro :  VM library template macro registration complete.
2017-12-08 19:11:53,461 - Velocimacro : allowInline = true : VMs can be defined inline in templates
2017-12-08 19:11:53,462 - Velocimacro : allowInlineToOverride = false : VMs defined inline may NOT replace previous VM definitions
2017-12-08 19:11:53,462 - Velocimacro : allowInlineLocal = false : VMs defined inline will be  global in scope if allowed.
2017-12-08 19:11:53,462 - Velocimacro : messages on  : VM system will output logging messages
2017-12-08 19:11:53,462 - Velocimacro : autoload off  : VM system will not automatically reload global library macros
2017-12-08 19:11:53,462 - Velocimacro : initialization complete.
2017-12-08 19:11:53,462 - Velocity successfully started.
2017-12-08 19:12:44,653 - SimpleLog4JLogSystem initialized using logfile 'velocity.log'
2017-12-08 19:12:44,654 - ************************************************************** 
2017-12-08 19:12:44,654 - Starting Jakarta Velocity v1.4
2017-12-08 19:12:44,654 - RuntimeInstance initializing.
2017-12-08 19:12:44,654 - Default Properties File: org\apache\velocity\runtime\defaults\velocity.properties
2017-12-08 19:12:44,654 - Trying to use logger class org.apache.velocity.runtime.log.SimpleLog4JLogSystem
2017-12-08 19:12:44,654 - Using logger class org.apache.velocity.runtime.log.SimpleLog4JLogSystem
2017-12-08 19:12:44,656 - Default ResourceManager initializing. (class org.apache.velocity.runtime.resource.ResourceManagerImpl)
2017-12-08 19:12:44,658 - Resource Loader Instantiated: org.apache.velocity.runtime.resource.loader.ClasspathResourceLoader
2017-12-08 19:12:44,658 - ClasspathResourceLoader : initialization starting.
2017-12-08 19:12:44,658 - ClasspathResourceLoader : initialization complete.
2017-12-08 19:12:44,659 - ResourceCache : initialized. (class org.apache.velocity.runtime.resource.ResourceCacheImpl)
2017-12-08 19:12:44,659 - Default ResourceManager initialization complete.
2017-12-08 19:12:44,662 - Loaded System Directive: org.apache.velocity.runtime.directive.Literal
2017-12-08 19:12:44,663 - Loaded System Directive: org.apache.velocity.runtime.directive.Macro
2017-12-08 19:12:44,665 - Loaded System Directive: org.apache.velocity.runtime.directive.Parse
2017-12-08 19:12:44,667 - Loaded System Directive: org.apache.velocity.runtime.directive.Include
2017-12-08 19:12:44,668 - Loaded System Directive: org.apache.velocity.runtime.directive.Foreach
2017-12-08 19:12:44,698 - Created: 20 parsers.
2017-12-08 19:12:44,704 - Velocimacro : initialization starting.
2017-12-08 19:12:44,704 - Velocimacro : adding VMs from VM library template : VM_global_library.vm
2017-12-08 19:12:44,712 - ResourceManager : unable to find resource 'VM_global_library.vm' in any resource loader.
2017-12-08 19:12:44,712 - Velocimacro : error using  VM library template VM_global_library.vm : org.apache.velocity.exception.ResourceNotFoundException: Unable to find resource 'VM_global_library.vm'
2017-12-08 19:12:44,712 - Velocimacro :  VM library template macro registration complete.
2017-12-08 19:12:44,712 - Velocimacro : allowInline = true : VMs can be defined inline in templates
2017-12-08 19:12:44,712 - Velocimacro : allowInlineToOverride = false : VMs defined inline may NOT replace previous VM definitions
2017-12-08 19:12:44,713 - Velocimacro : allowInlineLocal = false : VMs defined inline will be  global in scope if allowed.
2017-12-08 19:12:44,713 - Velocimacro : messages on  : VM system will output logging messages
2017-12-08 19:12:44,713 - Velocimacro : autoload off  : VM system will not automatically reload global library macros
2017-12-08 19:12:44,713 - Velocimacro : initialization complete.
2017-12-08 19:12:44,713 - Velocity successfully started.
2017-12-08 19:16:35,087 - SimpleLog4JLogSystem initialized using logfile 'velocity.log'
2017-12-08 19:16:35,088 - ************************************************************** 
2017-12-08 19:16:35,088 - Starting Jakarta Velocity v1.4
2017-12-08 19:16:35,088 - RuntimeInstance initializing.
2017-12-08 19:16:35,088 - Default Properties File: org\apache\velocity\runtime\defaults\velocity.properties
2017-12-08 19:16:35,088 - Trying to use logger class org.apache.velocity.runtime.log.SimpleLog4JLogSystem
2017-12-08 19:16:35,088 - Using logger class org.apache.velocity.runtime.log.SimpleLog4JLogSystem
2017-12-08 19:16:35,090 - Default ResourceManager initializing. (class org.apache.velocity.runtime.resource.ResourceManagerImpl)
2017-12-08 19:16:35,092 - Resource Loader Instantiated: org.apache.velocity.runtime.resource.loader.ClasspathResourceLoader
2017-12-08 19:16:35,092 - ClasspathResourceLoader : initialization starting.
2017-12-08 19:16:35,092 - ClasspathResourceLoader : initialization complete.
2017-12-08 19:16:35,094 - ResourceCache : initialized. (class org.apache.velocity.runtime.resource.ResourceCacheImpl)
2017-12-08 19:16:35,094 - Default ResourceManager initialization complete.
2017-12-08 19:16:35,095 - Loaded System Directive: org.apache.velocity.runtime.directive.Literal
2017-12-08 19:16:35,097 - Loaded System Directive: org.apache.velocity.runtime.directive.Macro
2017-12-08 19:16:35,099 - Loaded System Directive: org.apache.velocity.runtime.directive.Parse
2017-12-08 19:16:35,103 - Loaded System Directive: org.apache.velocity.runtime.directive.Include
2017-12-08 19:16:35,104 - Loaded System Directive: org.apache.velocity.runtime.directive.Foreach
2017-12-08 19:16:35,131 - Created: 20 parsers.
2017-12-08 19:16:35,140 - Velocimacro : initialization starting.
2017-12-08 19:16:35,140 - Velocimacro : adding VMs from VM library template : VM_global_library.vm
2017-12-08 19:16:35,146 - ResourceManager : unable to find resource 'VM_global_library.vm' in any resource loader.
2017-12-08 19:16:35,147 - Velocimacro : error using  VM library template VM_global_library.vm : org.apache.velocity.exception.ResourceNotFoundException: Unable to find resource 'VM_global_library.vm'
2017-12-08 19:16:35,147 - Velocimacro :  VM library template macro registration complete.
2017-12-08 19:16:35,147 - Velocimacro : allowInline = true : VMs can be defined inline in templates
2017-12-08 19:16:35,147 - Velocimacro : allowInlineToOverride = false : VMs defined inline may NOT replace previous VM definitions
2017-12-08 19:16:35,147 - Velocimacro : allowInlineLocal = false : VMs defined inline will be  global in scope if allowed.
2017-12-08 19:16:35,147 - Velocimacro : messages on  : VM system will output logging messages
2017-12-08 19:16:35,147 - Velocimacro : autoload off  : VM system will not automatically reload global library macros
2017-12-08 19:16:35,147 - Velocimacro : initialization complete.
2017-12-08 19:16:35,147 - Velocity successfully started.
