ERROR [AWT-EventQueue-0] 2017-12-06 15:54:51,982 repast.simphony.ui.RSApplication - Error while initializing simulation
java.lang.NullPointerException
	at repast.simphony.engine.controller.ScheduledMethodControllerAction.processContext(ScheduledMethodControllerAction.java:157)
	at repast.simphony.engine.controller.ScheduledMethodControllerAction.runInitialize(ScheduledMethodControllerAction.java:182)
	at repast.simphony.engine.controller.DefaultController$2.visit(DefaultController.java:214)
	at repast.simphony.engine.controller.DefaultController$2.visit(DefaultController.java:1)
	at repast.simphony.util.collections.NaryTree.preOrderTraverals(NaryTree.java:292)
	at repast.simphony.util.collections.NaryTree.preOrderTraverals(NaryTree.java:295)
	at repast.simphony.util.collections.NaryTree.preOrderTraversal(NaryTree.java:288)
	at repast.simphony.engine.controller.DefaultController.runInitialize(DefaultController.java:212)
	at repast.simphony.engine.controller.DefaultController.runInitialize(DefaultController.java:383)
	at repast.simphony.ui.RSApplication.initSim(RSApplication.java:157)
	at repast.simphony.ui.RSApplication.start(RSApplication.java:189)
	at repast.simphony.ui.action.StartRun.actionPerformed(StartRun.java:17)
	at javax.swing.AbstractButton.fireActionPerformed(AbstractButton.java:2022)
	at javax.swing.AbstractButton$Handler.actionPerformed(AbstractButton.java:2348)
	at javax.swing.DefaultButtonModel.fireActionPerformed(DefaultButtonModel.java:402)
	at javax.swing.DefaultButtonModel.setPressed(DefaultButtonModel.java:259)
	at javax.swing.plaf.basic.BasicButtonListener.mouseReleased(BasicButtonListener.java:252)
	at java.awt.AWTEventMulticaster.mouseReleased(AWTEventMulticaster.java:289)
	at java.awt.Component.processMouseEvent(Component.java:6533)
	at javax.swing.JComponent.processMouseEvent(JComponent.java:3324)
	at java.awt.Component.processEvent(Component.java:6298)
	at java.awt.Container.processEvent(Container.java:2236)
	at java.awt.Component.dispatchEventImpl(Component.java:4889)
	at java.awt.Container.dispatchEventImpl(Container.java:2294)
	at java.awt.Component.dispatchEvent(Component.java:4711)
	at java.awt.LightweightDispatcher.retargetMouseEvent(Container.java:4888)
	at java.awt.LightweightDispatcher.processMouseEvent(Container.java:4525)
	at java.awt.LightweightDispatcher.dispatchEvent(Container.java:4466)
	at java.awt.Container.dispatchEventImpl(Container.java:2280)
	at java.awt.Window.dispatchEventImpl(Window.java:2746)
	at java.awt.Component.dispatchEvent(Component.java:4711)
	at java.awt.EventQueue.dispatchEventImpl(EventQueue.java:758)
	at java.awt.EventQueue.access$500(EventQueue.java:97)
	at java.awt.EventQueue$3.run(EventQueue.java:709)
	at java.awt.EventQueue$3.run(EventQueue.java:703)
	at java.security.AccessController.doPrivileged(Native Method)
	at java.security.ProtectionDomain$JavaSecurityAccessImpl.doIntersectionPrivilege(ProtectionDomain.java:80)
	at java.security.ProtectionDomain$JavaSecurityAccessImpl.doIntersectionPrivilege(ProtectionDomain.java:90)
	at java.awt.EventQueue$4.run(EventQueue.java:731)
	at java.awt.EventQueue$4.run(EventQueue.java:729)
	at java.security.AccessController.doPrivileged(Native Method)
	at java.security.ProtectionDomain$JavaSecurityAccessImpl.doIntersectionPrivilege(ProtectionDomain.java:80)
	at java.awt.EventQueue.dispatchEvent(EventQueue.java:728)
	at java.awt.EventDispatchThread.pumpOneEventForFilters(EventDispatchThread.java:201)
	at java.awt.EventDispatchThread.pumpEventsForFilter(EventDispatchThread.java:116)
	at java.awt.EventDispatchThread.pumpEventsForHierarchy(EventDispatchThread.java:105)
	at java.awt.EventDispatchThread.pumpEvents(EventDispatchThread.java:101)
	at java.awt.EventDispatchThread.pumpEvents(EventDispatchThread.java:93)
	at java.awt.EventDispatchThread.run(EventDispatchThread.java:82)
FATAL [Thread-5] 2017-12-06 15:57:24,492 repast.simphony.ui.GUIScheduleRunner - RunTimeException when running the schedule
Current tick (2.0)
java.lang.NullPointerException
	at agents.Central$CentralBehaviour.action(Central.java:85)
	at sajas.core.behaviours.Behaviour.actionWrapper(Behaviour.java:341)
	at sajas.core.Agent.step(Agent.java:205)
	at sajas.sim.repasts.AgentAction.execute(AgentAction.java:69)
	at repast.simphony.engine.schedule.DefaultAction.execute(DefaultAction.java:38)
	at repast.simphony.engine.schedule.ScheduleGroup.executeList(ScheduleGroup.java:205)
	at repast.simphony.engine.schedule.ScheduleGroup.execute(ScheduleGroup.java:231)
	at repast.simphony.engine.schedule.Schedule.execute(Schedule.java:352)
	at repast.simphony.ui.GUIScheduleRunner$ScheduleLoopRunnable.run(GUIScheduleRunner.java:52)
	at java.lang.Thread.run(Thread.java:748)
FATAL [Thread-5] 2017-12-06 16:04:41,633 repast.simphony.ui.GUIScheduleRunner - RunTimeException when running the schedule
Current tick (2.0)
java.lang.NullPointerException
	at agents.Client$ClientBehaviour.action(Client.java:82)
	at sajas.core.behaviours.Behaviour.actionWrapper(Behaviour.java:341)
	at sajas.core.Agent.step(Agent.java:205)
	at sajas.sim.repasts.AgentAction.execute(AgentAction.java:69)
	at repast.simphony.engine.schedule.DefaultAction.execute(DefaultAction.java:38)
	at repast.simphony.engine.schedule.ScheduleGroup.executeList(ScheduleGroup.java:205)
	at repast.simphony.engine.schedule.ScheduleGroup.execute(ScheduleGroup.java:231)
	at repast.simphony.engine.schedule.Schedule.execute(Schedule.java:352)
	at repast.simphony.ui.GUIScheduleRunner$ScheduleLoopRunnable.run(GUIScheduleRunner.java:52)
	at java.lang.Thread.run(Thread.java:748)
INFO  [AWT-EventQueue-0] 2017-12-06 21:53:30,513 repast.simphony.batch.gui.BatchConfigMediator - Writing batch run config file to: C:\Users\Diogo\workspace\TaxiM\output\config.props
INFO  [AWT-EventQueue-0] 2017-12-06 21:53:30,619 repast.simphony.batch.gui.BatchConfigMediator - Unrolling batch parameter file:
	C:\Users\Diogo\workspace\TaxiM\batch\batch_params.xml to
	C:\Users\Diogo\AppData\Local\Temp\unrolledParamFile.txt
INFO  [SwingWorker-pool-1-thread-1] 2017-12-06 21:53:39,500 repast.simphony.batch.ssh.LocalSession - 
	Copying locally C:\Users\Diogo\AppData\Local\Temp\Diogo_localhost4141749293876614447.zip to 
C:\Users\Diogo\AppData\Local\Temp\simphony_model_1512593616467 ...
INFO  [SwingWorker-pool-1-thread-1] 2017-12-06 21:53:39,535 repast.simphony.batch.ssh.LocalSession - Copying Finished.
INFO  [SwingWorker-pool-1-thread-1] 2017-12-06 21:53:39,536 repast.simphony.batch.ssh.SessionsDriver - Initialization Time: 0,0512
INFO  [SwingWorker-pool-1-thread-1] 2017-12-06 21:53:39,536 repast.simphony.batch.ssh.LocalSession - Unzipping model C:\Users\Diogo\AppData\Local\Temp\simphony_model_1512593616467\Diogo_localhost4141749293876614447.zip
INFO  [SwingWorker-pool-1-thread-1] 2017-12-06 21:53:42,780 repast.simphony.batch.ssh.LocalSession - Running model on localhost ...
INFO  [Thread-3] 2017-12-06 21:53:58,880 repast.simphony.batch.ssh.LocalSession - ERROR [main] 21:53:58,877 repast.simphony.batch.InstanceRunner - Error while running model
INFO  [Thread-3] 2017-12-06 21:53:58,880 repast.simphony.batch.ssh.LocalSession - java.lang.ArrayIndexOutOfBoundsException: 1
INFO  [Thread-3] 2017-12-06 21:53:58,881 repast.simphony.batch.ssh.LocalSession - 	at repast.simphony.batch.parameter.ParameterLineParser.parse(ParameterLineParser.java:55)
INFO  [Thread-3] 2017-12-06 21:53:58,881 repast.simphony.batch.ssh.LocalSession - 	at repast.simphony.batch.InstanceRunner.run(InstanceRunner.java:193)
INFO  [Thread-3] 2017-12-06 21:53:58,881 repast.simphony.batch.ssh.LocalSession - 	at repast.simphony.batch.InstanceRunner.main(InstanceRunner.java:217)
INFO  [AWT-EventQueue-0] 2017-12-06 21:55:09,874 repast.simphony.batch.gui.BatchConfigMediator - Writing batch run config file to: C:\Users\Diogo\workspace\TaxiM\output\config.props
INFO  [AWT-EventQueue-0] 2017-12-06 21:55:09,947 repast.simphony.batch.gui.BatchConfigMediator - Unrolling batch parameter file:
	C:\Users\Diogo\workspace\TaxiM\batch\batch_params.xml to
	C:\Users\Diogo\AppData\Local\Temp\unrolledParamFile.txt
INFO  [AWT-EventQueue-0] 2017-12-06 21:55:17,219 repast.simphony.batch.gui.BatchConfigMediator - Writing batch run config file to: C:\Users\Diogo\workspace\TaxiM\output\config.props
INFO  [AWT-EventQueue-0] 2017-12-06 21:55:17,221 repast.simphony.batch.gui.BatchConfigMediator - Unrolling batch parameter file:
	C:\Users\Diogo\workspace\TaxiM\batch\batch_params.xml to
	C:\Users\Diogo\AppData\Local\Temp\unrolledParamFile.txt
INFO  [SwingWorker-pool-1-thread-2] 2017-12-06 21:55:24,839 repast.simphony.batch.ssh.LocalSession - 
	Copying locally C:\Users\Diogo\AppData\Local\Temp\Diogo_localhost8111041780897488266.zip to 
C:\Users\Diogo\AppData\Local\Temp\simphony_model_1512593722003 ...
INFO  [SwingWorker-pool-1-thread-2] 2017-12-06 21:55:24,867 repast.simphony.batch.ssh.LocalSession - Copying Finished.
INFO  [SwingWorker-pool-1-thread-2] 2017-12-06 21:55:24,868 repast.simphony.batch.ssh.SessionsDriver - Initialization Time: 0,0477
INFO  [SwingWorker-pool-1-thread-2] 2017-12-06 21:55:24,868 repast.simphony.batch.ssh.LocalSession - Unzipping model C:\Users\Diogo\AppData\Local\Temp\simphony_model_1512593722003\Diogo_localhost8111041780897488266.zip
INFO  [SwingWorker-pool-1-thread-2] 2017-12-06 21:55:27,094 repast.simphony.batch.ssh.LocalSession - Running model on localhost ...
INFO  [Thread-3] 2017-12-06 21:55:46,584 repast.simphony.batch.ssh.LocalSession - ERROR [main] 21:55:46,582 repast.simphony.batch.InstanceRunner - Error while running model
INFO  [Thread-3] 2017-12-06 21:55:46,584 repast.simphony.batch.ssh.LocalSession - java.lang.ArrayIndexOutOfBoundsException: 1
INFO  [Thread-3] 2017-12-06 21:55:46,584 repast.simphony.batch.ssh.LocalSession - 	at repast.simphony.batch.parameter.ParameterLineParser.parse(ParameterLineParser.java:55)
INFO  [Thread-3] 2017-12-06 21:55:46,584 repast.simphony.batch.ssh.LocalSession - 	at repast.simphony.batch.InstanceRunner.run(InstanceRunner.java:193)
INFO  [Thread-3] 2017-12-06 21:55:46,584 repast.simphony.batch.ssh.LocalSession - 	at repast.simphony.batch.InstanceRunner.main(InstanceRunner.java:217)
