2017-12-08 00:20:44,293 - ************************************************************** 
2017-12-08 00:20:44,293 - Starting Jakarta Velocity v1.4
2017-12-08 00:20:44,293 - RuntimeInstance initializing.
2017-12-08 00:20:44,293 - Default Properties File: org\apache\velocity\runtime\defaults\velocity.properties
2017-12-08 00:20:44,293 - Trying to use logger class org.apache.velocity.runtime.log.SimpleLog4JLogSystem
2017-12-08 00:20:44,293 - Using logger class org.apache.velocity.runtime.log.SimpleLog4JLogSystem
2017-12-08 00:20:44,297 - Default ResourceManager initializing. (class org.apache.velocity.runtime.resource.ResourceManagerImpl)
2017-12-08 00:20:44,300 - Resource Loader Instantiated: org.apache.velocity.runtime.resource.loader.ClasspathResourceLoader
2017-12-08 00:20:44,301 - ClasspathResourceLoader : initialization starting.
2017-12-08 00:20:44,301 - ClasspathResourceLoader : initialization complete.
2017-12-08 00:20:44,303 - ResourceCache : initialized. (class org.apache.velocity.runtime.resource.ResourceCacheImpl)
2017-12-08 00:20:44,303 - Default ResourceManager initialization complete.
2017-12-08 00:20:44,306 - Loaded System Directive: org.apache.velocity.runtime.directive.Literal
2017-12-08 00:20:44,308 - Loaded System Directive: org.apache.velocity.runtime.directive.Macro
2017-12-08 00:20:44,310 - Loaded System Directive: org.apache.velocity.runtime.directive.Parse
2017-12-08 00:20:44,315 - Loaded System Directive: org.apache.velocity.runtime.directive.Include
2017-12-08 00:20:44,316 - Loaded System Directive: org.apache.velocity.runtime.directive.Foreach
2017-12-08 00:20:44,338 - Created: 20 parsers.
2017-12-08 00:20:44,345 - Velocimacro : initialization starting.
2017-12-08 00:20:44,345 - Velocimacro : adding VMs from VM library template : VM_global_library.vm
2017-12-08 00:20:44,353 - ResourceManager : unable to find resource 'VM_global_library.vm' in any resource loader.
2017-12-08 00:20:44,353 - Velocimacro : error using  VM library template VM_global_library.vm : org.apache.velocity.exception.ResourceNotFoundException: Unable to find resource 'VM_global_library.vm'
2017-12-08 00:20:44,353 - Velocimacro :  VM library template macro registration complete.
2017-12-08 00:20:44,353 - Velocimacro : allowInline = true : VMs can be defined inline in templates
2017-12-08 00:20:44,353 - Velocimacro : allowInlineToOverride = false : VMs defined inline may NOT replace previous VM definitions
2017-12-08 00:20:44,353 - Velocimacro : allowInlineLocal = false : VMs defined inline will be  global in scope if allowed.
2017-12-08 00:20:44,353 - Velocimacro : messages on  : VM system will output logging messages
2017-12-08 00:20:44,353 - Velocimacro : autoload off  : VM system will not automatically reload global library macros
2017-12-08 00:20:44,353 - Velocimacro : initialization complete.
2017-12-08 00:20:44,353 - Velocity successfully started.
2017-12-08 00:21:08,678 - SimpleLog4JLogSystem initialized using logfile 'velocity.log'
2017-12-08 00:21:08,678 - ************************************************************** 
2017-12-08 00:21:08,678 - Starting Jakarta Velocity v1.4
2017-12-08 00:21:08,678 - RuntimeInstance initializing.
2017-12-08 00:21:08,678 - Default Properties File: org\apache\velocity\runtime\defaults\velocity.properties
2017-12-08 00:21:08,678 - Trying to use logger class org.apache.velocity.runtime.log.SimpleLog4JLogSystem
2017-12-08 00:21:08,678 - Using logger class org.apache.velocity.runtime.log.SimpleLog4JLogSystem
2017-12-08 00:21:08,681 - Default ResourceManager initializing. (class org.apache.velocity.runtime.resource.ResourceManagerImpl)
2017-12-08 00:21:08,683 - Resource Loader Instantiated: org.apache.velocity.runtime.resource.loader.ClasspathResourceLoader
2017-12-08 00:21:08,683 - ClasspathResourceLoader : initialization starting.
2017-12-08 00:21:08,683 - ClasspathResourceLoader : initialization complete.
2017-12-08 00:21:08,685 - ResourceCache : initialized. (class org.apache.velocity.runtime.resource.ResourceCacheImpl)
2017-12-08 00:21:08,685 - Default ResourceManager initialization complete.
2017-12-08 00:21:08,687 - Loaded System Directive: org.apache.velocity.runtime.directive.Literal
2017-12-08 00:21:08,688 - Loaded System Directive: org.apache.velocity.runtime.directive.Macro
2017-12-08 00:21:08,690 - Loaded System Directive: org.apache.velocity.runtime.directive.Parse
2017-12-08 00:21:08,692 - Loaded System Directive: org.apache.velocity.runtime.directive.Include
2017-12-08 00:21:08,693 - Loaded System Directive: org.apache.velocity.runtime.directive.Foreach
2017-12-08 00:21:08,714 - Created: 20 parsers.
2017-12-08 00:21:08,721 - Velocimacro : initialization starting.
2017-12-08 00:21:08,721 - Velocimacro : adding VMs from VM library template : VM_global_library.vm
2017-12-08 00:21:08,728 - ResourceManager : unable to find resource 'VM_global_library.vm' in any resource loader.
2017-12-08 00:21:08,728 - Velocimacro : error using  VM library template VM_global_library.vm : org.apache.velocity.exception.ResourceNotFoundException: Unable to find resource 'VM_global_library.vm'
2017-12-08 00:21:08,728 - Velocimacro :  VM library template macro registration complete.
2017-12-08 00:21:08,728 - Velocimacro : allowInline = true : VMs can be defined inline in templates
2017-12-08 00:21:08,728 - Velocimacro : allowInlineToOverride = false : VMs defined inline may NOT replace previous VM definitions
2017-12-08 00:21:08,728 - Velocimacro : allowInlineLocal = false : VMs defined inline will be  global in scope if allowed.
2017-12-08 00:21:08,728 - Velocimacro : messages on  : VM system will output logging messages
2017-12-08 00:21:08,728 - Velocimacro : autoload off  : VM system will not automatically reload global library macros
2017-12-08 00:21:08,728 - Velocimacro : initialization complete.
2017-12-08 00:21:08,728 - Velocity successfully started.
2017-12-08 00:22:18,487 - SimpleLog4JLogSystem initialized using logfile 'velocity.log'
2017-12-08 00:22:18,487 - ************************************************************** 
2017-12-08 00:22:18,488 - Starting Jakarta Velocity v1.4
2017-12-08 00:22:18,488 - RuntimeInstance initializing.
2017-12-08 00:22:18,488 - Default Properties File: org\apache\velocity\runtime\defaults\velocity.properties
2017-12-08 00:22:18,488 - Trying to use logger class org.apache.velocity.runtime.log.SimpleLog4JLogSystem
2017-12-08 00:22:18,488 - Using logger class org.apache.velocity.runtime.log.SimpleLog4JLogSystem
2017-12-08 00:22:18,490 - Default ResourceManager initializing. (class org.apache.velocity.runtime.resource.ResourceManagerImpl)
2017-12-08 00:22:18,492 - Resource Loader Instantiated: org.apache.velocity.runtime.resource.loader.ClasspathResourceLoader
2017-12-08 00:22:18,492 - ClasspathResourceLoader : initialization starting.
2017-12-08 00:22:18,492 - ClasspathResourceLoader : initialization complete.
2017-12-08 00:22:18,494 - ResourceCache : initialized. (class org.apache.velocity.runtime.resource.ResourceCacheImpl)
2017-12-08 00:22:18,494 - Default ResourceManager initialization complete.
2017-12-08 00:22:18,496 - Loaded System Directive: org.apache.velocity.runtime.directive.Literal
2017-12-08 00:22:18,497 - Loaded System Directive: org.apache.velocity.runtime.directive.Macro
2017-12-08 00:22:18,500 - Loaded System Directive: org.apache.velocity.runtime.directive.Parse
2017-12-08 00:22:18,501 - Loaded System Directive: org.apache.velocity.runtime.directive.Include
2017-12-08 00:22:18,502 - Loaded System Directive: org.apache.velocity.runtime.directive.Foreach
2017-12-08 00:22:18,527 - Created: 20 parsers.
2017-12-08 00:22:18,533 - Velocimacro : initialization starting.
2017-12-08 00:22:18,533 - Velocimacro : adding VMs from VM library template : VM_global_library.vm
2017-12-08 00:22:18,540 - ResourceManager : unable to find resource 'VM_global_library.vm' in any resource loader.
2017-12-08 00:22:18,540 - Velocimacro : error using  VM library template VM_global_library.vm : org.apache.velocity.exception.ResourceNotFoundException: Unable to find resource 'VM_global_library.vm'
2017-12-08 00:22:18,540 - Velocimacro :  VM library template macro registration complete.
2017-12-08 00:22:18,540 - Velocimacro : allowInline = true : VMs can be defined inline in templates
2017-12-08 00:22:18,540 - Velocimacro : allowInlineToOverride = false : VMs defined inline may NOT replace previous VM definitions
2017-12-08 00:22:18,540 - Velocimacro : allowInlineLocal = false : VMs defined inline will be  global in scope if allowed.
2017-12-08 00:22:18,540 - Velocimacro : messages on  : VM system will output logging messages
2017-12-08 00:22:18,541 - Velocimacro : autoload off  : VM system will not automatically reload global library macros
2017-12-08 00:22:18,541 - Velocimacro : initialization complete.
2017-12-08 00:22:18,541 - Velocity successfully started.
2017-12-08 00:25:17,329 - SimpleLog4JLogSystem initialized using logfile 'velocity.log'
2017-12-08 00:25:17,330 - ************************************************************** 
2017-12-08 00:25:17,330 - Starting Jakarta Velocity v1.4
2017-12-08 00:25:17,330 - RuntimeInstance initializing.
2017-12-08 00:25:17,330 - Default Properties File: org\apache\velocity\runtime\defaults\velocity.properties
2017-12-08 00:25:17,330 - Trying to use logger class org.apache.velocity.runtime.log.SimpleLog4JLogSystem
2017-12-08 00:25:17,330 - Using logger class org.apache.velocity.runtime.log.SimpleLog4JLogSystem
2017-12-08 00:25:17,332 - Default ResourceManager initializing. (class org.apache.velocity.runtime.resource.ResourceManagerImpl)
2017-12-08 00:25:17,334 - Resource Loader Instantiated: org.apache.velocity.runtime.resource.loader.ClasspathResourceLoader
2017-12-08 00:25:17,334 - ClasspathResourceLoader : initialization starting.
2017-12-08 00:25:17,335 - ClasspathResourceLoader : initialization complete.
2017-12-08 00:25:17,336 - ResourceCache : initialized. (class org.apache.velocity.runtime.resource.ResourceCacheImpl)
2017-12-08 00:25:17,336 - Default ResourceManager initialization complete.
2017-12-08 00:25:17,338 - Loaded System Directive: org.apache.velocity.runtime.directive.Literal
2017-12-08 00:25:17,340 - Loaded System Directive: org.apache.velocity.runtime.directive.Macro
2017-12-08 00:25:17,342 - Loaded System Directive: org.apache.velocity.runtime.directive.Parse
2017-12-08 00:25:17,343 - Loaded System Directive: org.apache.velocity.runtime.directive.Include
2017-12-08 00:25:17,344 - Loaded System Directive: org.apache.velocity.runtime.directive.Foreach
2017-12-08 00:25:17,366 - Created: 20 parsers.
2017-12-08 00:25:17,376 - Velocimacro : initialization starting.
2017-12-08 00:25:17,377 - Velocimacro : adding VMs from VM library template : VM_global_library.vm
2017-12-08 00:25:17,383 - ResourceManager : unable to find resource 'VM_global_library.vm' in any resource loader.
2017-12-08 00:25:17,383 - Velocimacro : error using  VM library template VM_global_library.vm : org.apache.velocity.exception.ResourceNotFoundException: Unable to find resource 'VM_global_library.vm'
2017-12-08 00:25:17,383 - Velocimacro :  VM library template macro registration complete.
2017-12-08 00:25:17,383 - Velocimacro : allowInline = true : VMs can be defined inline in templates
2017-12-08 00:25:17,383 - Velocimacro : allowInlineToOverride = false : VMs defined inline may NOT replace previous VM definitions
2017-12-08 00:25:17,383 - Velocimacro : allowInlineLocal = false : VMs defined inline will be  global in scope if allowed.
2017-12-08 00:25:17,384 - Velocimacro : messages on  : VM system will output logging messages
2017-12-08 00:25:17,384 - Velocimacro : autoload off  : VM system will not automatically reload global library macros
2017-12-08 00:25:17,384 - Velocimacro : initialization complete.
2017-12-08 00:25:17,384 - Velocity successfully started.
2017-12-08 00:38:20,740 - SimpleLog4JLogSystem initialized using logfile 'velocity.log'
2017-12-08 00:38:20,740 - ************************************************************** 
2017-12-08 00:38:20,740 - Starting Jakarta Velocity v1.4
2017-12-08 00:38:20,740 - RuntimeInstance initializing.
2017-12-08 00:38:20,740 - Default Properties File: org\apache\velocity\runtime\defaults\velocity.properties
2017-12-08 00:38:20,741 - Trying to use logger class org.apache.velocity.runtime.log.SimpleLog4JLogSystem
2017-12-08 00:38:20,741 - Using logger class org.apache.velocity.runtime.log.SimpleLog4JLogSystem
2017-12-08 00:38:20,746 - Default ResourceManager initializing. (class org.apache.velocity.runtime.resource.ResourceManagerImpl)
2017-12-08 00:38:20,748 - Resource Loader Instantiated: org.apache.velocity.runtime.resource.loader.ClasspathResourceLoader
2017-12-08 00:38:20,749 - ClasspathResourceLoader : initialization starting.
2017-12-08 00:38:20,749 - ClasspathResourceLoader : initialization complete.
2017-12-08 00:38:20,750 - ResourceCache : initialized. (class org.apache.velocity.runtime.resource.ResourceCacheImpl)
2017-12-08 00:38:20,750 - Default ResourceManager initialization complete.
2017-12-08 00:38:20,752 - Loaded System Directive: org.apache.velocity.runtime.directive.Literal
2017-12-08 00:38:20,754 - Loaded System Directive: org.apache.velocity.runtime.directive.Macro
2017-12-08 00:38:20,756 - Loaded System Directive: org.apache.velocity.runtime.directive.Parse
2017-12-08 00:38:20,757 - Loaded System Directive: org.apache.velocity.runtime.directive.Include
2017-12-08 00:38:20,758 - Loaded System Directive: org.apache.velocity.runtime.directive.Foreach
2017-12-08 00:38:20,780 - Created: 20 parsers.
2017-12-08 00:38:20,786 - Velocimacro : initialization starting.
2017-12-08 00:38:20,787 - Velocimacro : adding VMs from VM library template : VM_global_library.vm
2017-12-08 00:38:20,793 - ResourceManager : unable to find resource 'VM_global_library.vm' in any resource loader.
2017-12-08 00:38:20,793 - Velocimacro : error using  VM library template VM_global_library.vm : org.apache.velocity.exception.ResourceNotFoundException: Unable to find resource 'VM_global_library.vm'
2017-12-08 00:38:20,793 - Velocimacro :  VM library template macro registration complete.
2017-12-08 00:38:20,794 - Velocimacro : allowInline = true : VMs can be defined inline in templates
2017-12-08 00:38:20,794 - Velocimacro : allowInlineToOverride = false : VMs defined inline may NOT replace previous VM definitions
2017-12-08 00:38:20,794 - Velocimacro : allowInlineLocal = false : VMs defined inline will be  global in scope if allowed.
2017-12-08 00:38:20,794 - Velocimacro : messages on  : VM system will output logging messages
2017-12-08 00:38:20,794 - Velocimacro : autoload off  : VM system will not automatically reload global library macros
2017-12-08 00:38:20,794 - Velocimacro : initialization complete.
2017-12-08 00:38:20,794 - Velocity successfully started.
2017-12-08 00:38:57,558 - SimpleLog4JLogSystem initialized using logfile 'velocity.log'
2017-12-08 00:38:57,558 - ************************************************************** 
2017-12-08 00:38:57,558 - Starting Jakarta Velocity v1.4
2017-12-08 00:38:57,558 - RuntimeInstance initializing.
2017-12-08 00:38:57,558 - Default Properties File: org\apache\velocity\runtime\defaults\velocity.properties
2017-12-08 00:38:57,558 - Trying to use logger class org.apache.velocity.runtime.log.SimpleLog4JLogSystem
2017-12-08 00:38:57,558 - Using logger class org.apache.velocity.runtime.log.SimpleLog4JLogSystem
2017-12-08 00:38:57,561 - Default ResourceManager initializing. (class org.apache.velocity.runtime.resource.ResourceManagerImpl)
2017-12-08 00:38:57,563 - Resource Loader Instantiated: org.apache.velocity.runtime.resource.loader.ClasspathResourceLoader
2017-12-08 00:38:57,563 - ClasspathResourceLoader : initialization starting.
2017-12-08 00:38:57,563 - ClasspathResourceLoader : initialization complete.
2017-12-08 00:38:57,565 - ResourceCache : initialized. (class org.apache.velocity.runtime.resource.ResourceCacheImpl)
2017-12-08 00:38:57,565 - Default ResourceManager initialization complete.
2017-12-08 00:38:57,567 - Loaded System Directive: org.apache.velocity.runtime.directive.Literal
2017-12-08 00:38:57,568 - Loaded System Directive: org.apache.velocity.runtime.directive.Macro
2017-12-08 00:38:57,571 - Loaded System Directive: org.apache.velocity.runtime.directive.Parse
2017-12-08 00:38:57,572 - Loaded System Directive: org.apache.velocity.runtime.directive.Include
2017-12-08 00:38:57,573 - Loaded System Directive: org.apache.velocity.runtime.directive.Foreach
2017-12-08 00:38:57,595 - Created: 20 parsers.
2017-12-08 00:38:57,601 - Velocimacro : initialization starting.
2017-12-08 00:38:57,601 - Velocimacro : adding VMs from VM library template : VM_global_library.vm
2017-12-08 00:38:57,608 - ResourceManager : unable to find resource 'VM_global_library.vm' in any resource loader.
2017-12-08 00:38:57,608 - Velocimacro : error using  VM library template VM_global_library.vm : org.apache.velocity.exception.ResourceNotFoundException: Unable to find resource 'VM_global_library.vm'
2017-12-08 00:38:57,608 - Velocimacro :  VM library template macro registration complete.
2017-12-08 00:38:57,608 - Velocimacro : allowInline = true : VMs can be defined inline in templates
2017-12-08 00:38:57,608 - Velocimacro : allowInlineToOverride = false : VMs defined inline may NOT replace previous VM definitions
2017-12-08 00:38:57,608 - Velocimacro : allowInlineLocal = false : VMs defined inline will be  global in scope if allowed.
2017-12-08 00:38:57,608 - Velocimacro : messages on  : VM system will output logging messages
2017-12-08 00:38:57,608 - Velocimacro : autoload off  : VM system will not automatically reload global library macros
2017-12-08 00:38:57,608 - Velocimacro : initialization complete.
2017-12-08 00:38:57,608 - Velocity successfully started.
2017-12-08 00:40:18,118 - SimpleLog4JLogSystem initialized using logfile 'velocity.log'
2017-12-08 00:40:18,119 - ************************************************************** 
2017-12-08 00:40:18,119 - Starting Jakarta Velocity v1.4
2017-12-08 00:40:18,119 - RuntimeInstance initializing.
2017-12-08 00:40:18,119 - Default Properties File: org\apache\velocity\runtime\defaults\velocity.properties
2017-12-08 00:40:18,119 - Trying to use logger class org.apache.velocity.runtime.log.SimpleLog4JLogSystem
2017-12-08 00:40:18,119 - Using logger class org.apache.velocity.runtime.log.SimpleLog4JLogSystem
2017-12-08 00:40:18,121 - Default ResourceManager initializing. (class org.apache.velocity.runtime.resource.ResourceManagerImpl)
2017-12-08 00:40:18,124 - Resource Loader Instantiated: org.apache.velocity.runtime.resource.loader.ClasspathResourceLoader
2017-12-08 00:40:18,124 - ClasspathResourceLoader : initialization starting.
2017-12-08 00:40:18,124 - ClasspathResourceLoader : initialization complete.
2017-12-08 00:40:18,125 - ResourceCache : initialized. (class org.apache.velocity.runtime.resource.ResourceCacheImpl)
2017-12-08 00:40:18,125 - Default ResourceManager initialization complete.
2017-12-08 00:40:18,127 - Loaded System Directive: org.apache.velocity.runtime.directive.Literal
2017-12-08 00:40:18,129 - Loaded System Directive: org.apache.velocity.runtime.directive.Macro
2017-12-08 00:40:18,131 - Loaded System Directive: org.apache.velocity.runtime.directive.Parse
2017-12-08 00:40:18,133 - Loaded System Directive: org.apache.velocity.runtime.directive.Include
2017-12-08 00:40:18,134 - Loaded System Directive: org.apache.velocity.runtime.directive.Foreach
2017-12-08 00:40:18,156 - Created: 20 parsers.
2017-12-08 00:40:18,164 - Velocimacro : initialization starting.
2017-12-08 00:40:18,164 - Velocimacro : adding VMs from VM library template : VM_global_library.vm
2017-12-08 00:40:18,175 - ResourceManager : unable to find resource 'VM_global_library.vm' in any resource loader.
2017-12-08 00:40:18,175 - Velocimacro : error using  VM library template VM_global_library.vm : org.apache.velocity.exception.ResourceNotFoundException: Unable to find resource 'VM_global_library.vm'
2017-12-08 00:40:18,175 - Velocimacro :  VM library template macro registration complete.
2017-12-08 00:40:18,175 - Velocimacro : allowInline = true : VMs can be defined inline in templates
2017-12-08 00:40:18,175 - Velocimacro : allowInlineToOverride = false : VMs defined inline may NOT replace previous VM definitions
2017-12-08 00:40:18,175 - Velocimacro : allowInlineLocal = false : VMs defined inline will be  global in scope if allowed.
2017-12-08 00:40:18,175 - Velocimacro : messages on  : VM system will output logging messages
2017-12-08 00:40:18,175 - Velocimacro : autoload off  : VM system will not automatically reload global library macros
2017-12-08 00:40:18,175 - Velocimacro : initialization complete.
2017-12-08 00:40:18,175 - Velocity successfully started.
2017-12-08 00:41:04,452 - SimpleLog4JLogSystem initialized using logfile 'velocity.log'
2017-12-08 00:41:04,452 - ************************************************************** 
2017-12-08 00:41:04,452 - Starting Jakarta Velocity v1.4
2017-12-08 00:41:04,452 - RuntimeInstance initializing.
2017-12-08 00:41:04,452 - Default Properties File: org\apache\velocity\runtime\defaults\velocity.properties
2017-12-08 00:41:04,452 - Trying to use logger class org.apache.velocity.runtime.log.SimpleLog4JLogSystem
2017-12-08 00:41:04,452 - Using logger class org.apache.velocity.runtime.log.SimpleLog4JLogSystem
2017-12-08 00:41:04,454 - Default ResourceManager initializing. (class org.apache.velocity.runtime.resource.ResourceManagerImpl)
2017-12-08 00:41:04,457 - Resource Loader Instantiated: org.apache.velocity.runtime.resource.loader.ClasspathResourceLoader
2017-12-08 00:41:04,457 - ClasspathResourceLoader : initialization starting.
2017-12-08 00:41:04,457 - ClasspathResourceLoader : initialization complete.
2017-12-08 00:41:04,458 - ResourceCache : initialized. (class org.apache.velocity.runtime.resource.ResourceCacheImpl)
2017-12-08 00:41:04,458 - Default ResourceManager initialization complete.
2017-12-08 00:41:04,460 - Loaded System Directive: org.apache.velocity.runtime.directive.Literal
2017-12-08 00:41:04,462 - Loaded System Directive: org.apache.velocity.runtime.directive.Macro
2017-12-08 00:41:04,464 - Loaded System Directive: org.apache.velocity.runtime.directive.Parse
2017-12-08 00:41:04,465 - Loaded System Directive: org.apache.velocity.runtime.directive.Include
2017-12-08 00:41:04,467 - Loaded System Directive: org.apache.velocity.runtime.directive.Foreach
2017-12-08 00:41:04,488 - Created: 20 parsers.
2017-12-08 00:41:04,495 - Velocimacro : initialization starting.
2017-12-08 00:41:04,495 - Velocimacro : adding VMs from VM library template : VM_global_library.vm
2017-12-08 00:41:04,505 - ResourceManager : unable to find resource 'VM_global_library.vm' in any resource loader.
2017-12-08 00:41:04,505 - Velocimacro : error using  VM library template VM_global_library.vm : org.apache.velocity.exception.ResourceNotFoundException: Unable to find resource 'VM_global_library.vm'
2017-12-08 00:41:04,505 - Velocimacro :  VM library template macro registration complete.
2017-12-08 00:41:04,505 - Velocimacro : allowInline = true : VMs can be defined inline in templates
2017-12-08 00:41:04,505 - Velocimacro : allowInlineToOverride = false : VMs defined inline may NOT replace previous VM definitions
2017-12-08 00:41:04,505 - Velocimacro : allowInlineLocal = false : VMs defined inline will be  global in scope if allowed.
2017-12-08 00:41:04,505 - Velocimacro : messages on  : VM system will output logging messages
2017-12-08 00:41:04,505 - Velocimacro : autoload off  : VM system will not automatically reload global library macros
2017-12-08 00:41:04,505 - Velocimacro : initialization complete.
2017-12-08 00:41:04,505 - Velocity successfully started.
2017-12-08 00:46:51,267 - SimpleLog4JLogSystem initialized using logfile 'velocity.log'
2017-12-08 00:46:51,267 - ************************************************************** 
2017-12-08 00:46:51,267 - Starting Jakarta Velocity v1.4
2017-12-08 00:46:51,267 - RuntimeInstance initializing.
2017-12-08 00:46:51,267 - Default Properties File: org\apache\velocity\runtime\defaults\velocity.properties
2017-12-08 00:46:51,267 - Trying to use logger class org.apache.velocity.runtime.log.SimpleLog4JLogSystem
2017-12-08 00:46:51,267 - Using logger class org.apache.velocity.runtime.log.SimpleLog4JLogSystem
2017-12-08 00:46:51,269 - Default ResourceManager initializing. (class org.apache.velocity.runtime.resource.ResourceManagerImpl)
2017-12-08 00:46:51,272 - Resource Loader Instantiated: org.apache.velocity.runtime.resource.loader.ClasspathResourceLoader
2017-12-08 00:46:51,272 - ClasspathResourceLoader : initialization starting.
2017-12-08 00:46:51,272 - ClasspathResourceLoader : initialization complete.
2017-12-08 00:46:51,273 - ResourceCache : initialized. (class org.apache.velocity.runtime.resource.ResourceCacheImpl)
2017-12-08 00:46:51,273 - Default ResourceManager initialization complete.
2017-12-08 00:46:51,275 - Loaded System Directive: org.apache.velocity.runtime.directive.Literal
2017-12-08 00:46:51,277 - Loaded System Directive: org.apache.velocity.runtime.directive.Macro
2017-12-08 00:46:51,279 - Loaded System Directive: org.apache.velocity.runtime.directive.Parse
2017-12-08 00:46:51,281 - Loaded System Directive: org.apache.velocity.runtime.directive.Include
2017-12-08 00:46:51,282 - Loaded System Directive: org.apache.velocity.runtime.directive.Foreach
2017-12-08 00:46:51,308 - Created: 20 parsers.
2017-12-08 00:46:51,315 - Velocimacro : initialization starting.
2017-12-08 00:46:51,315 - Velocimacro : adding VMs from VM library template : VM_global_library.vm
2017-12-08 00:46:51,322 - ResourceManager : unable to find resource 'VM_global_library.vm' in any resource loader.
2017-12-08 00:46:51,322 - Velocimacro : error using  VM library template VM_global_library.vm : org.apache.velocity.exception.ResourceNotFoundException: Unable to find resource 'VM_global_library.vm'
2017-12-08 00:46:51,322 - Velocimacro :  VM library template macro registration complete.
2017-12-08 00:46:51,322 - Velocimacro : allowInline = true : VMs can be defined inline in templates
2017-12-08 00:46:51,322 - Velocimacro : allowInlineToOverride = false : VMs defined inline may NOT replace previous VM definitions
2017-12-08 00:46:51,322 - Velocimacro : allowInlineLocal = false : VMs defined inline will be  global in scope if allowed.
2017-12-08 00:46:51,322 - Velocimacro : messages on  : VM system will output logging messages
2017-12-08 00:46:51,322 - Velocimacro : autoload off  : VM system will not automatically reload global library macros
2017-12-08 00:46:51,322 - Velocimacro : initialization complete.
2017-12-08 00:46:51,322 - Velocity successfully started.
2017-12-08 00:49:34,726 - SimpleLog4JLogSystem initialized using logfile 'velocity.log'
2017-12-08 00:49:34,727 - ************************************************************** 
2017-12-08 00:49:34,727 - Starting Jakarta Velocity v1.4
2017-12-08 00:49:34,727 - RuntimeInstance initializing.
2017-12-08 00:49:34,727 - Default Properties File: org\apache\velocity\runtime\defaults\velocity.properties
2017-12-08 00:49:34,727 - Trying to use logger class org.apache.velocity.runtime.log.SimpleLog4JLogSystem
2017-12-08 00:49:34,727 - Using logger class org.apache.velocity.runtime.log.SimpleLog4JLogSystem
2017-12-08 00:49:34,729 - Default ResourceManager initializing. (class org.apache.velocity.runtime.resource.ResourceManagerImpl)
2017-12-08 00:49:34,731 - Resource Loader Instantiated: org.apache.velocity.runtime.resource.loader.ClasspathResourceLoader
2017-12-08 00:49:34,732 - ClasspathResourceLoader : initialization starting.
2017-12-08 00:49:34,732 - ClasspathResourceLoader : initialization complete.
2017-12-08 00:49:34,733 - ResourceCache : initialized. (class org.apache.velocity.runtime.resource.ResourceCacheImpl)
2017-12-08 00:49:34,733 - Default ResourceManager initialization complete.
2017-12-08 00:49:34,735 - Loaded System Directive: org.apache.velocity.runtime.directive.Literal
2017-12-08 00:49:34,736 - Loaded System Directive: org.apache.velocity.runtime.directive.Macro
2017-12-08 00:49:34,739 - Loaded System Directive: org.apache.velocity.runtime.directive.Parse
2017-12-08 00:49:34,740 - Loaded System Directive: org.apache.velocity.runtime.directive.Include
2017-12-08 00:49:34,741 - Loaded System Directive: org.apache.velocity.runtime.directive.Foreach
2017-12-08 00:49:34,766 - Created: 20 parsers.
2017-12-08 00:49:34,773 - Velocimacro : initialization starting.
2017-12-08 00:49:34,773 - Velocimacro : adding VMs from VM library template : VM_global_library.vm
2017-12-08 00:49:34,780 - ResourceManager : unable to find resource 'VM_global_library.vm' in any resource loader.
2017-12-08 00:49:34,780 - Velocimacro : error using  VM library template VM_global_library.vm : org.apache.velocity.exception.ResourceNotFoundException: Unable to find resource 'VM_global_library.vm'
2017-12-08 00:49:34,780 - Velocimacro :  VM library template macro registration complete.
2017-12-08 00:49:34,780 - Velocimacro : allowInline = true : VMs can be defined inline in templates
2017-12-08 00:49:34,780 - Velocimacro : allowInlineToOverride = false : VMs defined inline may NOT replace previous VM definitions
2017-12-08 00:49:34,780 - Velocimacro : allowInlineLocal = false : VMs defined inline will be  global in scope if allowed.
2017-12-08 00:49:34,780 - Velocimacro : messages on  : VM system will output logging messages
2017-12-08 00:49:34,780 - Velocimacro : autoload off  : VM system will not automatically reload global library macros
2017-12-08 00:49:34,780 - Velocimacro : initialization complete.
2017-12-08 00:49:34,780 - Velocity successfully started.
2017-12-08 00:50:08,377 - ResourceManager : found repast/simphony/parameter/parameters.vt with loader org.apache.velocity.runtime.resource.loader.ClasspathResourceLoader
2017-12-08 00:50:21,460 - ResourceManager : found repast/simphony/scenario/Scenario.vt with loader org.apache.velocity.runtime.resource.loader.ClasspathResourceLoader
2017-12-08 00:51:01,408 - ResourceManager : found repast/simphony/parameter/parameters.vt with loader org.apache.velocity.runtime.resource.loader.ClasspathResourceLoader
2017-12-08 00:53:33,077 - ResourceManager : found repast/simphony/parameter/parameters.vt with loader org.apache.velocity.runtime.resource.loader.ClasspathResourceLoader
2017-12-08 01:06:34,455 - ResourceManager : found repast/simphony/parameter/parameters.vt with loader org.apache.velocity.runtime.resource.loader.ClasspathResourceLoader
2017-12-08 01:17:31,939 - ResourceManager : found repast/simphony/parameter/parameters.vt with loader org.apache.velocity.runtime.resource.loader.ClasspathResourceLoader
2017-12-08 01:17:42,856 - ResourceManager : found repast/simphony/parameter/parameters.vt with loader org.apache.velocity.runtime.resource.loader.ClasspathResourceLoader
2017-12-08 01:20:42,514 - SimpleLog4JLogSystem initialized using logfile 'velocity.log'
2017-12-08 01:20:42,515 - ************************************************************** 
2017-12-08 01:20:42,515 - Starting Jakarta Velocity v1.4
2017-12-08 01:20:42,515 - RuntimeInstance initializing.
2017-12-08 01:20:42,515 - Default Properties File: org\apache\velocity\runtime\defaults\velocity.properties
2017-12-08 01:20:42,515 - Trying to use logger class org.apache.velocity.runtime.log.SimpleLog4JLogSystem
2017-12-08 01:20:42,515 - Using logger class org.apache.velocity.runtime.log.SimpleLog4JLogSystem
2017-12-08 01:20:42,517 - Default ResourceManager initializing. (class org.apache.velocity.runtime.resource.ResourceManagerImpl)
2017-12-08 01:20:42,519 - Resource Loader Instantiated: org.apache.velocity.runtime.resource.loader.ClasspathResourceLoader
2017-12-08 01:20:42,519 - ClasspathResourceLoader : initialization starting.
2017-12-08 01:20:42,519 - ClasspathResourceLoader : initialization complete.
2017-12-08 01:20:42,521 - ResourceCache : initialized. (class org.apache.velocity.runtime.resource.ResourceCacheImpl)
2017-12-08 01:20:42,521 - Default ResourceManager initialization complete.
2017-12-08 01:20:42,524 - Loaded System Directive: org.apache.velocity.runtime.directive.Literal
2017-12-08 01:20:42,528 - Loaded System Directive: org.apache.velocity.runtime.directive.Macro
2017-12-08 01:20:42,531 - Loaded System Directive: org.apache.velocity.runtime.directive.Parse
2017-12-08 01:20:42,532 - Loaded System Directive: org.apache.velocity.runtime.directive.Include
2017-12-08 01:20:42,533 - Loaded System Directive: org.apache.velocity.runtime.directive.Foreach
2017-12-08 01:20:42,555 - Created: 20 parsers.
2017-12-08 01:20:42,561 - Velocimacro : initialization starting.
2017-12-08 01:20:42,561 - Velocimacro : adding VMs from VM library template : VM_global_library.vm
2017-12-08 01:20:42,569 - ResourceManager : unable to find resource 'VM_global_library.vm' in any resource loader.
2017-12-08 01:20:42,569 - Velocimacro : error using  VM library template VM_global_library.vm : org.apache.velocity.exception.ResourceNotFoundException: Unable to find resource 'VM_global_library.vm'
2017-12-08 01:20:42,569 - Velocimacro :  VM library template macro registration complete.
2017-12-08 01:20:42,569 - Velocimacro : allowInline = true : VMs can be defined inline in templates
2017-12-08 01:20:42,569 - Velocimacro : allowInlineToOverride = false : VMs defined inline may NOT replace previous VM definitions
2017-12-08 01:20:42,569 - Velocimacro : allowInlineLocal = false : VMs defined inline will be  global in scope if allowed.
2017-12-08 01:20:42,569 - Velocimacro : messages on  : VM system will output logging messages
2017-12-08 01:20:42,569 - Velocimacro : autoload off  : VM system will not automatically reload global library macros
2017-12-08 01:20:42,569 - Velocimacro : initialization complete.
2017-12-08 01:20:42,569 - Velocity successfully started.
2017-12-08 01:21:37,550 - SimpleLog4JLogSystem initialized using logfile 'velocity.log'
2017-12-08 01:21:37,550 - ************************************************************** 
2017-12-08 01:21:37,550 - Starting Jakarta Velocity v1.4
2017-12-08 01:21:37,550 - RuntimeInstance initializing.
2017-12-08 01:21:37,550 - Default Properties File: org\apache\velocity\runtime\defaults\velocity.properties
2017-12-08 01:21:37,550 - Trying to use logger class org.apache.velocity.runtime.log.SimpleLog4JLogSystem
2017-12-08 01:21:37,550 - Using logger class org.apache.velocity.runtime.log.SimpleLog4JLogSystem
2017-12-08 01:21:37,553 - Default ResourceManager initializing. (class org.apache.velocity.runtime.resource.ResourceManagerImpl)
2017-12-08 01:21:37,555 - Resource Loader Instantiated: org.apache.velocity.runtime.resource.loader.ClasspathResourceLoader
2017-12-08 01:21:37,556 - ClasspathResourceLoader : initialization starting.
2017-12-08 01:21:37,556 - ClasspathResourceLoader : initialization complete.
2017-12-08 01:21:37,557 - ResourceCache : initialized. (class org.apache.velocity.runtime.resource.ResourceCacheImpl)
2017-12-08 01:21:37,557 - Default ResourceManager initialization complete.
2017-12-08 01:21:37,559 - Loaded System Directive: org.apache.velocity.runtime.directive.Literal
2017-12-08 01:21:37,560 - Loaded System Directive: org.apache.velocity.runtime.directive.Macro
2017-12-08 01:21:37,563 - Loaded System Directive: org.apache.velocity.runtime.directive.Parse
2017-12-08 01:21:37,564 - Loaded System Directive: org.apache.velocity.runtime.directive.Include
2017-12-08 01:21:37,565 - Loaded System Directive: org.apache.velocity.runtime.directive.Foreach
2017-12-08 01:21:37,588 - Created: 20 parsers.
2017-12-08 01:21:37,598 - Velocimacro : initialization starting.
2017-12-08 01:21:37,598 - Velocimacro : adding VMs from VM library template : VM_global_library.vm
2017-12-08 01:21:37,605 - ResourceManager : unable to find resource 'VM_global_library.vm' in any resource loader.
2017-12-08 01:21:37,605 - Velocimacro : error using  VM library template VM_global_library.vm : org.apache.velocity.exception.ResourceNotFoundException: Unable to find resource 'VM_global_library.vm'
2017-12-08 01:21:37,605 - Velocimacro :  VM library template macro registration complete.
2017-12-08 01:21:37,606 - Velocimacro : allowInline = true : VMs can be defined inline in templates
2017-12-08 01:21:37,606 - Velocimacro : allowInlineToOverride = false : VMs defined inline may NOT replace previous VM definitions
2017-12-08 01:21:37,606 - Velocimacro : allowInlineLocal = false : VMs defined inline will be  global in scope if allowed.
2017-12-08 01:21:37,606 - Velocimacro : messages on  : VM system will output logging messages
2017-12-08 01:21:37,606 - Velocimacro : autoload off  : VM system will not automatically reload global library macros
2017-12-08 01:21:37,606 - Velocimacro : initialization complete.
2017-12-08 01:21:37,606 - Velocity successfully started.
2017-12-08 01:22:16,574 - SimpleLog4JLogSystem initialized using logfile 'velocity.log'
2017-12-08 01:22:16,574 - ************************************************************** 
2017-12-08 01:22:16,574 - Starting Jakarta Velocity v1.4
2017-12-08 01:22:16,574 - RuntimeInstance initializing.
2017-12-08 01:22:16,574 - Default Properties File: org\apache\velocity\runtime\defaults\velocity.properties
2017-12-08 01:22:16,574 - Trying to use logger class org.apache.velocity.runtime.log.SimpleLog4JLogSystem
2017-12-08 01:22:16,574 - Using logger class org.apache.velocity.runtime.log.SimpleLog4JLogSystem
2017-12-08 01:22:16,577 - Default ResourceManager initializing. (class org.apache.velocity.runtime.resource.ResourceManagerImpl)
2017-12-08 01:22:16,579 - Resource Loader Instantiated: org.apache.velocity.runtime.resource.loader.ClasspathResourceLoader
2017-12-08 01:22:16,579 - ClasspathResourceLoader : initialization starting.
2017-12-08 01:22:16,579 - ClasspathResourceLoader : initialization complete.
2017-12-08 01:22:16,581 - ResourceCache : initialized. (class org.apache.velocity.runtime.resource.ResourceCacheImpl)
2017-12-08 01:22:16,581 - Default ResourceManager initialization complete.
2017-12-08 01:22:16,583 - Loaded System Directive: org.apache.velocity.runtime.directive.Literal
2017-12-08 01:22:16,584 - Loaded System Directive: org.apache.velocity.runtime.directive.Macro
2017-12-08 01:22:16,586 - Loaded System Directive: org.apache.velocity.runtime.directive.Parse
2017-12-08 01:22:16,588 - Loaded System Directive: org.apache.velocity.runtime.directive.Include
2017-12-08 01:22:16,589 - Loaded System Directive: org.apache.velocity.runtime.directive.Foreach
2017-12-08 01:22:16,615 - Created: 20 parsers.
2017-12-08 01:22:16,621 - Velocimacro : initialization starting.
2017-12-08 01:22:16,621 - Velocimacro : adding VMs from VM library template : VM_global_library.vm
2017-12-08 01:22:16,628 - ResourceManager : unable to find resource 'VM_global_library.vm' in any resource loader.
2017-12-08 01:22:16,628 - Velocimacro : error using  VM library template VM_global_library.vm : org.apache.velocity.exception.ResourceNotFoundException: Unable to find resource 'VM_global_library.vm'
2017-12-08 01:22:16,628 - Velocimacro :  VM library template macro registration complete.
2017-12-08 01:22:16,628 - Velocimacro : allowInline = true : VMs can be defined inline in templates
2017-12-08 01:22:16,628 - Velocimacro : allowInlineToOverride = false : VMs defined inline may NOT replace previous VM definitions
2017-12-08 01:22:16,628 - Velocimacro : allowInlineLocal = false : VMs defined inline will be  global in scope if allowed.
2017-12-08 01:22:16,628 - Velocimacro : messages on  : VM system will output logging messages
2017-12-08 01:22:16,628 - Velocimacro : autoload off  : VM system will not automatically reload global library macros
2017-12-08 01:22:16,628 - Velocimacro : initialization complete.
2017-12-08 01:22:16,628 - Velocity successfully started.
2017-12-08 01:23:06,841 - SimpleLog4JLogSystem initialized using logfile 'velocity.log'
2017-12-08 01:23:06,841 - ************************************************************** 
2017-12-08 01:23:06,841 - Starting Jakarta Velocity v1.4
2017-12-08 01:23:06,841 - RuntimeInstance initializing.
2017-12-08 01:23:06,841 - Default Properties File: org\apache\velocity\runtime\defaults\velocity.properties
2017-12-08 01:23:06,841 - Trying to use logger class org.apache.velocity.runtime.log.SimpleLog4JLogSystem
2017-12-08 01:23:06,841 - Using logger class org.apache.velocity.runtime.log.SimpleLog4JLogSystem
2017-12-08 01:23:06,844 - Default ResourceManager initializing. (class org.apache.velocity.runtime.resource.ResourceManagerImpl)
2017-12-08 01:23:06,846 - Resource Loader Instantiated: org.apache.velocity.runtime.resource.loader.ClasspathResourceLoader
2017-12-08 01:23:06,846 - ClasspathResourceLoader : initialization starting.
2017-12-08 01:23:06,846 - ClasspathResourceLoader : initialization complete.
2017-12-08 01:23:06,847 - ResourceCache : initialized. (class org.apache.velocity.runtime.resource.ResourceCacheImpl)
2017-12-08 01:23:06,847 - Default ResourceManager initialization complete.
2017-12-08 01:23:06,850 - Loaded System Directive: org.apache.velocity.runtime.directive.Literal
2017-12-08 01:23:06,851 - Loaded System Directive: org.apache.velocity.runtime.directive.Macro
2017-12-08 01:23:06,853 - Loaded System Directive: org.apache.velocity.runtime.directive.Parse
2017-12-08 01:23:06,855 - Loaded System Directive: org.apache.velocity.runtime.directive.Include
2017-12-08 01:23:06,856 - Loaded System Directive: org.apache.velocity.runtime.directive.Foreach
2017-12-08 01:23:06,881 - Created: 20 parsers.
2017-12-08 01:23:06,887 - Velocimacro : initialization starting.
2017-12-08 01:23:06,887 - Velocimacro : adding VMs from VM library template : VM_global_library.vm
2017-12-08 01:23:06,894 - ResourceManager : unable to find resource 'VM_global_library.vm' in any resource loader.
2017-12-08 01:23:06,894 - Velocimacro : error using  VM library template VM_global_library.vm : org.apache.velocity.exception.ResourceNotFoundException: Unable to find resource 'VM_global_library.vm'
2017-12-08 01:23:06,894 - Velocimacro :  VM library template macro registration complete.
2017-12-08 01:23:06,894 - Velocimacro : allowInline = true : VMs can be defined inline in templates
2017-12-08 01:23:06,894 - Velocimacro : allowInlineToOverride = false : VMs defined inline may NOT replace previous VM definitions
2017-12-08 01:23:06,894 - Velocimacro : allowInlineLocal = false : VMs defined inline will be  global in scope if allowed.
2017-12-08 01:23:06,894 - Velocimacro : messages on  : VM system will output logging messages
2017-12-08 01:23:06,894 - Velocimacro : autoload off  : VM system will not automatically reload global library macros
2017-12-08 01:23:06,894 - Velocimacro : initialization complete.
2017-12-08 01:23:06,894 - Velocity successfully started.
2017-12-08 01:33:15,644 - SimpleLog4JLogSystem initialized using logfile 'velocity.log'
2017-12-08 01:33:15,645 - ************************************************************** 
2017-12-08 01:33:15,645 - Starting Jakarta Velocity v1.4
2017-12-08 01:33:15,645 - RuntimeInstance initializing.
2017-12-08 01:33:15,645 - Default Properties File: org\apache\velocity\runtime\defaults\velocity.properties
2017-12-08 01:33:15,645 - Trying to use logger class org.apache.velocity.runtime.log.SimpleLog4JLogSystem
2017-12-08 01:33:15,645 - Using logger class org.apache.velocity.runtime.log.SimpleLog4JLogSystem
2017-12-08 01:33:15,647 - Default ResourceManager initializing. (class org.apache.velocity.runtime.resource.ResourceManagerImpl)
2017-12-08 01:33:15,649 - Resource Loader Instantiated: org.apache.velocity.runtime.resource.loader.ClasspathResourceLoader
2017-12-08 01:33:15,650 - ClasspathResourceLoader : initialization starting.
2017-12-08 01:33:15,650 - ClasspathResourceLoader : initialization complete.
2017-12-08 01:33:15,651 - ResourceCache : initialized. (class org.apache.velocity.runtime.resource.ResourceCacheImpl)
2017-12-08 01:33:15,651 - Default ResourceManager initialization complete.
2017-12-08 01:33:15,653 - Loaded System Directive: org.apache.velocity.runtime.directive.Literal
2017-12-08 01:33:15,655 - Loaded System Directive: org.apache.velocity.runtime.directive.Macro
2017-12-08 01:33:15,657 - Loaded System Directive: org.apache.velocity.runtime.directive.Parse
2017-12-08 01:33:15,659 - Loaded System Directive: org.apache.velocity.runtime.directive.Include
2017-12-08 01:33:15,659 - Loaded System Directive: org.apache.velocity.runtime.directive.Foreach
2017-12-08 01:33:15,681 - Created: 20 parsers.
2017-12-08 01:33:15,691 - Velocimacro : initialization starting.
2017-12-08 01:33:15,692 - Velocimacro : adding VMs from VM library template : VM_global_library.vm
2017-12-08 01:33:15,698 - ResourceManager : unable to find resource 'VM_global_library.vm' in any resource loader.
2017-12-08 01:33:15,698 - Velocimacro : error using  VM library template VM_global_library.vm : org.apache.velocity.exception.ResourceNotFoundException: Unable to find resource 'VM_global_library.vm'
2017-12-08 01:33:15,698 - Velocimacro :  VM library template macro registration complete.
2017-12-08 01:33:15,699 - Velocimacro : allowInline = true : VMs can be defined inline in templates
2017-12-08 01:33:15,699 - Velocimacro : allowInlineToOverride = false : VMs defined inline may NOT replace previous VM definitions
2017-12-08 01:33:15,699 - Velocimacro : allowInlineLocal = false : VMs defined inline will be  global in scope if allowed.
2017-12-08 01:33:15,699 - Velocimacro : messages on  : VM system will output logging messages
2017-12-08 01:33:15,699 - Velocimacro : autoload off  : VM system will not automatically reload global library macros
2017-12-08 01:33:15,699 - Velocimacro : initialization complete.
2017-12-08 01:33:15,699 - Velocity successfully started.
2017-12-08 01:35:48,519 - SimpleLog4JLogSystem initialized using logfile 'velocity.log'
2017-12-08 01:35:48,519 - ************************************************************** 
2017-12-08 01:35:48,519 - Starting Jakarta Velocity v1.4
2017-12-08 01:35:48,519 - RuntimeInstance initializing.
2017-12-08 01:35:48,519 - Default Properties File: org\apache\velocity\runtime\defaults\velocity.properties
2017-12-08 01:35:48,519 - Trying to use logger class org.apache.velocity.runtime.log.SimpleLog4JLogSystem
2017-12-08 01:35:48,519 - Using logger class org.apache.velocity.runtime.log.SimpleLog4JLogSystem
2017-12-08 01:35:48,522 - Default ResourceManager initializing. (class org.apache.velocity.runtime.resource.ResourceManagerImpl)
2017-12-08 01:35:48,524 - Resource Loader Instantiated: org.apache.velocity.runtime.resource.loader.ClasspathResourceLoader
2017-12-08 01:35:48,524 - ClasspathResourceLoader : initialization starting.
2017-12-08 01:35:48,524 - ClasspathResourceLoader : initialization complete.
2017-12-08 01:35:48,525 - ResourceCache : initialized. (class org.apache.velocity.runtime.resource.ResourceCacheImpl)
2017-12-08 01:35:48,525 - Default ResourceManager initialization complete.
2017-12-08 01:35:48,528 - Loaded System Directive: org.apache.velocity.runtime.directive.Literal
2017-12-08 01:35:48,530 - Loaded System Directive: org.apache.velocity.runtime.directive.Macro
2017-12-08 01:35:48,534 - Loaded System Directive: org.apache.velocity.runtime.directive.Parse
2017-12-08 01:35:48,538 - Loaded System Directive: org.apache.velocity.runtime.directive.Include
2017-12-08 01:35:48,540 - Loaded System Directive: org.apache.velocity.runtime.directive.Foreach
2017-12-08 01:35:48,562 - Created: 20 parsers.
2017-12-08 01:35:48,569 - Velocimacro : initialization starting.
2017-12-08 01:35:48,569 - Velocimacro : adding VMs from VM library template : VM_global_library.vm
2017-12-08 01:35:48,576 - ResourceManager : unable to find resource 'VM_global_library.vm' in any resource loader.
2017-12-08 01:35:48,576 - Velocimacro : error using  VM library template VM_global_library.vm : org.apache.velocity.exception.ResourceNotFoundException: Unable to find resource 'VM_global_library.vm'
2017-12-08 01:35:48,576 - Velocimacro :  VM library template macro registration complete.
2017-12-08 01:35:48,576 - Velocimacro : allowInline = true : VMs can be defined inline in templates
2017-12-08 01:35:48,576 - Velocimacro : allowInlineToOverride = false : VMs defined inline may NOT replace previous VM definitions
2017-12-08 01:35:48,576 - Velocimacro : allowInlineLocal = false : VMs defined inline will be  global in scope if allowed.
2017-12-08 01:35:48,576 - Velocimacro : messages on  : VM system will output logging messages
2017-12-08 01:35:48,576 - Velocimacro : autoload off  : VM system will not automatically reload global library macros
2017-12-08 01:35:48,576 - Velocimacro : initialization complete.
2017-12-08 01:35:48,576 - Velocity successfully started.
2017-12-08 01:37:20,677 - SimpleLog4JLogSystem initialized using logfile 'velocity.log'
2017-12-08 01:37:20,677 - ************************************************************** 
2017-12-08 01:37:20,677 - Starting Jakarta Velocity v1.4
2017-12-08 01:37:20,677 - RuntimeInstance initializing.
2017-12-08 01:37:20,677 - Default Properties File: org\apache\velocity\runtime\defaults\velocity.properties
2017-12-08 01:37:20,677 - Trying to use logger class org.apache.velocity.runtime.log.SimpleLog4JLogSystem
2017-12-08 01:37:20,677 - Using logger class org.apache.velocity.runtime.log.SimpleLog4JLogSystem
2017-12-08 01:37:20,680 - Default ResourceManager initializing. (class org.apache.velocity.runtime.resource.ResourceManagerImpl)
2017-12-08 01:37:20,682 - Resource Loader Instantiated: org.apache.velocity.runtime.resource.loader.ClasspathResourceLoader
2017-12-08 01:37:20,682 - ClasspathResourceLoader : initialization starting.
2017-12-08 01:37:20,682 - ClasspathResourceLoader : initialization complete.
2017-12-08 01:37:20,683 - ResourceCache : initialized. (class org.apache.velocity.runtime.resource.ResourceCacheImpl)
2017-12-08 01:37:20,683 - Default ResourceManager initialization complete.
2017-12-08 01:37:20,685 - Loaded System Directive: org.apache.velocity.runtime.directive.Literal
2017-12-08 01:37:20,687 - Loaded System Directive: org.apache.velocity.runtime.directive.Macro
2017-12-08 01:37:20,689 - Loaded System Directive: org.apache.velocity.runtime.directive.Parse
2017-12-08 01:37:20,691 - Loaded System Directive: org.apache.velocity.runtime.directive.Include
2017-12-08 01:37:20,693 - Loaded System Directive: org.apache.velocity.runtime.directive.Foreach
2017-12-08 01:37:20,718 - Created: 20 parsers.
2017-12-08 01:37:20,724 - Velocimacro : initialization starting.
2017-12-08 01:37:20,725 - Velocimacro : adding VMs from VM library template : VM_global_library.vm
2017-12-08 01:37:20,731 - ResourceManager : unable to find resource 'VM_global_library.vm' in any resource loader.
2017-12-08 01:37:20,731 - Velocimacro : error using  VM library template VM_global_library.vm : org.apache.velocity.exception.ResourceNotFoundException: Unable to find resource 'VM_global_library.vm'
2017-12-08 01:37:20,731 - Velocimacro :  VM library template macro registration complete.
2017-12-08 01:37:20,732 - Velocimacro : allowInline = true : VMs can be defined inline in templates
2017-12-08 01:37:20,732 - Velocimacro : allowInlineToOverride = false : VMs defined inline may NOT replace previous VM definitions
2017-12-08 01:37:20,732 - Velocimacro : allowInlineLocal = false : VMs defined inline will be  global in scope if allowed.
2017-12-08 01:37:20,732 - Velocimacro : messages on  : VM system will output logging messages
2017-12-08 01:37:20,732 - Velocimacro : autoload off  : VM system will not automatically reload global library macros
2017-12-08 01:37:20,732 - Velocimacro : initialization complete.
2017-12-08 01:37:20,732 - Velocity successfully started.
2017-12-08 01:37:58,378 - SimpleLog4JLogSystem initialized using logfile 'velocity.log'
2017-12-08 01:37:58,378 - ************************************************************** 
2017-12-08 01:37:58,378 - Starting Jakarta Velocity v1.4
2017-12-08 01:37:58,378 - RuntimeInstance initializing.
2017-12-08 01:37:58,378 - Default Properties File: org\apache\velocity\runtime\defaults\velocity.properties
2017-12-08 01:37:58,378 - Trying to use logger class org.apache.velocity.runtime.log.SimpleLog4JLogSystem
2017-12-08 01:37:58,378 - Using logger class org.apache.velocity.runtime.log.SimpleLog4JLogSystem
2017-12-08 01:37:58,380 - Default ResourceManager initializing. (class org.apache.velocity.runtime.resource.ResourceManagerImpl)
2017-12-08 01:37:58,383 - Resource Loader Instantiated: org.apache.velocity.runtime.resource.loader.ClasspathResourceLoader
2017-12-08 01:37:58,383 - ClasspathResourceLoader : initialization starting.
2017-12-08 01:37:58,383 - ClasspathResourceLoader : initialization complete.
2017-12-08 01:37:58,384 - ResourceCache : initialized. (class org.apache.velocity.runtime.resource.ResourceCacheImpl)
2017-12-08 01:37:58,384 - Default ResourceManager initialization complete.
2017-12-08 01:37:58,387 - Loaded System Directive: org.apache.velocity.runtime.directive.Literal
2017-12-08 01:37:58,388 - Loaded System Directive: org.apache.velocity.runtime.directive.Macro
2017-12-08 01:37:58,390 - Loaded System Directive: org.apache.velocity.runtime.directive.Parse
2017-12-08 01:37:58,392 - Loaded System Directive: org.apache.velocity.runtime.directive.Include
2017-12-08 01:37:58,393 - Loaded System Directive: org.apache.velocity.runtime.directive.Foreach
2017-12-08 01:37:58,415 - Created: 20 parsers.
2017-12-08 01:37:58,422 - Velocimacro : initialization starting.
2017-12-08 01:37:58,422 - Velocimacro : adding VMs from VM library template : VM_global_library.vm
2017-12-08 01:37:58,433 - ResourceManager : unable to find resource 'VM_global_library.vm' in any resource loader.
2017-12-08 01:37:58,433 - Velocimacro : error using  VM library template VM_global_library.vm : org.apache.velocity.exception.ResourceNotFoundException: Unable to find resource 'VM_global_library.vm'
2017-12-08 01:37:58,433 - Velocimacro :  VM library template macro registration complete.
2017-12-08 01:37:58,433 - Velocimacro : allowInline = true : VMs can be defined inline in templates
2017-12-08 01:37:58,433 - Velocimacro : allowInlineToOverride = false : VMs defined inline may NOT replace previous VM definitions
2017-12-08 01:37:58,433 - Velocimacro : allowInlineLocal = false : VMs defined inline will be  global in scope if allowed.
2017-12-08 01:37:58,433 - Velocimacro : messages on  : VM system will output logging messages
2017-12-08 01:37:58,433 - Velocimacro : autoload off  : VM system will not automatically reload global library macros
2017-12-08 01:37:58,433 - Velocimacro : initialization complete.
2017-12-08 01:37:58,433 - Velocity successfully started.
2017-12-08 01:39:18,574 - SimpleLog4JLogSystem initialized using logfile 'velocity.log'
2017-12-08 01:39:18,574 - ************************************************************** 
2017-12-08 01:39:18,574 - Starting Jakarta Velocity v1.4
2017-12-08 01:39:18,574 - RuntimeInstance initializing.
2017-12-08 01:39:18,574 - Default Properties File: org\apache\velocity\runtime\defaults\velocity.properties
2017-12-08 01:39:18,574 - Trying to use logger class org.apache.velocity.runtime.log.SimpleLog4JLogSystem
2017-12-08 01:39:18,574 - Using logger class org.apache.velocity.runtime.log.SimpleLog4JLogSystem
2017-12-08 01:39:18,577 - Default ResourceManager initializing. (class org.apache.velocity.runtime.resource.ResourceManagerImpl)
2017-12-08 01:39:18,578 - Resource Loader Instantiated: org.apache.velocity.runtime.resource.loader.ClasspathResourceLoader
2017-12-08 01:39:18,578 - ClasspathResourceLoader : initialization starting.
2017-12-08 01:39:18,578 - ClasspathResourceLoader : initialization complete.
2017-12-08 01:39:18,580 - ResourceCache : initialized. (class org.apache.velocity.runtime.resource.ResourceCacheImpl)
2017-12-08 01:39:18,580 - Default ResourceManager initialization complete.
2017-12-08 01:39:18,582 - Loaded System Directive: org.apache.velocity.runtime.directive.Literal
2017-12-08 01:39:18,584 - Loaded System Directive: org.apache.velocity.runtime.directive.Macro
2017-12-08 01:39:18,586 - Loaded System Directive: org.apache.velocity.runtime.directive.Parse
2017-12-08 01:39:18,588 - Loaded System Directive: org.apache.velocity.runtime.directive.Include
2017-12-08 01:39:18,589 - Loaded System Directive: org.apache.velocity.runtime.directive.Foreach
2017-12-08 01:39:18,615 - Created: 20 parsers.
2017-12-08 01:39:18,622 - Velocimacro : initialization starting.
2017-12-08 01:39:18,622 - Velocimacro : adding VMs from VM library template : VM_global_library.vm
2017-12-08 01:39:18,629 - ResourceManager : unable to find resource 'VM_global_library.vm' in any resource loader.
2017-12-08 01:39:18,629 - Velocimacro : error using  VM library template VM_global_library.vm : org.apache.velocity.exception.ResourceNotFoundException: Unable to find resource 'VM_global_library.vm'
2017-12-08 01:39:18,629 - Velocimacro :  VM library template macro registration complete.
2017-12-08 01:39:18,629 - Velocimacro : allowInline = true : VMs can be defined inline in templates
2017-12-08 01:39:18,629 - Velocimacro : allowInlineToOverride = false : VMs defined inline may NOT replace previous VM definitions
2017-12-08 01:39:18,629 - Velocimacro : allowInlineLocal = false : VMs defined inline will be  global in scope if allowed.
2017-12-08 01:39:18,629 - Velocimacro : messages on  : VM system will output logging messages
2017-12-08 01:39:18,629 - Velocimacro : autoload off  : VM system will not automatically reload global library macros
2017-12-08 01:39:18,629 - Velocimacro : initialization complete.
2017-12-08 01:39:18,629 - Velocity successfully started.
2017-12-08 01:40:44,542 - SimpleLog4JLogSystem initialized using logfile 'velocity.log'
2017-12-08 01:40:44,542 - ************************************************************** 
2017-12-08 01:40:44,542 - Starting Jakarta Velocity v1.4
2017-12-08 01:40:44,542 - RuntimeInstance initializing.
2017-12-08 01:40:44,542 - Default Properties File: org\apache\velocity\runtime\defaults\velocity.properties
2017-12-08 01:40:44,542 - Trying to use logger class org.apache.velocity.runtime.log.SimpleLog4JLogSystem
2017-12-08 01:40:44,542 - Using logger class org.apache.velocity.runtime.log.SimpleLog4JLogSystem
2017-12-08 01:40:44,545 - Default ResourceManager initializing. (class org.apache.velocity.runtime.resource.ResourceManagerImpl)
2017-12-08 01:40:44,547 - Resource Loader Instantiated: org.apache.velocity.runtime.resource.loader.ClasspathResourceLoader
2017-12-08 01:40:44,547 - ClasspathResourceLoader : initialization starting.
2017-12-08 01:40:44,547 - ClasspathResourceLoader : initialization complete.
2017-12-08 01:40:44,548 - ResourceCache : initialized. (class org.apache.velocity.runtime.resource.ResourceCacheImpl)
2017-12-08 01:40:44,548 - Default ResourceManager initialization complete.
2017-12-08 01:40:44,551 - Loaded System Directive: org.apache.velocity.runtime.directive.Literal
2017-12-08 01:40:44,552 - Loaded System Directive: org.apache.velocity.runtime.directive.Macro
2017-12-08 01:40:44,555 - Loaded System Directive: org.apache.velocity.runtime.directive.Parse
2017-12-08 01:40:44,557 - Loaded System Directive: org.apache.velocity.runtime.directive.Include
2017-12-08 01:40:44,558 - Loaded System Directive: org.apache.velocity.runtime.directive.Foreach
2017-12-08 01:40:44,583 - Created: 20 parsers.
2017-12-08 01:40:44,589 - Velocimacro : initialization starting.
2017-12-08 01:40:44,589 - Velocimacro : adding VMs from VM library template : VM_global_library.vm
2017-12-08 01:40:44,596 - ResourceManager : unable to find resource 'VM_global_library.vm' in any resource loader.
2017-12-08 01:40:44,596 - Velocimacro : error using  VM library template VM_global_library.vm : org.apache.velocity.exception.ResourceNotFoundException: Unable to find resource 'VM_global_library.vm'
2017-12-08 01:40:44,596 - Velocimacro :  VM library template macro registration complete.
2017-12-08 01:40:44,596 - Velocimacro : allowInline = true : VMs can be defined inline in templates
2017-12-08 01:40:44,597 - Velocimacro : allowInlineToOverride = false : VMs defined inline may NOT replace previous VM definitions
2017-12-08 01:40:44,597 - Velocimacro : allowInlineLocal = false : VMs defined inline will be  global in scope if allowed.
2017-12-08 01:40:44,597 - Velocimacro : messages on  : VM system will output logging messages
2017-12-08 01:40:44,597 - Velocimacro : autoload off  : VM system will not automatically reload global library macros
2017-12-08 01:40:44,597 - Velocimacro : initialization complete.
2017-12-08 01:40:44,597 - Velocity successfully started.
2017-12-08 01:46:26,511 - SimpleLog4JLogSystem initialized using logfile 'velocity.log'
2017-12-08 01:46:26,511 - ************************************************************** 
2017-12-08 01:46:26,511 - Starting Jakarta Velocity v1.4
2017-12-08 01:46:26,511 - RuntimeInstance initializing.
2017-12-08 01:46:26,511 - Default Properties File: org\apache\velocity\runtime\defaults\velocity.properties
2017-12-08 01:46:26,511 - Trying to use logger class org.apache.velocity.runtime.log.SimpleLog4JLogSystem
2017-12-08 01:46:26,511 - Using logger class org.apache.velocity.runtime.log.SimpleLog4JLogSystem
2017-12-08 01:46:26,514 - Default ResourceManager initializing. (class org.apache.velocity.runtime.resource.ResourceManagerImpl)
2017-12-08 01:46:26,516 - Resource Loader Instantiated: org.apache.velocity.runtime.resource.loader.ClasspathResourceLoader
2017-12-08 01:46:26,516 - ClasspathResourceLoader : initialization starting.
2017-12-08 01:46:26,516 - ClasspathResourceLoader : initialization complete.
2017-12-08 01:46:26,518 - ResourceCache : initialized. (class org.apache.velocity.runtime.resource.ResourceCacheImpl)
2017-12-08 01:46:26,518 - Default ResourceManager initialization complete.
2017-12-08 01:46:26,520 - Loaded System Directive: org.apache.velocity.runtime.directive.Literal
2017-12-08 01:46:26,521 - Loaded System Directive: org.apache.velocity.runtime.directive.Macro
2017-12-08 01:46:26,524 - Loaded System Directive: org.apache.velocity.runtime.directive.Parse
2017-12-08 01:46:26,526 - Loaded System Directive: org.apache.velocity.runtime.directive.Include
2017-12-08 01:46:26,527 - Loaded System Directive: org.apache.velocity.runtime.directive.Foreach
2017-12-08 01:46:26,554 - Created: 20 parsers.
2017-12-08 01:46:26,560 - Velocimacro : initialization starting.
2017-12-08 01:46:26,560 - Velocimacro : adding VMs from VM library template : VM_global_library.vm
2017-12-08 01:46:26,567 - ResourceManager : unable to find resource 'VM_global_library.vm' in any resource loader.
2017-12-08 01:46:26,567 - Velocimacro : error using  VM library template VM_global_library.vm : org.apache.velocity.exception.ResourceNotFoundException: Unable to find resource 'VM_global_library.vm'
2017-12-08 01:46:26,567 - Velocimacro :  VM library template macro registration complete.
2017-12-08 01:46:26,567 - Velocimacro : allowInline = true : VMs can be defined inline in templates
2017-12-08 01:46:26,567 - Velocimacro : allowInlineToOverride = false : VMs defined inline may NOT replace previous VM definitions
2017-12-08 01:46:26,567 - Velocimacro : allowInlineLocal = false : VMs defined inline will be  global in scope if allowed.
2017-12-08 01:46:26,567 - Velocimacro : messages on  : VM system will output logging messages
2017-12-08 01:46:26,567 - Velocimacro : autoload off  : VM system will not automatically reload global library macros
2017-12-08 01:46:26,567 - Velocimacro : initialization complete.
2017-12-08 01:46:26,567 - Velocity successfully started.
2017-12-08 01:48:59,816 - SimpleLog4JLogSystem initialized using logfile 'velocity.log'
2017-12-08 01:48:59,817 - ************************************************************** 
2017-12-08 01:48:59,817 - Starting Jakarta Velocity v1.4
2017-12-08 01:48:59,817 - RuntimeInstance initializing.
2017-12-08 01:48:59,817 - Default Properties File: org\apache\velocity\runtime\defaults\velocity.properties
2017-12-08 01:48:59,817 - Trying to use logger class org.apache.velocity.runtime.log.SimpleLog4JLogSystem
2017-12-08 01:48:59,817 - Using logger class org.apache.velocity.runtime.log.SimpleLog4JLogSystem
2017-12-08 01:48:59,819 - Default ResourceManager initializing. (class org.apache.velocity.runtime.resource.ResourceManagerImpl)
2017-12-08 01:48:59,822 - Resource Loader Instantiated: org.apache.velocity.runtime.resource.loader.ClasspathResourceLoader
2017-12-08 01:48:59,822 - ClasspathResourceLoader : initialization starting.
2017-12-08 01:48:59,822 - ClasspathResourceLoader : initialization complete.
2017-12-08 01:48:59,824 - ResourceCache : initialized. (class org.apache.velocity.runtime.resource.ResourceCacheImpl)
2017-12-08 01:48:59,824 - Default ResourceManager initialization complete.
2017-12-08 01:48:59,828 - Loaded System Directive: org.apache.velocity.runtime.directive.Literal
2017-12-08 01:48:59,833 - Loaded System Directive: org.apache.velocity.runtime.directive.Macro
2017-12-08 01:48:59,837 - Loaded System Directive: org.apache.velocity.runtime.directive.Parse
2017-12-08 01:48:59,839 - Loaded System Directive: org.apache.velocity.runtime.directive.Include
2017-12-08 01:48:59,841 - Loaded System Directive: org.apache.velocity.runtime.directive.Foreach
2017-12-08 01:48:59,863 - Created: 20 parsers.
2017-12-08 01:48:59,869 - Velocimacro : initialization starting.
2017-12-08 01:48:59,869 - Velocimacro : adding VMs from VM library template : VM_global_library.vm
2017-12-08 01:48:59,876 - ResourceManager : unable to find resource 'VM_global_library.vm' in any resource loader.
2017-12-08 01:48:59,876 - Velocimacro : error using  VM library template VM_global_library.vm : org.apache.velocity.exception.ResourceNotFoundException: Unable to find resource 'VM_global_library.vm'
2017-12-08 01:48:59,876 - Velocimacro :  VM library template macro registration complete.
2017-12-08 01:48:59,876 - Velocimacro : allowInline = true : VMs can be defined inline in templates
2017-12-08 01:48:59,876 - Velocimacro : allowInlineToOverride = false : VMs defined inline may NOT replace previous VM definitions
2017-12-08 01:48:59,876 - Velocimacro : allowInlineLocal = false : VMs defined inline will be  global in scope if allowed.
2017-12-08 01:48:59,876 - Velocimacro : messages on  : VM system will output logging messages
2017-12-08 01:48:59,876 - Velocimacro : autoload off  : VM system will not automatically reload global library macros
2017-12-08 01:48:59,876 - Velocimacro : initialization complete.
2017-12-08 01:48:59,876 - Velocity successfully started.
2017-12-08 02:06:07,251 - SimpleLog4JLogSystem initialized using logfile 'velocity.log'
2017-12-08 02:06:07,251 - ************************************************************** 
2017-12-08 02:06:07,251 - Starting Jakarta Velocity v1.4
2017-12-08 02:06:07,251 - RuntimeInstance initializing.
2017-12-08 02:06:07,251 - Default Properties File: org\apache\velocity\runtime\defaults\velocity.properties
2017-12-08 02:06:07,251 - Trying to use logger class org.apache.velocity.runtime.log.SimpleLog4JLogSystem
2017-12-08 02:06:07,251 - Using logger class org.apache.velocity.runtime.log.SimpleLog4JLogSystem
2017-12-08 02:06:07,254 - Default ResourceManager initializing. (class org.apache.velocity.runtime.resource.ResourceManagerImpl)
2017-12-08 02:06:07,257 - Resource Loader Instantiated: org.apache.velocity.runtime.resource.loader.ClasspathResourceLoader
2017-12-08 02:06:07,257 - ClasspathResourceLoader : initialization starting.
2017-12-08 02:06:07,257 - ClasspathResourceLoader : initialization complete.
2017-12-08 02:06:07,259 - ResourceCache : initialized. (class org.apache.velocity.runtime.resource.ResourceCacheImpl)
2017-12-08 02:06:07,259 - Default ResourceManager initialization complete.
2017-12-08 02:06:07,264 - Loaded System Directive: org.apache.velocity.runtime.directive.Literal
2017-12-08 02:06:07,266 - Loaded System Directive: org.apache.velocity.runtime.directive.Macro
2017-12-08 02:06:07,269 - Loaded System Directive: org.apache.velocity.runtime.directive.Parse
2017-12-08 02:06:07,270 - Loaded System Directive: org.apache.velocity.runtime.directive.Include
2017-12-08 02:06:07,271 - Loaded System Directive: org.apache.velocity.runtime.directive.Foreach
2017-12-08 02:06:07,294 - Created: 20 parsers.
2017-12-08 02:06:07,300 - Velocimacro : initialization starting.
2017-12-08 02:06:07,301 - Velocimacro : adding VMs from VM library template : VM_global_library.vm
2017-12-08 02:06:07,308 - ResourceManager : unable to find resource 'VM_global_library.vm' in any resource loader.
2017-12-08 02:06:07,308 - Velocimacro : error using  VM library template VM_global_library.vm : org.apache.velocity.exception.ResourceNotFoundException: Unable to find resource 'VM_global_library.vm'
2017-12-08 02:06:07,308 - Velocimacro :  VM library template macro registration complete.
2017-12-08 02:06:07,308 - Velocimacro : allowInline = true : VMs can be defined inline in templates
2017-12-08 02:06:07,308 - Velocimacro : allowInlineToOverride = false : VMs defined inline may NOT replace previous VM definitions
2017-12-08 02:06:07,308 - Velocimacro : allowInlineLocal = false : VMs defined inline will be  global in scope if allowed.
2017-12-08 02:06:07,308 - Velocimacro : messages on  : VM system will output logging messages
2017-12-08 02:06:07,308 - Velocimacro : autoload off  : VM system will not automatically reload global library macros
2017-12-08 02:06:07,308 - Velocimacro : initialization complete.
2017-12-08 02:06:07,308 - Velocity successfully started.
2017-12-08 02:06:39,828 - SimpleLog4JLogSystem initialized using logfile 'velocity.log'
2017-12-08 02:06:39,829 - ************************************************************** 
2017-12-08 02:06:39,829 - Starting Jakarta Velocity v1.4
2017-12-08 02:06:39,829 - RuntimeInstance initializing.
2017-12-08 02:06:39,829 - Default Properties File: org\apache\velocity\runtime\defaults\velocity.properties
2017-12-08 02:06:39,829 - Trying to use logger class org.apache.velocity.runtime.log.SimpleLog4JLogSystem
2017-12-08 02:06:39,829 - Using logger class org.apache.velocity.runtime.log.SimpleLog4JLogSystem
2017-12-08 02:06:39,831 - Default ResourceManager initializing. (class org.apache.velocity.runtime.resource.ResourceManagerImpl)
2017-12-08 02:06:39,833 - Resource Loader Instantiated: org.apache.velocity.runtime.resource.loader.ClasspathResourceLoader
2017-12-08 02:06:39,833 - ClasspathResourceLoader : initialization starting.
2017-12-08 02:06:39,833 - ClasspathResourceLoader : initialization complete.
2017-12-08 02:06:39,835 - ResourceCache : initialized. (class org.apache.velocity.runtime.resource.ResourceCacheImpl)
2017-12-08 02:06:39,835 - Default ResourceManager initialization complete.
2017-12-08 02:06:39,837 - Loaded System Directive: org.apache.velocity.runtime.directive.Literal
2017-12-08 02:06:39,838 - Loaded System Directive: org.apache.velocity.runtime.directive.Macro
2017-12-08 02:06:39,841 - Loaded System Directive: org.apache.velocity.runtime.directive.Parse
2017-12-08 02:06:39,842 - Loaded System Directive: org.apache.velocity.runtime.directive.Include
2017-12-08 02:06:39,843 - Loaded System Directive: org.apache.velocity.runtime.directive.Foreach
2017-12-08 02:06:39,865 - Created: 20 parsers.
2017-12-08 02:06:39,871 - Velocimacro : initialization starting.
2017-12-08 02:06:39,871 - Velocimacro : adding VMs from VM library template : VM_global_library.vm
2017-12-08 02:06:39,878 - ResourceManager : unable to find resource 'VM_global_library.vm' in any resource loader.
2017-12-08 02:06:39,878 - Velocimacro : error using  VM library template VM_global_library.vm : org.apache.velocity.exception.ResourceNotFoundException: Unable to find resource 'VM_global_library.vm'
2017-12-08 02:06:39,878 - Velocimacro :  VM library template macro registration complete.
2017-12-08 02:06:39,879 - Velocimacro : allowInline = true : VMs can be defined inline in templates
2017-12-08 02:06:39,879 - Velocimacro : allowInlineToOverride = false : VMs defined inline may NOT replace previous VM definitions
2017-12-08 02:06:39,879 - Velocimacro : allowInlineLocal = false : VMs defined inline will be  global in scope if allowed.
2017-12-08 02:06:39,879 - Velocimacro : messages on  : VM system will output logging messages
2017-12-08 02:06:39,879 - Velocimacro : autoload off  : VM system will not automatically reload global library macros
2017-12-08 02:06:39,879 - Velocimacro : initialization complete.
2017-12-08 02:06:39,879 - Velocity successfully started.
2017-12-08 02:07:32,829 - SimpleLog4JLogSystem initialized using logfile 'velocity.log'
2017-12-08 02:07:32,830 - ************************************************************** 
2017-12-08 02:07:32,830 - Starting Jakarta Velocity v1.4
2017-12-08 02:07:32,830 - RuntimeInstance initializing.
2017-12-08 02:07:32,830 - Default Properties File: org\apache\velocity\runtime\defaults\velocity.properties
2017-12-08 02:07:32,830 - Trying to use logger class org.apache.velocity.runtime.log.SimpleLog4JLogSystem
2017-12-08 02:07:32,830 - Using logger class org.apache.velocity.runtime.log.SimpleLog4JLogSystem
2017-12-08 02:07:32,832 - Default ResourceManager initializing. (class org.apache.velocity.runtime.resource.ResourceManagerImpl)
2017-12-08 02:07:32,835 - Resource Loader Instantiated: org.apache.velocity.runtime.resource.loader.ClasspathResourceLoader
2017-12-08 02:07:32,835 - ClasspathResourceLoader : initialization starting.
2017-12-08 02:07:32,835 - ClasspathResourceLoader : initialization complete.
2017-12-08 02:07:32,836 - ResourceCache : initialized. (class org.apache.velocity.runtime.resource.ResourceCacheImpl)
2017-12-08 02:07:32,836 - Default ResourceManager initialization complete.
2017-12-08 02:07:32,838 - Loaded System Directive: org.apache.velocity.runtime.directive.Literal
2017-12-08 02:07:32,840 - Loaded System Directive: org.apache.velocity.runtime.directive.Macro
2017-12-08 02:07:32,842 - Loaded System Directive: org.apache.velocity.runtime.directive.Parse
2017-12-08 02:07:32,844 - Loaded System Directive: org.apache.velocity.runtime.directive.Include
2017-12-08 02:07:32,845 - Loaded System Directive: org.apache.velocity.runtime.directive.Foreach
2017-12-08 02:07:32,867 - Created: 20 parsers.
2017-12-08 02:07:32,874 - Velocimacro : initialization starting.
2017-12-08 02:07:32,875 - Velocimacro : adding VMs from VM library template : VM_global_library.vm
2017-12-08 02:07:32,882 - ResourceManager : unable to find resource 'VM_global_library.vm' in any resource loader.
2017-12-08 02:07:32,882 - Velocimacro : error using  VM library template VM_global_library.vm : org.apache.velocity.exception.ResourceNotFoundException: Unable to find resource 'VM_global_library.vm'
2017-12-08 02:07:32,882 - Velocimacro :  VM library template macro registration complete.
2017-12-08 02:07:32,882 - Velocimacro : allowInline = true : VMs can be defined inline in templates
2017-12-08 02:07:32,882 - Velocimacro : allowInlineToOverride = false : VMs defined inline may NOT replace previous VM definitions
2017-12-08 02:07:32,882 - Velocimacro : allowInlineLocal = false : VMs defined inline will be  global in scope if allowed.
2017-12-08 02:07:32,882 - Velocimacro : messages on  : VM system will output logging messages
2017-12-08 02:07:32,882 - Velocimacro : autoload off  : VM system will not automatically reload global library macros
2017-12-08 02:07:32,882 - Velocimacro : initialization complete.
2017-12-08 02:07:32,882 - Velocity successfully started.
2017-12-08 02:09:47,452 - SimpleLog4JLogSystem initialized using logfile 'velocity.log'
2017-12-08 02:09:47,453 - ************************************************************** 
2017-12-08 02:09:47,453 - Starting Jakarta Velocity v1.4
2017-12-08 02:09:47,453 - RuntimeInstance initializing.
2017-12-08 02:09:47,453 - Default Properties File: org\apache\velocity\runtime\defaults\velocity.properties
2017-12-08 02:09:47,453 - Trying to use logger class org.apache.velocity.runtime.log.SimpleLog4JLogSystem
2017-12-08 02:09:47,453 - Using logger class org.apache.velocity.runtime.log.SimpleLog4JLogSystem
2017-12-08 02:09:47,455 - Default ResourceManager initializing. (class org.apache.velocity.runtime.resource.ResourceManagerImpl)
2017-12-08 02:09:47,458 - Resource Loader Instantiated: org.apache.velocity.runtime.resource.loader.ClasspathResourceLoader
2017-12-08 02:09:47,458 - ClasspathResourceLoader : initialization starting.
2017-12-08 02:09:47,458 - ClasspathResourceLoader : initialization complete.
2017-12-08 02:09:47,459 - ResourceCache : initialized. (class org.apache.velocity.runtime.resource.ResourceCacheImpl)
2017-12-08 02:09:47,459 - Default ResourceManager initialization complete.
2017-12-08 02:09:47,461 - Loaded System Directive: org.apache.velocity.runtime.directive.Literal
2017-12-08 02:09:47,463 - Loaded System Directive: org.apache.velocity.runtime.directive.Macro
2017-12-08 02:09:47,465 - Loaded System Directive: org.apache.velocity.runtime.directive.Parse
2017-12-08 02:09:47,467 - Loaded System Directive: org.apache.velocity.runtime.directive.Include
2017-12-08 02:09:47,468 - Loaded System Directive: org.apache.velocity.runtime.directive.Foreach
2017-12-08 02:09:47,490 - Created: 20 parsers.
2017-12-08 02:09:47,500 - Velocimacro : initialization starting.
2017-12-08 02:09:47,500 - Velocimacro : adding VMs from VM library template : VM_global_library.vm
2017-12-08 02:09:47,507 - ResourceManager : unable to find resource 'VM_global_library.vm' in any resource loader.
2017-12-08 02:09:47,507 - Velocimacro : error using  VM library template VM_global_library.vm : org.apache.velocity.exception.ResourceNotFoundException: Unable to find resource 'VM_global_library.vm'
2017-12-08 02:09:47,507 - Velocimacro :  VM library template macro registration complete.
2017-12-08 02:09:47,507 - Velocimacro : allowInline = true : VMs can be defined inline in templates
2017-12-08 02:09:47,507 - Velocimacro : allowInlineToOverride = false : VMs defined inline may NOT replace previous VM definitions
2017-12-08 02:09:47,507 - Velocimacro : allowInlineLocal = false : VMs defined inline will be  global in scope if allowed.
2017-12-08 02:09:47,507 - Velocimacro : messages on  : VM system will output logging messages
2017-12-08 02:09:47,507 - Velocimacro : autoload off  : VM system will not automatically reload global library macros
2017-12-08 02:09:47,507 - Velocimacro : initialization complete.
2017-12-08 02:09:47,507 - Velocity successfully started.
