ERROR [AWT-EventQueue-0] 2017-12-06 00:55:19,690 repast.simphony.chart2.engine.TimeSeriesComponentControllerAction - Error while creating Charts. Chart DataSet 'Service performance' not found
java.lang.NullPointerException
	at repast.simphony.chart2.engine.TimeSeriesComponentControllerAction.batchInitialize(TimeSeriesComponentControllerAction.java:71)
	at repast.simphony.engine.controller.DefaultController$1.visit(DefaultController.java:192)
	at repast.simphony.engine.controller.DefaultController$1.visit(DefaultController.java:1)
	at repast.simphony.util.collections.NaryTree.preOrderTraverals(NaryTree.java:292)
	at repast.simphony.util.collections.NaryTree.preOrderTraverals(NaryTree.java:295)
	at repast.simphony.util.collections.NaryTree.preOrderTraverals(NaryTree.java:295)
	at repast.simphony.util.collections.NaryTree.preOrderTraversal(NaryTree.java:288)
	at repast.simphony.engine.controller.DefaultController.batchInitialize(DefaultController.java:190)
	at repast.simphony.engine.controller.DefaultController.batchInitialize(DefaultController.java:349)
	at repast.simphony.ui.RSApplication.initSim(RSApplication.java:155)
	at repast.simphony.ui.RSApplication.start(RSApplication.java:189)
	at repast.simphony.ui.action.StartRun.actionPerformed(StartRun.java:17)
	at javax.swing.AbstractButton.fireActionPerformed(Unknown Source)
	at javax.swing.AbstractButton$Handler.actionPerformed(Unknown Source)
	at javax.swing.DefaultButtonModel.fireActionPerformed(Unknown Source)
	at javax.swing.DefaultButtonModel.setPressed(Unknown Source)
	at javax.swing.plaf.basic.BasicButtonListener.mouseReleased(Unknown Source)
	at java.awt.AWTEventMulticaster.mouseReleased(Unknown Source)
	at java.awt.Component.processMouseEvent(Unknown Source)
	at javax.swing.JComponent.processMouseEvent(Unknown Source)
	at java.awt.Component.processEvent(Unknown Source)
	at java.awt.Container.processEvent(Unknown Source)
	at java.awt.Component.dispatchEventImpl(Unknown Source)
	at java.awt.Container.dispatchEventImpl(Unknown Source)
	at java.awt.Component.dispatchEvent(Unknown Source)
	at java.awt.LightweightDispatcher.retargetMouseEvent(Unknown Source)
	at java.awt.LightweightDispatcher.processMouseEvent(Unknown Source)
	at java.awt.LightweightDispatcher.dispatchEvent(Unknown Source)
	at java.awt.Container.dispatchEventImpl(Unknown Source)
	at java.awt.Window.dispatchEventImpl(Unknown Source)
	at java.awt.Component.dispatchEvent(Unknown Source)
	at java.awt.EventQueue.dispatchEventImpl(Unknown Source)
	at java.awt.EventQueue.access$500(Unknown Source)
	at java.awt.EventQueue$3.run(Unknown Source)
	at java.awt.EventQueue$3.run(Unknown Source)
	at java.security.AccessController.doPrivileged(Native Method)
	at java.security.ProtectionDomain$JavaSecurityAccessImpl.doIntersectionPrivilege(Unknown Source)
	at java.security.ProtectionDomain$JavaSecurityAccessImpl.doIntersectionPrivilege(Unknown Source)
	at java.awt.EventQueue$4.run(Unknown Source)
	at java.awt.EventQueue$4.run(Unknown Source)
	at java.security.AccessController.doPrivileged(Native Method)
	at java.security.ProtectionDomain$JavaSecurityAccessImpl.doIntersectionPrivilege(Unknown Source)
	at java.awt.EventQueue.dispatchEvent(Unknown Source)
	at java.awt.EventDispatchThread.pumpOneEventForFilters(Unknown Source)
	at java.awt.EventDispatchThread.pumpEventsForFilter(Unknown Source)
	at java.awt.EventDispatchThread.pumpEventsForHierarchy(Unknown Source)
	at java.awt.EventDispatchThread.pumpEvents(Unknown Source)
	at java.awt.EventDispatchThread.pumpEvents(Unknown Source)
	at java.awt.EventDispatchThread.run(Unknown Source)
ERROR [AWT-EventQueue-0] 2017-12-06 00:55:20,410 repast.simphony.visualization.engine.DisplayComponentControllerAction - Error while creating displays
repast.simphony.visualization.engine.DisplayCreationException: Error while creating display.
	at repast.simphony.visualization.engine.DisplayCreatorOGL2D.createDisplay(DisplayCreatorOGL2D.java:102)
	at repast.simphony.visualization.engine.DisplayProducer.createDisplay(DisplayProducer.java:48)
	at repast.simphony.visualization.engine.DisplayComponentControllerAction.runInitialize(DisplayComponentControllerAction.java:104)
	at repast.simphony.engine.controller.DefaultController$2.visit(DefaultController.java:214)
	at repast.simphony.engine.controller.DefaultController$2.visit(DefaultController.java:1)
	at repast.simphony.util.collections.NaryTree.preOrderTraverals(NaryTree.java:292)
	at repast.simphony.util.collections.NaryTree.preOrderTraverals(NaryTree.java:295)
	at repast.simphony.util.collections.NaryTree.preOrderTraverals(NaryTree.java:295)
	at repast.simphony.util.collections.NaryTree.preOrderTraversal(NaryTree.java:288)
	at repast.simphony.engine.controller.DefaultController.runInitialize(DefaultController.java:212)
	at repast.simphony.engine.controller.DefaultController.runInitialize(DefaultController.java:383)
	at repast.simphony.ui.RSApplication.initSim(RSApplication.java:157)
	at repast.simphony.ui.RSApplication.start(RSApplication.java:189)
	at repast.simphony.ui.action.StartRun.actionPerformed(StartRun.java:17)
	at javax.swing.AbstractButton.fireActionPerformed(Unknown Source)
	at javax.swing.AbstractButton$Handler.actionPerformed(Unknown Source)
	at javax.swing.DefaultButtonModel.fireActionPerformed(Unknown Source)
	at javax.swing.DefaultButtonModel.setPressed(Unknown Source)
	at javax.swing.plaf.basic.BasicButtonListener.mouseReleased(Unknown Source)
	at java.awt.AWTEventMulticaster.mouseReleased(Unknown Source)
	at java.awt.Component.processMouseEvent(Unknown Source)
	at javax.swing.JComponent.processMouseEvent(Unknown Source)
	at java.awt.Component.processEvent(Unknown Source)
	at java.awt.Container.processEvent(Unknown Source)
	at java.awt.Component.dispatchEventImpl(Unknown Source)
	at java.awt.Container.dispatchEventImpl(Unknown Source)
	at java.awt.Component.dispatchEvent(Unknown Source)
	at java.awt.LightweightDispatcher.retargetMouseEvent(Unknown Source)
	at java.awt.LightweightDispatcher.processMouseEvent(Unknown Source)
	at java.awt.LightweightDispatcher.dispatchEvent(Unknown Source)
	at java.awt.Container.dispatchEventImpl(Unknown Source)
	at java.awt.Window.dispatchEventImpl(Unknown Source)
	at java.awt.Component.dispatchEvent(Unknown Source)
	at java.awt.EventQueue.dispatchEventImpl(Unknown Source)
	at java.awt.EventQueue.access$500(Unknown Source)
	at java.awt.EventQueue$3.run(Unknown Source)
	at java.awt.EventQueue$3.run(Unknown Source)
	at java.security.AccessController.doPrivileged(Native Method)
	at java.security.ProtectionDomain$JavaSecurityAccessImpl.doIntersectionPrivilege(Unknown Source)
	at java.security.ProtectionDomain$JavaSecurityAccessImpl.doIntersectionPrivilege(Unknown Source)
	at java.awt.EventQueue$4.run(Unknown Source)
	at java.awt.EventQueue$4.run(Unknown Source)
	at java.security.AccessController.doPrivileged(Native Method)
	at java.security.ProtectionDomain$JavaSecurityAccessImpl.doIntersectionPrivilege(Unknown Source)
	at java.awt.EventQueue.dispatchEvent(Unknown Source)
	at java.awt.EventDispatchThread.pumpOneEventForFilters(Unknown Source)
	at java.awt.EventDispatchThread.pumpEventsForFilter(Unknown Source)
	at java.awt.EventDispatchThread.pumpEventsForHierarchy(Unknown Source)
	at java.awt.EventDispatchThread.pumpEvents(Unknown Source)
	at java.awt.EventDispatchThread.pumpEvents(Unknown Source)
	at java.awt.EventDispatchThread.run(Unknown Source)
Caused by: java.lang.RuntimeException: Projection 'Service Consumer/Provider network' not found.
	at repast.simphony.visualization.engine.AbstractCartesianDisplayCreator.createLayout(AbstractCartesianDisplayCreator.java:57)
	at repast.simphony.visualization.engine.DisplayCreatorOGL2D.createDisplay(DisplayCreatorOGL2D.java:62)
	... 50 more
FATAL [Thread-5] 2017-12-06 00:55:20,464 repast.simphony.ui.GUIScheduleRunner - RunTimeException when running the schedule
Current tick (2.0)
java.lang.NullPointerException
	at serviceConsumerProviderVis.onto.Client$ClientBehaviour.action(Client.java:87)
	at sajas.core.behaviours.Behaviour.actionWrapper(Behaviour.java:341)
	at sajas.core.Agent.step(Agent.java:205)
	at sajas.sim.repasts.AgentAction.execute(AgentAction.java:69)
	at repast.simphony.engine.schedule.DefaultAction.execute(DefaultAction.java:38)
	at repast.simphony.engine.schedule.ScheduleGroup.executeList(ScheduleGroup.java:205)
	at repast.simphony.engine.schedule.ScheduleGroup.execute(ScheduleGroup.java:231)
	at repast.simphony.engine.schedule.Schedule.execute(Schedule.java:352)
	at repast.simphony.ui.GUIScheduleRunner$ScheduleLoopRunnable.run(GUIScheduleRunner.java:52)
	at java.lang.Thread.run(Unknown Source)
WARN  [AWT-EventQueue-0] 2017-12-06 00:55:56,269 repast.simphony.data2.engine.DataSetComponentControllerAction - Error while creating DataSets
java.lang.ClassNotFoundException: serviceConsumerProviderVis.ConsumerAllAgent
	at org.java.plugin.standard.StandardPluginClassLoader.loadClass(Unknown Source)
	at java.lang.ClassLoader.loadClass(Unknown Source)
	at java.lang.Class.forName0(Native Method)
	at java.lang.Class.forName(Unknown Source)
	at repast.simphony.data2.engine.DataSetComponentControllerAction.createAggregateBuilder(DataSetComponentControllerAction.java:94)
	at repast.simphony.data2.engine.DataSetComponentControllerAction.batchInitialize(DataSetComponentControllerAction.java:75)
	at repast.simphony.engine.controller.DefaultController$1.visit(DefaultController.java:192)
	at repast.simphony.engine.controller.DefaultController$1.visit(DefaultController.java:1)
	at repast.simphony.util.collections.NaryTree.preOrderTraverals(NaryTree.java:292)
	at repast.simphony.util.collections.NaryTree.preOrderTraverals(NaryTree.java:295)
	at repast.simphony.util.collections.NaryTree.preOrderTraverals(NaryTree.java:295)
	at repast.simphony.util.collections.NaryTree.preOrderTraversal(NaryTree.java:288)
	at repast.simphony.engine.controller.DefaultController.batchInitialize(DefaultController.java:190)
	at repast.simphony.engine.controller.DefaultController.batchInitialize(DefaultController.java:349)
	at repast.simphony.ui.RSApplication.initSim(RSApplication.java:155)
	at repast.simphony.ui.RSApplication.step(RSApplication.java:209)
	at repast.simphony.ui.action.StepRun.actionPerformed(StepRun.java:17)
	at javax.swing.AbstractButton.fireActionPerformed(Unknown Source)
	at javax.swing.AbstractButton$Handler.actionPerformed(Unknown Source)
	at javax.swing.DefaultButtonModel.fireActionPerformed(Unknown Source)
	at javax.swing.DefaultButtonModel.setPressed(Unknown Source)
	at javax.swing.AbstractButton.doClick(Unknown Source)
	at com.jidesoft.plaf.vsnet.VsnetMenuItemUI.doClick(VsnetMenuItemUI.java:1395)
	at com.jidesoft.plaf.vsnet.VsnetMenuItemUI$MouseInputHandler.mouseReleased(VsnetMenuItemUI.java:1190)
	at java.awt.Component.processMouseEvent(Unknown Source)
	at javax.swing.JComponent.processMouseEvent(Unknown Source)
	at java.awt.Component.processEvent(Unknown Source)
	at java.awt.Container.processEvent(Unknown Source)
	at java.awt.Component.dispatchEventImpl(Unknown Source)
	at java.awt.Container.dispatchEventImpl(Unknown Source)
	at java.awt.Component.dispatchEvent(Unknown Source)
	at java.awt.LightweightDispatcher.retargetMouseEvent(Unknown Source)
	at java.awt.LightweightDispatcher.processMouseEvent(Unknown Source)
	at java.awt.LightweightDispatcher.dispatchEvent(Unknown Source)
	at java.awt.Container.dispatchEventImpl(Unknown Source)
	at java.awt.Window.dispatchEventImpl(Unknown Source)
	at java.awt.Component.dispatchEvent(Unknown Source)
	at java.awt.EventQueue.dispatchEventImpl(Unknown Source)
	at java.awt.EventQueue.access$500(Unknown Source)
	at java.awt.EventQueue$3.run(Unknown Source)
	at java.awt.EventQueue$3.run(Unknown Source)
	at java.security.AccessController.doPrivileged(Native Method)
	at java.security.ProtectionDomain$JavaSecurityAccessImpl.doIntersectionPrivilege(Unknown Source)
	at java.security.ProtectionDomain$JavaSecurityAccessImpl.doIntersectionPrivilege(Unknown Source)
	at java.awt.EventQueue$4.run(Unknown Source)
	at java.awt.EventQueue$4.run(Unknown Source)
	at java.security.AccessController.doPrivileged(Native Method)
	at java.security.ProtectionDomain$JavaSecurityAccessImpl.doIntersectionPrivilege(Unknown Source)
	at java.awt.EventQueue.dispatchEvent(Unknown Source)
	at java.awt.EventDispatchThread.pumpOneEventForFilters(Unknown Source)
	at java.awt.EventDispatchThread.pumpEventsForFilter(Unknown Source)
	at java.awt.EventDispatchThread.pumpEventsForHierarchy(Unknown Source)
	at java.awt.EventDispatchThread.pumpEvents(Unknown Source)
	at java.awt.EventDispatchThread.pumpEvents(Unknown Source)
	at java.awt.EventDispatchThread.run(Unknown Source)
ERROR [AWT-EventQueue-0] 2017-12-06 00:55:56,272 repast.simphony.chart2.engine.TimeSeriesComponentControllerAction - Error while creating Charts. Chart DataSet 'Service performance' not found
java.lang.NullPointerException
	at repast.simphony.chart2.engine.TimeSeriesComponentControllerAction.batchInitialize(TimeSeriesComponentControllerAction.java:71)
	at repast.simphony.engine.controller.DefaultController$1.visit(DefaultController.java:192)
	at repast.simphony.engine.controller.DefaultController$1.visit(DefaultController.java:1)
	at repast.simphony.util.collections.NaryTree.preOrderTraverals(NaryTree.java:292)
	at repast.simphony.util.collections.NaryTree.preOrderTraverals(NaryTree.java:295)
	at repast.simphony.util.collections.NaryTree.preOrderTraverals(NaryTree.java:295)
	at repast.simphony.util.collections.NaryTree.preOrderTraversal(NaryTree.java:288)
	at repast.simphony.engine.controller.DefaultController.batchInitialize(DefaultController.java:190)
	at repast.simphony.engine.controller.DefaultController.batchInitialize(DefaultController.java:349)
	at repast.simphony.ui.RSApplication.initSim(RSApplication.java:155)
	at repast.simphony.ui.RSApplication.step(RSApplication.java:209)
	at repast.simphony.ui.action.StepRun.actionPerformed(StepRun.java:17)
	at javax.swing.AbstractButton.fireActionPerformed(Unknown Source)
	at javax.swing.AbstractButton$Handler.actionPerformed(Unknown Source)
	at javax.swing.DefaultButtonModel.fireActionPerformed(Unknown Source)
	at javax.swing.DefaultButtonModel.setPressed(Unknown Source)
	at javax.swing.AbstractButton.doClick(Unknown Source)
	at com.jidesoft.plaf.vsnet.VsnetMenuItemUI.doClick(VsnetMenuItemUI.java:1395)
	at com.jidesoft.plaf.vsnet.VsnetMenuItemUI$MouseInputHandler.mouseReleased(VsnetMenuItemUI.java:1190)
	at java.awt.Component.processMouseEvent(Unknown Source)
	at javax.swing.JComponent.processMouseEvent(Unknown Source)
	at java.awt.Component.processEvent(Unknown Source)
	at java.awt.Container.processEvent(Unknown Source)
	at java.awt.Component.dispatchEventImpl(Unknown Source)
	at java.awt.Container.dispatchEventImpl(Unknown Source)
	at java.awt.Component.dispatchEvent(Unknown Source)
	at java.awt.LightweightDispatcher.retargetMouseEvent(Unknown Source)
	at java.awt.LightweightDispatcher.processMouseEvent(Unknown Source)
	at java.awt.LightweightDispatcher.dispatchEvent(Unknown Source)
	at java.awt.Container.dispatchEventImpl(Unknown Source)
	at java.awt.Window.dispatchEventImpl(Unknown Source)
	at java.awt.Component.dispatchEvent(Unknown Source)
	at java.awt.EventQueue.dispatchEventImpl(Unknown Source)
	at java.awt.EventQueue.access$500(Unknown Source)
	at java.awt.EventQueue$3.run(Unknown Source)
	at java.awt.EventQueue$3.run(Unknown Source)
	at java.security.AccessController.doPrivileged(Native Method)
	at java.security.ProtectionDomain$JavaSecurityAccessImpl.doIntersectionPrivilege(Unknown Source)
	at java.security.ProtectionDomain$JavaSecurityAccessImpl.doIntersectionPrivilege(Unknown Source)
	at java.awt.EventQueue$4.run(Unknown Source)
	at java.awt.EventQueue$4.run(Unknown Source)
	at java.security.AccessController.doPrivileged(Native Method)
	at java.security.ProtectionDomain$JavaSecurityAccessImpl.doIntersectionPrivilege(Unknown Source)
	at java.awt.EventQueue.dispatchEvent(Unknown Source)
	at java.awt.EventDispatchThread.pumpOneEventForFilters(Unknown Source)
	at java.awt.EventDispatchThread.pumpEventsForFilter(Unknown Source)
	at java.awt.EventDispatchThread.pumpEventsForHierarchy(Unknown Source)
	at java.awt.EventDispatchThread.pumpEvents(Unknown Source)
	at java.awt.EventDispatchThread.pumpEvents(Unknown Source)
	at java.awt.EventDispatchThread.run(Unknown Source)
ERROR [AWT-EventQueue-0] 2017-12-06 00:55:57,050 repast.simphony.visualization.engine.DisplayComponentControllerAction - Error while creating displays
repast.simphony.visualization.engine.DisplayCreationException: Error while creating display.
	at repast.simphony.visualization.engine.DisplayCreatorOGL2D.createDisplay(DisplayCreatorOGL2D.java:102)
	at repast.simphony.visualization.engine.DisplayProducer.createDisplay(DisplayProducer.java:48)
	at repast.simphony.visualization.engine.DisplayComponentControllerAction.runInitialize(DisplayComponentControllerAction.java:104)
	at repast.simphony.engine.controller.DefaultController$2.visit(DefaultController.java:214)
	at repast.simphony.engine.controller.DefaultController$2.visit(DefaultController.java:1)
	at repast.simphony.util.collections.NaryTree.preOrderTraverals(NaryTree.java:292)
	at repast.simphony.util.collections.NaryTree.preOrderTraverals(NaryTree.java:295)
	at repast.simphony.util.collections.NaryTree.preOrderTraverals(NaryTree.java:295)
	at repast.simphony.util.collections.NaryTree.preOrderTraversal(NaryTree.java:288)
	at repast.simphony.engine.controller.DefaultController.runInitialize(DefaultController.java:212)
	at repast.simphony.engine.controller.DefaultController.runInitialize(DefaultController.java:383)
	at repast.simphony.ui.RSApplication.initSim(RSApplication.java:157)
	at repast.simphony.ui.RSApplication.step(RSApplication.java:209)
	at repast.simphony.ui.action.StepRun.actionPerformed(StepRun.java:17)
	at javax.swing.AbstractButton.fireActionPerformed(Unknown Source)
	at javax.swing.AbstractButton$Handler.actionPerformed(Unknown Source)
	at javax.swing.DefaultButtonModel.fireActionPerformed(Unknown Source)
	at javax.swing.DefaultButtonModel.setPressed(Unknown Source)
	at javax.swing.AbstractButton.doClick(Unknown Source)
	at com.jidesoft.plaf.vsnet.VsnetMenuItemUI.doClick(VsnetMenuItemUI.java:1395)
	at com.jidesoft.plaf.vsnet.VsnetMenuItemUI$MouseInputHandler.mouseReleased(VsnetMenuItemUI.java:1190)
	at java.awt.Component.processMouseEvent(Unknown Source)
	at javax.swing.JComponent.processMouseEvent(Unknown Source)
	at java.awt.Component.processEvent(Unknown Source)
	at java.awt.Container.processEvent(Unknown Source)
	at java.awt.Component.dispatchEventImpl(Unknown Source)
	at java.awt.Container.dispatchEventImpl(Unknown Source)
	at java.awt.Component.dispatchEvent(Unknown Source)
	at java.awt.LightweightDispatcher.retargetMouseEvent(Unknown Source)
	at java.awt.LightweightDispatcher.processMouseEvent(Unknown Source)
	at java.awt.LightweightDispatcher.dispatchEvent(Unknown Source)
	at java.awt.Container.dispatchEventImpl(Unknown Source)
	at java.awt.Window.dispatchEventImpl(Unknown Source)
	at java.awt.Component.dispatchEvent(Unknown Source)
	at java.awt.EventQueue.dispatchEventImpl(Unknown Source)
	at java.awt.EventQueue.access$500(Unknown Source)
	at java.awt.EventQueue$3.run(Unknown Source)
	at java.awt.EventQueue$3.run(Unknown Source)
	at java.security.AccessController.doPrivileged(Native Method)
	at java.security.ProtectionDomain$JavaSecurityAccessImpl.doIntersectionPrivilege(Unknown Source)
	at java.security.ProtectionDomain$JavaSecurityAccessImpl.doIntersectionPrivilege(Unknown Source)
	at java.awt.EventQueue$4.run(Unknown Source)
	at java.awt.EventQueue$4.run(Unknown Source)
	at java.security.AccessController.doPrivileged(Native Method)
	at java.security.ProtectionDomain$JavaSecurityAccessImpl.doIntersectionPrivilege(Unknown Source)
	at java.awt.EventQueue.dispatchEvent(Unknown Source)
	at java.awt.EventDispatchThread.pumpOneEventForFilters(Unknown Source)
	at java.awt.EventDispatchThread.pumpEventsForFilter(Unknown Source)
	at java.awt.EventDispatchThread.pumpEventsForHierarchy(Unknown Source)
	at java.awt.EventDispatchThread.pumpEvents(Unknown Source)
	at java.awt.EventDispatchThread.pumpEvents(Unknown Source)
	at java.awt.EventDispatchThread.run(Unknown Source)
Caused by: java.lang.RuntimeException: Projection 'Service Consumer/Provider network' not found.
	at repast.simphony.visualization.engine.AbstractCartesianDisplayCreator.createLayout(AbstractCartesianDisplayCreator.java:57)
	at repast.simphony.visualization.engine.DisplayCreatorOGL2D.createDisplay(DisplayCreatorOGL2D.java:62)
	... 51 more
FATAL [Thread-5] 2017-12-06 00:56:03,705 repast.simphony.ui.GUIScheduleRunner - RunTimeException when running the schedule
Current tick (2.0)
java.lang.NullPointerException
	at serviceConsumerProviderVis.onto.Client$ClientBehaviour.action(Client.java:87)
	at sajas.core.behaviours.Behaviour.actionWrapper(Behaviour.java:341)
	at sajas.core.Agent.step(Agent.java:205)
	at sajas.sim.repasts.AgentAction.execute(AgentAction.java:69)
	at repast.simphony.engine.schedule.DefaultAction.execute(DefaultAction.java:38)
	at repast.simphony.engine.schedule.ScheduleGroup.executeList(ScheduleGroup.java:205)
	at repast.simphony.engine.schedule.ScheduleGroup.execute(ScheduleGroup.java:231)
	at repast.simphony.engine.schedule.Schedule.execute(Schedule.java:352)
	at repast.simphony.ui.GUIScheduleRunner$ScheduleLoopRunnable.run(GUIScheduleRunner.java:52)
	at java.lang.Thread.run(Unknown Source)
WARN  [AWT-EventQueue-0] 2017-12-06 11:13:48,375 repast.simphony.data2.engine.DataSetComponentControllerAction - Error while creating DataSets
java.lang.ClassNotFoundException: serviceConsumerProviderVis.ConsumerAllAgent
	at org.java.plugin.standard.StandardPluginClassLoader.loadClass(Unknown Source)
	at java.lang.ClassLoader.loadClass(Unknown Source)
	at java.lang.Class.forName0(Native Method)
	at java.lang.Class.forName(Unknown Source)
	at repast.simphony.data2.engine.DataSetComponentControllerAction.createAggregateBuilder(DataSetComponentControllerAction.java:94)
	at repast.simphony.data2.engine.DataSetComponentControllerAction.batchInitialize(DataSetComponentControllerAction.java:75)
	at repast.simphony.engine.controller.DefaultController$1.visit(DefaultController.java:192)
	at repast.simphony.engine.controller.DefaultController$1.visit(DefaultController.java:1)
	at repast.simphony.util.collections.NaryTree.preOrderTraverals(NaryTree.java:292)
	at repast.simphony.util.collections.NaryTree.preOrderTraverals(NaryTree.java:295)
	at repast.simphony.util.collections.NaryTree.preOrderTraverals(NaryTree.java:295)
	at repast.simphony.util.collections.NaryTree.preOrderTraversal(NaryTree.java:288)
	at repast.simphony.engine.controller.DefaultController.batchInitialize(DefaultController.java:190)
	at repast.simphony.engine.controller.DefaultController.batchInitialize(DefaultController.java:349)
	at repast.simphony.ui.RSApplication.initSim(RSApplication.java:155)
	at repast.simphony.ui.RSApplication.start(RSApplication.java:189)
	at repast.simphony.ui.action.StartRun.actionPerformed(StartRun.java:17)
	at javax.swing.AbstractButton.fireActionPerformed(Unknown Source)
	at javax.swing.AbstractButton$Handler.actionPerformed(Unknown Source)
	at javax.swing.DefaultButtonModel.fireActionPerformed(Unknown Source)
	at javax.swing.DefaultButtonModel.setPressed(Unknown Source)
	at javax.swing.plaf.basic.BasicButtonListener.mouseReleased(Unknown Source)
	at java.awt.AWTEventMulticaster.mouseReleased(Unknown Source)
	at java.awt.Component.processMouseEvent(Unknown Source)
	at javax.swing.JComponent.processMouseEvent(Unknown Source)
	at java.awt.Component.processEvent(Unknown Source)
	at java.awt.Container.processEvent(Unknown Source)
	at java.awt.Component.dispatchEventImpl(Unknown Source)
	at java.awt.Container.dispatchEventImpl(Unknown Source)
	at java.awt.Component.dispatchEvent(Unknown Source)
	at java.awt.LightweightDispatcher.retargetMouseEvent(Unknown Source)
	at java.awt.LightweightDispatcher.processMouseEvent(Unknown Source)
	at java.awt.LightweightDispatcher.dispatchEvent(Unknown Source)
	at java.awt.Container.dispatchEventImpl(Unknown Source)
	at java.awt.Window.dispatchEventImpl(Unknown Source)
	at java.awt.Component.dispatchEvent(Unknown Source)
	at java.awt.EventQueue.dispatchEventImpl(Unknown Source)
	at java.awt.EventQueue.access$500(Unknown Source)
	at java.awt.EventQueue$3.run(Unknown Source)
	at java.awt.EventQueue$3.run(Unknown Source)
	at java.security.AccessController.doPrivileged(Native Method)
	at java.security.ProtectionDomain$JavaSecurityAccessImpl.doIntersectionPrivilege(Unknown Source)
	at java.security.ProtectionDomain$JavaSecurityAccessImpl.doIntersectionPrivilege(Unknown Source)
	at java.awt.EventQueue$4.run(Unknown Source)
	at java.awt.EventQueue$4.run(Unknown Source)
	at java.security.AccessController.doPrivileged(Native Method)
	at java.security.ProtectionDomain$JavaSecurityAccessImpl.doIntersectionPrivilege(Unknown Source)
	at java.awt.EventQueue.dispatchEvent(Unknown Source)
	at java.awt.EventDispatchThread.pumpOneEventForFilters(Unknown Source)
	at java.awt.EventDispatchThread.pumpEventsForFilter(Unknown Source)
	at java.awt.EventDispatchThread.pumpEventsForHierarchy(Unknown Source)
	at java.awt.EventDispatchThread.pumpEvents(Unknown Source)
	at java.awt.EventDispatchThread.pumpEvents(Unknown Source)
	at java.awt.EventDispatchThread.run(Unknown Source)
ERROR [AWT-EventQueue-0] 2017-12-06 11:13:48,443 repast.simphony.chart2.engine.TimeSeriesComponentControllerAction - Error while creating Charts. Chart DataSet 'Service performance' not found
java.lang.NullPointerException
	at repast.simphony.chart2.engine.TimeSeriesComponentControllerAction.batchInitialize(TimeSeriesComponentControllerAction.java:71)
	at repast.simphony.engine.controller.DefaultController$1.visit(DefaultController.java:192)
	at repast.simphony.engine.controller.DefaultController$1.visit(DefaultController.java:1)
	at repast.simphony.util.collections.NaryTree.preOrderTraverals(NaryTree.java:292)
	at repast.simphony.util.collections.NaryTree.preOrderTraverals(NaryTree.java:295)
	at repast.simphony.util.collections.NaryTree.preOrderTraverals(NaryTree.java:295)
	at repast.simphony.util.collections.NaryTree.preOrderTraversal(NaryTree.java:288)
	at repast.simphony.engine.controller.DefaultController.batchInitialize(DefaultController.java:190)
	at repast.simphony.engine.controller.DefaultController.batchInitialize(DefaultController.java:349)
	at repast.simphony.ui.RSApplication.initSim(RSApplication.java:155)
	at repast.simphony.ui.RSApplication.start(RSApplication.java:189)
	at repast.simphony.ui.action.StartRun.actionPerformed(StartRun.java:17)
	at javax.swing.AbstractButton.fireActionPerformed(Unknown Source)
	at javax.swing.AbstractButton$Handler.actionPerformed(Unknown Source)
	at javax.swing.DefaultButtonModel.fireActionPerformed(Unknown Source)
	at javax.swing.DefaultButtonModel.setPressed(Unknown Source)
	at javax.swing.plaf.basic.BasicButtonListener.mouseReleased(Unknown Source)
	at java.awt.AWTEventMulticaster.mouseReleased(Unknown Source)
	at java.awt.Component.processMouseEvent(Unknown Source)
	at javax.swing.JComponent.processMouseEvent(Unknown Source)
	at java.awt.Component.processEvent(Unknown Source)
	at java.awt.Container.processEvent(Unknown Source)
	at java.awt.Component.dispatchEventImpl(Unknown Source)
	at java.awt.Container.dispatchEventImpl(Unknown Source)
	at java.awt.Component.dispatchEvent(Unknown Source)
	at java.awt.LightweightDispatcher.retargetMouseEvent(Unknown Source)
	at java.awt.LightweightDispatcher.processMouseEvent(Unknown Source)
	at java.awt.LightweightDispatcher.dispatchEvent(Unknown Source)
	at java.awt.Container.dispatchEventImpl(Unknown Source)
	at java.awt.Window.dispatchEventImpl(Unknown Source)
	at java.awt.Component.dispatchEvent(Unknown Source)
	at java.awt.EventQueue.dispatchEventImpl(Unknown Source)
	at java.awt.EventQueue.access$500(Unknown Source)
	at java.awt.EventQueue$3.run(Unknown Source)
	at java.awt.EventQueue$3.run(Unknown Source)
	at java.security.AccessController.doPrivileged(Native Method)
	at java.security.ProtectionDomain$JavaSecurityAccessImpl.doIntersectionPrivilege(Unknown Source)
	at java.security.ProtectionDomain$JavaSecurityAccessImpl.doIntersectionPrivilege(Unknown Source)
	at java.awt.EventQueue$4.run(Unknown Source)
	at java.awt.EventQueue$4.run(Unknown Source)
	at java.security.AccessController.doPrivileged(Native Method)
	at java.security.ProtectionDomain$JavaSecurityAccessImpl.doIntersectionPrivilege(Unknown Source)
	at java.awt.EventQueue.dispatchEvent(Unknown Source)
	at java.awt.EventDispatchThread.pumpOneEventForFilters(Unknown Source)
	at java.awt.EventDispatchThread.pumpEventsForFilter(Unknown Source)
	at java.awt.EventDispatchThread.pumpEventsForHierarchy(Unknown Source)
	at java.awt.EventDispatchThread.pumpEvents(Unknown Source)
	at java.awt.EventDispatchThread.pumpEvents(Unknown Source)
	at java.awt.EventDispatchThread.run(Unknown Source)
ERROR [AWT-EventQueue-0] 2017-12-06 11:13:50,415 repast.simphony.visualization.engine.DisplayComponentControllerAction - Error while creating displays
repast.simphony.visualization.engine.DisplayCreationException: Error while creating display.
	at repast.simphony.visualization.engine.DisplayCreatorOGL2D.createDisplay(DisplayCreatorOGL2D.java:102)
	at repast.simphony.visualization.engine.DisplayProducer.createDisplay(DisplayProducer.java:48)
	at repast.simphony.visualization.engine.DisplayComponentControllerAction.runInitialize(DisplayComponentControllerAction.java:104)
	at repast.simphony.engine.controller.DefaultController$2.visit(DefaultController.java:214)
	at repast.simphony.engine.controller.DefaultController$2.visit(DefaultController.java:1)
	at repast.simphony.util.collections.NaryTree.preOrderTraverals(NaryTree.java:292)
	at repast.simphony.util.collections.NaryTree.preOrderTraverals(NaryTree.java:295)
	at repast.simphony.util.collections.NaryTree.preOrderTraverals(NaryTree.java:295)
	at repast.simphony.util.collections.NaryTree.preOrderTraversal(NaryTree.java:288)
	at repast.simphony.engine.controller.DefaultController.runInitialize(DefaultController.java:212)
	at repast.simphony.engine.controller.DefaultController.runInitialize(DefaultController.java:383)
	at repast.simphony.ui.RSApplication.initSim(RSApplication.java:157)
	at repast.simphony.ui.RSApplication.start(RSApplication.java:189)
	at repast.simphony.ui.action.StartRun.actionPerformed(StartRun.java:17)
	at javax.swing.AbstractButton.fireActionPerformed(Unknown Source)
	at javax.swing.AbstractButton$Handler.actionPerformed(Unknown Source)
	at javax.swing.DefaultButtonModel.fireActionPerformed(Unknown Source)
	at javax.swing.DefaultButtonModel.setPressed(Unknown Source)
	at javax.swing.plaf.basic.BasicButtonListener.mouseReleased(Unknown Source)
	at java.awt.AWTEventMulticaster.mouseReleased(Unknown Source)
	at java.awt.Component.processMouseEvent(Unknown Source)
	at javax.swing.JComponent.processMouseEvent(Unknown Source)
	at java.awt.Component.processEvent(Unknown Source)
	at java.awt.Container.processEvent(Unknown Source)
	at java.awt.Component.dispatchEventImpl(Unknown Source)
	at java.awt.Container.dispatchEventImpl(Unknown Source)
	at java.awt.Component.dispatchEvent(Unknown Source)
	at java.awt.LightweightDispatcher.retargetMouseEvent(Unknown Source)
	at java.awt.LightweightDispatcher.processMouseEvent(Unknown Source)
	at java.awt.LightweightDispatcher.dispatchEvent(Unknown Source)
	at java.awt.Container.dispatchEventImpl(Unknown Source)
	at java.awt.Window.dispatchEventImpl(Unknown Source)
	at java.awt.Component.dispatchEvent(Unknown Source)
	at java.awt.EventQueue.dispatchEventImpl(Unknown Source)
	at java.awt.EventQueue.access$500(Unknown Source)
	at java.awt.EventQueue$3.run(Unknown Source)
	at java.awt.EventQueue$3.run(Unknown Source)
	at java.security.AccessController.doPrivileged(Native Method)
	at java.security.ProtectionDomain$JavaSecurityAccessImpl.doIntersectionPrivilege(Unknown Source)
	at java.security.ProtectionDomain$JavaSecurityAccessImpl.doIntersectionPrivilege(Unknown Source)
	at java.awt.EventQueue$4.run(Unknown Source)
	at java.awt.EventQueue$4.run(Unknown Source)
	at java.security.AccessController.doPrivileged(Native Method)
	at java.security.ProtectionDomain$JavaSecurityAccessImpl.doIntersectionPrivilege(Unknown Source)
	at java.awt.EventQueue.dispatchEvent(Unknown Source)
	at java.awt.EventDispatchThread.pumpOneEventForFilters(Unknown Source)
	at java.awt.EventDispatchThread.pumpEventsForFilter(Unknown Source)
	at java.awt.EventDispatchThread.pumpEventsForHierarchy(Unknown Source)
	at java.awt.EventDispatchThread.pumpEvents(Unknown Source)
	at java.awt.EventDispatchThread.pumpEvents(Unknown Source)
	at java.awt.EventDispatchThread.run(Unknown Source)
Caused by: java.lang.RuntimeException: Projection 'Service Consumer/Provider network' not found.
	at repast.simphony.visualization.engine.AbstractCartesianDisplayCreator.createLayout(AbstractCartesianDisplayCreator.java:57)
	at repast.simphony.visualization.engine.DisplayCreatorOGL2D.createDisplay(DisplayCreatorOGL2D.java:62)
	... 50 more
FATAL [Thread-5] 2017-12-06 11:13:50,660 repast.simphony.ui.GUIScheduleRunner - RunTimeException when running the schedule
Current tick (2.0)
java.lang.NullPointerException
	at serviceConsumerProviderVis.onto.Client$ClientBehaviour.action(Client.java:87)
	at sajas.core.behaviours.Behaviour.actionWrapper(Behaviour.java:341)
	at sajas.core.Agent.step(Agent.java:205)
	at sajas.sim.repasts.AgentAction.execute(AgentAction.java:69)
	at repast.simphony.engine.schedule.DefaultAction.execute(DefaultAction.java:38)
	at repast.simphony.engine.schedule.ScheduleGroup.executeList(ScheduleGroup.java:205)
	at repast.simphony.engine.schedule.ScheduleGroup.execute(ScheduleGroup.java:231)
	at repast.simphony.engine.schedule.Schedule.execute(Schedule.java:352)
	at repast.simphony.ui.GUIScheduleRunner$ScheduleLoopRunnable.run(GUIScheduleRunner.java:52)
	at java.lang.Thread.run(Unknown Source)
WARN  [AWT-EventQueue-0] 2017-12-06 11:18:20,123 repast.simphony.data2.engine.DataSetComponentControllerAction - Error while creating DataSets
java.lang.ClassNotFoundException: serviceConsumerProviderVis.ConsumerAllAgent
	at org.java.plugin.standard.StandardPluginClassLoader.loadClass(Unknown Source)
	at java.lang.ClassLoader.loadClass(Unknown Source)
	at java.lang.Class.forName0(Native Method)
	at java.lang.Class.forName(Unknown Source)
	at repast.simphony.data2.engine.DataSetComponentControllerAction.createAggregateBuilder(DataSetComponentControllerAction.java:94)
	at repast.simphony.data2.engine.DataSetComponentControllerAction.batchInitialize(DataSetComponentControllerAction.java:75)
	at repast.simphony.engine.controller.DefaultController$1.visit(DefaultController.java:192)
	at repast.simphony.engine.controller.DefaultController$1.visit(DefaultController.java:1)
	at repast.simphony.util.collections.NaryTree.preOrderTraverals(NaryTree.java:292)
	at repast.simphony.util.collections.NaryTree.preOrderTraverals(NaryTree.java:295)
	at repast.simphony.util.collections.NaryTree.preOrderTraverals(NaryTree.java:295)
	at repast.simphony.util.collections.NaryTree.preOrderTraversal(NaryTree.java:288)
	at repast.simphony.engine.controller.DefaultController.batchInitialize(DefaultController.java:190)
	at repast.simphony.engine.controller.DefaultController.batchInitialize(DefaultController.java:349)
	at repast.simphony.ui.RSApplication.initSim(RSApplication.java:155)
	at repast.simphony.ui.RSApplication.start(RSApplication.java:189)
	at repast.simphony.ui.action.StartRun.actionPerformed(StartRun.java:17)
	at javax.swing.AbstractButton.fireActionPerformed(Unknown Source)
	at javax.swing.AbstractButton$Handler.actionPerformed(Unknown Source)
	at javax.swing.DefaultButtonModel.fireActionPerformed(Unknown Source)
	at javax.swing.DefaultButtonModel.setPressed(Unknown Source)
	at javax.swing.plaf.basic.BasicButtonListener.mouseReleased(Unknown Source)
	at java.awt.AWTEventMulticaster.mouseReleased(Unknown Source)
	at java.awt.Component.processMouseEvent(Unknown Source)
	at javax.swing.JComponent.processMouseEvent(Unknown Source)
	at java.awt.Component.processEvent(Unknown Source)
	at java.awt.Container.processEvent(Unknown Source)
	at java.awt.Component.dispatchEventImpl(Unknown Source)
	at java.awt.Container.dispatchEventImpl(Unknown Source)
	at java.awt.Component.dispatchEvent(Unknown Source)
	at java.awt.LightweightDispatcher.retargetMouseEvent(Unknown Source)
	at java.awt.LightweightDispatcher.processMouseEvent(Unknown Source)
	at java.awt.LightweightDispatcher.dispatchEvent(Unknown Source)
	at java.awt.Container.dispatchEventImpl(Unknown Source)
	at java.awt.Window.dispatchEventImpl(Unknown Source)
	at java.awt.Component.dispatchEvent(Unknown Source)
	at java.awt.EventQueue.dispatchEventImpl(Unknown Source)
	at java.awt.EventQueue.access$500(Unknown Source)
	at java.awt.EventQueue$3.run(Unknown Source)
	at java.awt.EventQueue$3.run(Unknown Source)
	at java.security.AccessController.doPrivileged(Native Method)
	at java.security.ProtectionDomain$JavaSecurityAccessImpl.doIntersectionPrivilege(Unknown Source)
	at java.security.ProtectionDomain$JavaSecurityAccessImpl.doIntersectionPrivilege(Unknown Source)
	at java.awt.EventQueue$4.run(Unknown Source)
	at java.awt.EventQueue$4.run(Unknown Source)
	at java.security.AccessController.doPrivileged(Native Method)
	at java.security.ProtectionDomain$JavaSecurityAccessImpl.doIntersectionPrivilege(Unknown Source)
	at java.awt.EventQueue.dispatchEvent(Unknown Source)
	at java.awt.EventDispatchThread.pumpOneEventForFilters(Unknown Source)
	at java.awt.EventDispatchThread.pumpEventsForFilter(Unknown Source)
	at java.awt.EventDispatchThread.pumpEventsForHierarchy(Unknown Source)
	at java.awt.EventDispatchThread.pumpEvents(Unknown Source)
	at java.awt.EventDispatchThread.pumpEvents(Unknown Source)
	at java.awt.EventDispatchThread.run(Unknown Source)
ERROR [AWT-EventQueue-0] 2017-12-06 11:18:20,126 repast.simphony.chart2.engine.TimeSeriesComponentControllerAction - Error while creating Charts. Chart DataSet 'Service performance' not found
java.lang.NullPointerException
	at repast.simphony.chart2.engine.TimeSeriesComponentControllerAction.batchInitialize(TimeSeriesComponentControllerAction.java:71)
	at repast.simphony.engine.controller.DefaultController$1.visit(DefaultController.java:192)
	at repast.simphony.engine.controller.DefaultController$1.visit(DefaultController.java:1)
	at repast.simphony.util.collections.NaryTree.preOrderTraverals(NaryTree.java:292)
	at repast.simphony.util.collections.NaryTree.preOrderTraverals(NaryTree.java:295)
	at repast.simphony.util.collections.NaryTree.preOrderTraverals(NaryTree.java:295)
	at repast.simphony.util.collections.NaryTree.preOrderTraversal(NaryTree.java:288)
	at repast.simphony.engine.controller.DefaultController.batchInitialize(DefaultController.java:190)
	at repast.simphony.engine.controller.DefaultController.batchInitialize(DefaultController.java:349)
	at repast.simphony.ui.RSApplication.initSim(RSApplication.java:155)
	at repast.simphony.ui.RSApplication.start(RSApplication.java:189)
	at repast.simphony.ui.action.StartRun.actionPerformed(StartRun.java:17)
	at javax.swing.AbstractButton.fireActionPerformed(Unknown Source)
	at javax.swing.AbstractButton$Handler.actionPerformed(Unknown Source)
	at javax.swing.DefaultButtonModel.fireActionPerformed(Unknown Source)
	at javax.swing.DefaultButtonModel.setPressed(Unknown Source)
	at javax.swing.plaf.basic.BasicButtonListener.mouseReleased(Unknown Source)
	at java.awt.AWTEventMulticaster.mouseReleased(Unknown Source)
	at java.awt.Component.processMouseEvent(Unknown Source)
	at javax.swing.JComponent.processMouseEvent(Unknown Source)
	at java.awt.Component.processEvent(Unknown Source)
	at java.awt.Container.processEvent(Unknown Source)
	at java.awt.Component.dispatchEventImpl(Unknown Source)
	at java.awt.Container.dispatchEventImpl(Unknown Source)
	at java.awt.Component.dispatchEvent(Unknown Source)
	at java.awt.LightweightDispatcher.retargetMouseEvent(Unknown Source)
	at java.awt.LightweightDispatcher.processMouseEvent(Unknown Source)
	at java.awt.LightweightDispatcher.dispatchEvent(Unknown Source)
	at java.awt.Container.dispatchEventImpl(Unknown Source)
	at java.awt.Window.dispatchEventImpl(Unknown Source)
	at java.awt.Component.dispatchEvent(Unknown Source)
	at java.awt.EventQueue.dispatchEventImpl(Unknown Source)
	at java.awt.EventQueue.access$500(Unknown Source)
	at java.awt.EventQueue$3.run(Unknown Source)
	at java.awt.EventQueue$3.run(Unknown Source)
	at java.security.AccessController.doPrivileged(Native Method)
	at java.security.ProtectionDomain$JavaSecurityAccessImpl.doIntersectionPrivilege(Unknown Source)
	at java.security.ProtectionDomain$JavaSecurityAccessImpl.doIntersectionPrivilege(Unknown Source)
	at java.awt.EventQueue$4.run(Unknown Source)
	at java.awt.EventQueue$4.run(Unknown Source)
	at java.security.AccessController.doPrivileged(Native Method)
	at java.security.ProtectionDomain$JavaSecurityAccessImpl.doIntersectionPrivilege(Unknown Source)
	at java.awt.EventQueue.dispatchEvent(Unknown Source)
	at java.awt.EventDispatchThread.pumpOneEventForFilters(Unknown Source)
	at java.awt.EventDispatchThread.pumpEventsForFilter(Unknown Source)
	at java.awt.EventDispatchThread.pumpEventsForHierarchy(Unknown Source)
	at java.awt.EventDispatchThread.pumpEvents(Unknown Source)
	at java.awt.EventDispatchThread.pumpEvents(Unknown Source)
	at java.awt.EventDispatchThread.run(Unknown Source)
ERROR [AWT-EventQueue-0] 2017-12-06 11:18:27,413 repast.simphony.visualization.engine.DisplayComponentControllerAction - Error while creating displays
repast.simphony.visualization.engine.DisplayCreationException: Error while creating display.
	at repast.simphony.visualization.engine.DisplayCreatorOGL2D.createDisplay(DisplayCreatorOGL2D.java:102)
	at repast.simphony.visualization.engine.DisplayProducer.createDisplay(DisplayProducer.java:48)
	at repast.simphony.visualization.engine.DisplayComponentControllerAction.runInitialize(DisplayComponentControllerAction.java:104)
	at repast.simphony.engine.controller.DefaultController$2.visit(DefaultController.java:214)
	at repast.simphony.engine.controller.DefaultController$2.visit(DefaultController.java:1)
	at repast.simphony.util.collections.NaryTree.preOrderTraverals(NaryTree.java:292)
	at repast.simphony.util.collections.NaryTree.preOrderTraverals(NaryTree.java:295)
	at repast.simphony.util.collections.NaryTree.preOrderTraverals(NaryTree.java:295)
	at repast.simphony.util.collections.NaryTree.preOrderTraversal(NaryTree.java:288)
	at repast.simphony.engine.controller.DefaultController.runInitialize(DefaultController.java:212)
	at repast.simphony.engine.controller.DefaultController.runInitialize(DefaultController.java:383)
	at repast.simphony.ui.RSApplication.initSim(RSApplication.java:157)
	at repast.simphony.ui.RSApplication.start(RSApplication.java:189)
	at repast.simphony.ui.action.StartRun.actionPerformed(StartRun.java:17)
	at javax.swing.AbstractButton.fireActionPerformed(Unknown Source)
	at javax.swing.AbstractButton$Handler.actionPerformed(Unknown Source)
	at javax.swing.DefaultButtonModel.fireActionPerformed(Unknown Source)
	at javax.swing.DefaultButtonModel.setPressed(Unknown Source)
	at javax.swing.plaf.basic.BasicButtonListener.mouseReleased(Unknown Source)
	at java.awt.AWTEventMulticaster.mouseReleased(Unknown Source)
	at java.awt.Component.processMouseEvent(Unknown Source)
	at javax.swing.JComponent.processMouseEvent(Unknown Source)
	at java.awt.Component.processEvent(Unknown Source)
	at java.awt.Container.processEvent(Unknown Source)
	at java.awt.Component.dispatchEventImpl(Unknown Source)
	at java.awt.Container.dispatchEventImpl(Unknown Source)
	at java.awt.Component.dispatchEvent(Unknown Source)
	at java.awt.LightweightDispatcher.retargetMouseEvent(Unknown Source)
	at java.awt.LightweightDispatcher.processMouseEvent(Unknown Source)
	at java.awt.LightweightDispatcher.dispatchEvent(Unknown Source)
	at java.awt.Container.dispatchEventImpl(Unknown Source)
	at java.awt.Window.dispatchEventImpl(Unknown Source)
	at java.awt.Component.dispatchEvent(Unknown Source)
	at java.awt.EventQueue.dispatchEventImpl(Unknown Source)
	at java.awt.EventQueue.access$500(Unknown Source)
	at java.awt.EventQueue$3.run(Unknown Source)
	at java.awt.EventQueue$3.run(Unknown Source)
	at java.security.AccessController.doPrivileged(Native Method)
	at java.security.ProtectionDomain$JavaSecurityAccessImpl.doIntersectionPrivilege(Unknown Source)
	at java.security.ProtectionDomain$JavaSecurityAccessImpl.doIntersectionPrivilege(Unknown Source)
	at java.awt.EventQueue$4.run(Unknown Source)
	at java.awt.EventQueue$4.run(Unknown Source)
	at java.security.AccessController.doPrivileged(Native Method)
	at java.security.ProtectionDomain$JavaSecurityAccessImpl.doIntersectionPrivilege(Unknown Source)
	at java.awt.EventQueue.dispatchEvent(Unknown Source)
	at java.awt.EventDispatchThread.pumpOneEventForFilters(Unknown Source)
	at java.awt.EventDispatchThread.pumpEventsForFilter(Unknown Source)
	at java.awt.EventDispatchThread.pumpEventsForHierarchy(Unknown Source)
	at java.awt.EventDispatchThread.pumpEvents(Unknown Source)
	at java.awt.EventDispatchThread.pumpEvents(Unknown Source)
	at java.awt.EventDispatchThread.run(Unknown Source)
Caused by: java.lang.ClassNotFoundException: serviceConsumerProviderVis.ProviderGoodAgent
	at org.java.plugin.standard.StandardPluginClassLoader.loadClass(Unknown Source)
	at java.lang.ClassLoader.loadClass(Unknown Source)
	at java.lang.Class.forName0(Native Method)
	at java.lang.Class.forName(Unknown Source)
	at repast.simphony.visualization.engine.StyleRegistrar.registerStyles(StyleRegistrar.java:87)
	at repast.simphony.visualization.engine.StyleRegistrar.registerStyles(StyleRegistrar.java:34)
	at repast.simphony.visualization.engine.DisplayCreatorOGL2D.createDisplay(DisplayCreatorOGL2D.java:79)
	... 50 more
FATAL [Thread-7] 2017-12-06 11:18:27,465 repast.simphony.ui.GUIScheduleRunner - RunTimeException when running the schedule
Current tick (2.0)
java.lang.NullPointerException
	at serviceConsumerProviderVis.onto.Central$CentralBehaviour.action(Central.java:99)
	at sajas.core.behaviours.Behaviour.actionWrapper(Behaviour.java:341)
	at sajas.core.Agent.step(Agent.java:205)
	at sajas.sim.repasts.AgentAction.execute(AgentAction.java:69)
	at repast.simphony.engine.schedule.DefaultAction.execute(DefaultAction.java:38)
	at repast.simphony.engine.schedule.ScheduleGroup.executeList(ScheduleGroup.java:205)
	at repast.simphony.engine.schedule.ScheduleGroup.execute(ScheduleGroup.java:231)
	at repast.simphony.engine.schedule.Schedule.execute(Schedule.java:352)
	at repast.simphony.ui.GUIScheduleRunner$ScheduleLoopRunnable.run(GUIScheduleRunner.java:52)
	at java.lang.Thread.run(Unknown Source)
WARN  [AWT-EventQueue-0] 2017-12-06 11:20:30,338 repast.simphony.data2.engine.DataSetComponentControllerAction - Error while creating DataSets
java.lang.ClassNotFoundException: serviceConsumerProviderVis.ConsumerAllAgent
	at org.java.plugin.standard.StandardPluginClassLoader.loadClass(Unknown Source)
	at java.lang.ClassLoader.loadClass(Unknown Source)
	at java.lang.Class.forName0(Native Method)
	at java.lang.Class.forName(Unknown Source)
	at repast.simphony.data2.engine.DataSetComponentControllerAction.createAggregateBuilder(DataSetComponentControllerAction.java:94)
	at repast.simphony.data2.engine.DataSetComponentControllerAction.batchInitialize(DataSetComponentControllerAction.java:75)
	at repast.simphony.engine.controller.DefaultController$1.visit(DefaultController.java:192)
	at repast.simphony.engine.controller.DefaultController$1.visit(DefaultController.java:1)
	at repast.simphony.util.collections.NaryTree.preOrderTraverals(NaryTree.java:292)
	at repast.simphony.util.collections.NaryTree.preOrderTraverals(NaryTree.java:295)
	at repast.simphony.util.collections.NaryTree.preOrderTraverals(NaryTree.java:295)
	at repast.simphony.util.collections.NaryTree.preOrderTraversal(NaryTree.java:288)
	at repast.simphony.engine.controller.DefaultController.batchInitialize(DefaultController.java:190)
	at repast.simphony.engine.controller.DefaultController.batchInitialize(DefaultController.java:349)
	at repast.simphony.ui.RSApplication.initSim(RSApplication.java:155)
	at repast.simphony.ui.RSApplication.start(RSApplication.java:189)
	at repast.simphony.ui.action.StartRun.actionPerformed(StartRun.java:17)
	at javax.swing.AbstractButton.fireActionPerformed(Unknown Source)
	at javax.swing.AbstractButton$Handler.actionPerformed(Unknown Source)
	at javax.swing.DefaultButtonModel.fireActionPerformed(Unknown Source)
	at javax.swing.DefaultButtonModel.setPressed(Unknown Source)
	at javax.swing.plaf.basic.BasicButtonListener.mouseReleased(Unknown Source)
	at java.awt.AWTEventMulticaster.mouseReleased(Unknown Source)
	at java.awt.Component.processMouseEvent(Unknown Source)
	at javax.swing.JComponent.processMouseEvent(Unknown Source)
	at java.awt.Component.processEvent(Unknown Source)
	at java.awt.Container.processEvent(Unknown Source)
	at java.awt.Component.dispatchEventImpl(Unknown Source)
	at java.awt.Container.dispatchEventImpl(Unknown Source)
	at java.awt.Component.dispatchEvent(Unknown Source)
	at java.awt.LightweightDispatcher.retargetMouseEvent(Unknown Source)
	at java.awt.LightweightDispatcher.processMouseEvent(Unknown Source)
	at java.awt.LightweightDispatcher.dispatchEvent(Unknown Source)
	at java.awt.Container.dispatchEventImpl(Unknown Source)
	at java.awt.Window.dispatchEventImpl(Unknown Source)
	at java.awt.Component.dispatchEvent(Unknown Source)
	at java.awt.EventQueue.dispatchEventImpl(Unknown Source)
	at java.awt.EventQueue.access$500(Unknown Source)
	at java.awt.EventQueue$3.run(Unknown Source)
	at java.awt.EventQueue$3.run(Unknown Source)
	at java.security.AccessController.doPrivileged(Native Method)
	at java.security.ProtectionDomain$JavaSecurityAccessImpl.doIntersectionPrivilege(Unknown Source)
	at java.security.ProtectionDomain$JavaSecurityAccessImpl.doIntersectionPrivilege(Unknown Source)
	at java.awt.EventQueue$4.run(Unknown Source)
	at java.awt.EventQueue$4.run(Unknown Source)
	at java.security.AccessController.doPrivileged(Native Method)
	at java.security.ProtectionDomain$JavaSecurityAccessImpl.doIntersectionPrivilege(Unknown Source)
	at java.awt.EventQueue.dispatchEvent(Unknown Source)
	at java.awt.EventDispatchThread.pumpOneEventForFilters(Unknown Source)
	at java.awt.EventDispatchThread.pumpEventsForFilter(Unknown Source)
	at java.awt.EventDispatchThread.pumpEventsForHierarchy(Unknown Source)
	at java.awt.EventDispatchThread.pumpEvents(Unknown Source)
	at java.awt.EventDispatchThread.pumpEvents(Unknown Source)
	at java.awt.EventDispatchThread.run(Unknown Source)
ERROR [AWT-EventQueue-0] 2017-12-06 11:20:30,340 repast.simphony.chart2.engine.TimeSeriesComponentControllerAction - Error while creating Charts. Chart DataSet 'Service performance' not found
java.lang.NullPointerException
	at repast.simphony.chart2.engine.TimeSeriesComponentControllerAction.batchInitialize(TimeSeriesComponentControllerAction.java:71)
	at repast.simphony.engine.controller.DefaultController$1.visit(DefaultController.java:192)
	at repast.simphony.engine.controller.DefaultController$1.visit(DefaultController.java:1)
	at repast.simphony.util.collections.NaryTree.preOrderTraverals(NaryTree.java:292)
	at repast.simphony.util.collections.NaryTree.preOrderTraverals(NaryTree.java:295)
	at repast.simphony.util.collections.NaryTree.preOrderTraverals(NaryTree.java:295)
	at repast.simphony.util.collections.NaryTree.preOrderTraversal(NaryTree.java:288)
	at repast.simphony.engine.controller.DefaultController.batchInitialize(DefaultController.java:190)
	at repast.simphony.engine.controller.DefaultController.batchInitialize(DefaultController.java:349)
	at repast.simphony.ui.RSApplication.initSim(RSApplication.java:155)
	at repast.simphony.ui.RSApplication.start(RSApplication.java:189)
	at repast.simphony.ui.action.StartRun.actionPerformed(StartRun.java:17)
	at javax.swing.AbstractButton.fireActionPerformed(Unknown Source)
	at javax.swing.AbstractButton$Handler.actionPerformed(Unknown Source)
	at javax.swing.DefaultButtonModel.fireActionPerformed(Unknown Source)
	at javax.swing.DefaultButtonModel.setPressed(Unknown Source)
	at javax.swing.plaf.basic.BasicButtonListener.mouseReleased(Unknown Source)
	at java.awt.AWTEventMulticaster.mouseReleased(Unknown Source)
	at java.awt.Component.processMouseEvent(Unknown Source)
	at javax.swing.JComponent.processMouseEvent(Unknown Source)
	at java.awt.Component.processEvent(Unknown Source)
	at java.awt.Container.processEvent(Unknown Source)
	at java.awt.Component.dispatchEventImpl(Unknown Source)
	at java.awt.Container.dispatchEventImpl(Unknown Source)
	at java.awt.Component.dispatchEvent(Unknown Source)
	at java.awt.LightweightDispatcher.retargetMouseEvent(Unknown Source)
	at java.awt.LightweightDispatcher.processMouseEvent(Unknown Source)
	at java.awt.LightweightDispatcher.dispatchEvent(Unknown Source)
	at java.awt.Container.dispatchEventImpl(Unknown Source)
	at java.awt.Window.dispatchEventImpl(Unknown Source)
	at java.awt.Component.dispatchEvent(Unknown Source)
	at java.awt.EventQueue.dispatchEventImpl(Unknown Source)
	at java.awt.EventQueue.access$500(Unknown Source)
	at java.awt.EventQueue$3.run(Unknown Source)
	at java.awt.EventQueue$3.run(Unknown Source)
	at java.security.AccessController.doPrivileged(Native Method)
	at java.security.ProtectionDomain$JavaSecurityAccessImpl.doIntersectionPrivilege(Unknown Source)
	at java.security.ProtectionDomain$JavaSecurityAccessImpl.doIntersectionPrivilege(Unknown Source)
	at java.awt.EventQueue$4.run(Unknown Source)
	at java.awt.EventQueue$4.run(Unknown Source)
	at java.security.AccessController.doPrivileged(Native Method)
	at java.security.ProtectionDomain$JavaSecurityAccessImpl.doIntersectionPrivilege(Unknown Source)
	at java.awt.EventQueue.dispatchEvent(Unknown Source)
	at java.awt.EventDispatchThread.pumpOneEventForFilters(Unknown Source)
	at java.awt.EventDispatchThread.pumpEventsForFilter(Unknown Source)
	at java.awt.EventDispatchThread.pumpEventsForHierarchy(Unknown Source)
	at java.awt.EventDispatchThread.pumpEvents(Unknown Source)
	at java.awt.EventDispatchThread.pumpEvents(Unknown Source)
	at java.awt.EventDispatchThread.run(Unknown Source)
ERROR [AWT-EventQueue-0] 2017-12-06 11:20:32,782 repast.simphony.visualization.engine.DisplayComponentControllerAction - Error while creating displays
repast.simphony.visualization.engine.DisplayCreationException: Error while creating display.
	at repast.simphony.visualization.engine.DisplayCreatorOGL2D.createDisplay(DisplayCreatorOGL2D.java:102)
	at repast.simphony.visualization.engine.DisplayProducer.createDisplay(DisplayProducer.java:48)
	at repast.simphony.visualization.engine.DisplayComponentControllerAction.runInitialize(DisplayComponentControllerAction.java:104)
	at repast.simphony.engine.controller.DefaultController$2.visit(DefaultController.java:214)
	at repast.simphony.engine.controller.DefaultController$2.visit(DefaultController.java:1)
	at repast.simphony.util.collections.NaryTree.preOrderTraverals(NaryTree.java:292)
	at repast.simphony.util.collections.NaryTree.preOrderTraverals(NaryTree.java:295)
	at repast.simphony.util.collections.NaryTree.preOrderTraverals(NaryTree.java:295)
	at repast.simphony.util.collections.NaryTree.preOrderTraversal(NaryTree.java:288)
	at repast.simphony.engine.controller.DefaultController.runInitialize(DefaultController.java:212)
	at repast.simphony.engine.controller.DefaultController.runInitialize(DefaultController.java:383)
	at repast.simphony.ui.RSApplication.initSim(RSApplication.java:157)
	at repast.simphony.ui.RSApplication.start(RSApplication.java:189)
	at repast.simphony.ui.action.StartRun.actionPerformed(StartRun.java:17)
	at javax.swing.AbstractButton.fireActionPerformed(Unknown Source)
	at javax.swing.AbstractButton$Handler.actionPerformed(Unknown Source)
	at javax.swing.DefaultButtonModel.fireActionPerformed(Unknown Source)
	at javax.swing.DefaultButtonModel.setPressed(Unknown Source)
	at javax.swing.plaf.basic.BasicButtonListener.mouseReleased(Unknown Source)
	at java.awt.AWTEventMulticaster.mouseReleased(Unknown Source)
	at java.awt.Component.processMouseEvent(Unknown Source)
	at javax.swing.JComponent.processMouseEvent(Unknown Source)
	at java.awt.Component.processEvent(Unknown Source)
	at java.awt.Container.processEvent(Unknown Source)
	at java.awt.Component.dispatchEventImpl(Unknown Source)
	at java.awt.Container.dispatchEventImpl(Unknown Source)
	at java.awt.Component.dispatchEvent(Unknown Source)
	at java.awt.LightweightDispatcher.retargetMouseEvent(Unknown Source)
	at java.awt.LightweightDispatcher.processMouseEvent(Unknown Source)
	at java.awt.LightweightDispatcher.dispatchEvent(Unknown Source)
	at java.awt.Container.dispatchEventImpl(Unknown Source)
	at java.awt.Window.dispatchEventImpl(Unknown Source)
	at java.awt.Component.dispatchEvent(Unknown Source)
	at java.awt.EventQueue.dispatchEventImpl(Unknown Source)
	at java.awt.EventQueue.access$500(Unknown Source)
	at java.awt.EventQueue$3.run(Unknown Source)
	at java.awt.EventQueue$3.run(Unknown Source)
	at java.security.AccessController.doPrivileged(Native Method)
	at java.security.ProtectionDomain$JavaSecurityAccessImpl.doIntersectionPrivilege(Unknown Source)
	at java.security.ProtectionDomain$JavaSecurityAccessImpl.doIntersectionPrivilege(Unknown Source)
	at java.awt.EventQueue$4.run(Unknown Source)
	at java.awt.EventQueue$4.run(Unknown Source)
	at java.security.AccessController.doPrivileged(Native Method)
	at java.security.ProtectionDomain$JavaSecurityAccessImpl.doIntersectionPrivilege(Unknown Source)
	at java.awt.EventQueue.dispatchEvent(Unknown Source)
	at java.awt.EventDispatchThread.pumpOneEventForFilters(Unknown Source)
	at java.awt.EventDispatchThread.pumpEventsForFilter(Unknown Source)
	at java.awt.EventDispatchThread.pumpEventsForHierarchy(Unknown Source)
	at java.awt.EventDispatchThread.pumpEvents(Unknown Source)
	at java.awt.EventDispatchThread.pumpEvents(Unknown Source)
	at java.awt.EventDispatchThread.run(Unknown Source)
Caused by: java.lang.ClassNotFoundException: serviceConsumerProviderVis.ProviderGoodAgent
	at org.java.plugin.standard.StandardPluginClassLoader.loadClass(Unknown Source)
	at java.lang.ClassLoader.loadClass(Unknown Source)
	at java.lang.Class.forName0(Native Method)
	at java.lang.Class.forName(Unknown Source)
	at repast.simphony.visualization.engine.StyleRegistrar.registerStyles(StyleRegistrar.java:87)
	at repast.simphony.visualization.engine.StyleRegistrar.registerStyles(StyleRegistrar.java:34)
	at repast.simphony.visualization.engine.DisplayCreatorOGL2D.createDisplay(DisplayCreatorOGL2D.java:79)
	... 50 more
FATAL [Thread-7] 2017-12-06 11:20:32,817 repast.simphony.ui.GUIScheduleRunner - RunTimeException when running the schedule
Current tick (2.0)
java.lang.NullPointerException
	at serviceConsumerProviderVis.onto.Client$ClientBehaviour.action(Client.java:87)
	at sajas.core.behaviours.Behaviour.actionWrapper(Behaviour.java:341)
	at sajas.core.Agent.step(Agent.java:205)
	at sajas.sim.repasts.AgentAction.execute(AgentAction.java:69)
	at repast.simphony.engine.schedule.DefaultAction.execute(DefaultAction.java:38)
	at repast.simphony.engine.schedule.ScheduleGroup.executeList(ScheduleGroup.java:205)
	at repast.simphony.engine.schedule.ScheduleGroup.execute(ScheduleGroup.java:231)
	at repast.simphony.engine.schedule.Schedule.execute(Schedule.java:352)
	at repast.simphony.ui.GUIScheduleRunner$ScheduleLoopRunnable.run(GUIScheduleRunner.java:52)
	at java.lang.Thread.run(Unknown Source)
